```
# PocketMine-MP Error Dump Tue Feb 11 22:05:57 KRAT 2014
Error: array (
  'type' => 4096,
  'message' => 'Argument 1 passed to CNR::__construct() must be an instance of ServerAPI, array given, called in C:\\PocketMineCNR\\src\\API\\LevelAPI.php on line 92 and defined',
  'file' => 'C:\\PocketMineCNR\\plugins\\CNR.php',
  'line' => 15,
)

Code: 
[6] name=CNR_Mapping_Plugin
[7] description=Capture Nether Reactor Mapper plugin
[8] version=0.2.0
[9] class=CNR
[10] */
[11] class CNR implements Plugin{
[12] 	private $tempBundleA;
[13] 	private $api,$dir,$syncs=array(),$consoleIsAfk=false;
[14] 	public $playerWithWands=array(),$wands=array(267,0,276);
[15] 	public function __construct(ServerAPI $api,$server=false) {
[16] 		$this->api=$api;
[17] 	}
[18] 	public function __destruct(){
[19] 	}
[20] 	public function blockTouchMainHandler($data,$event){
[21] 		$this->tempBundleA=array($data,$event);
[22] 		$this->api->schedule(1,array($this,"blockTouchScheduled"),array(),false);
[23] 	}
[24] 	public function blockTouchScheduled(){
[25] 		$this->blockTouch($this->tempBundleA[0],$this->tempBundleA[1]);


PocketMine-MP version: Alpha_1.3.11 #619 [Protocol 14; API 11]
Git commit: 9e81aaa92257fd8c4b6f6d2af40ee76865266546
Source SHA1 sum: 1469ebea466997727204ad73ec78ab63e296c963
uname -a: Windows NT 15INCH-PC 6.1 build 7601 (Windows 7 Business Edition Service Pack 1) i586
PHP Version: 5.5.8
Zend version: 2.5.0
OS : WINNT, win
Debug Info: array (
  'tps' => 19.909300000000002,
  'memory_usage' => '26.33MB',
  'memory_peak_usage' => '27.15MB',
  'entities' => 402,
  'players' => 1,
  'events' => 13,
  'handlers' => 25,
  'actions' => 44,
  'garbage' => 0,
)


Parameters: array (
  'input' => 
  array (
  ),
  'commands' => 
  array (
    'enable-ansi' => true,
  ),
  'flags' => 
  array (
  ),
)


server.properties: array (
  'server-name' => 'CNR',
  'description' => 'CNR in mapping stage',
  'motd' => 'Welcome @player . Remember to do /sync on or /sync off before you do anything else',
  'server-ip' => '',
  'server-port' => 19135,
  'server-type' => 'normal',
  'memory-limit' => '128M',
  'last-update' => 1392105103,
  'white-list' => false,
  'announce-player-achievements' => false,
  'spawn-protection' => '0',
  'view-distance' => '16',
  'max-players' => 20,
  'allow-flight' => true,
  'spawn-animals' => true,
  'spawn-mobs' => true,
  'gamemode' => 3,
  'hardcore' => false,
  'pvp' => false,
  'difficulty' => 0,
  'generator-settings' => '',
  'level-name' => 'Buffer world',
  'level-seed' => '',
  'level-type' => 'DEFAULT',
  'enable-query' => true,
  'enable-rcon' => true,
  'rcon.password' => '******',
  'send-usage' => true,
  'auto-save' => true,
)


Loaded plugins:
CNR_Mapping_Plugin 0.2.0 by PEMapModder
CommandEcho 1.0.0 by ZacHack
InfoEssentials Gamma 3.14159265.271 by PEMapModder
PermissionPlus 1.0.9 by Omattyao
SimpleAuth 0.3.4 by shoghicp
SimpleWorlds 0.3 by PocketMine Team
WorldEditor 0.8 by shoghicp


Loaded Modules: array (
  0 => 'Core',
  1 => 'bcmath',
  2 => 'calendar',
  3 => 'ctype',
  4 => 'date',
  5 => 'ereg',
  6 => 'filter',
  7 => 'ftp',
  8 => 'hash',
  9 => 'iconv',
  10 => 'json',
  11 => 'mcrypt',
  12 => 'SPL',
  13 => 'odbc',
  14 => 'pcre',
  15 => 'Reflection',
  16 => 'session',
  17 => 'standard',
  18 => 'mysqlnd',
  19 => 'tokenizer',
  20 => 'zip',
  21 => 'zlib',
  22 => 'libxml',
  23 => 'dom',
  24 => 'PDO',
  25 => 'Phar',
  26 => 'SimpleXML',
  27 => 'wddx',
  28 => 'xml',
  29 => 'xmlreader',
  30 => 'xmlwriter',
  31 => 'curl',
  32 => 'sqlite3',
  33 => 'sockets',
  34 => 'shmop',
  35 => 'pthreads',
  36 => 'com_dotnet',
  37 => 'mhash',
)
Memory Usage Tracking: 
rc47DsMwDAPQCwWEZcmSjWzde//rNJ/GEYcsRccHioTEEPJ+LWWxUlYxWD+kY+xyyRptk5yXHVqn
qqEnOSzuy23FaFNJ/8nGL71Aerqg3xB4I1lWd9LVk11DSDXL6dI9K6gX+lU9VEmUzc1T8Zxx1Ej+
VGswmZIGTSuK+ckH


phpinfo(): 
1V1td+I4sv7uX+HTd+493buBYN5Curf3XEJIh10ILJD0zG7u8RG2DJ4Y22PZSehff6sk2ZaNgWRm
v+zMxMiqR++lqpJU8oSb0PWd4OMnbXY70x9oxNzA17/+Ve/UO/Wepi12LKZbjPju+nbwwvS7pW50
RneD29psoHfrhr5KXM/WL7oNQ/+Ygi70q4S5PmVMH9pujHkuaPTsWlSfEetJNz7pbqfX1a542msS
Uyzib8TX9Z7ebBhtKONzswv/aYNgG7oejRAwWTwMDCjmwWUJ8fTBn/+M4OYnrR9ZGzemVpxEPKfX
Hib0HXeNEZDFlvg2EixmRW4Y6+d+4AXrQLdSUP1XpusfajXqk5VHa8wnIdsEcY237gNSbJdxEvyE
7gcFa9NVsq6F0C4e++LGmyCJa1vGfvMKMaEdVMW6rRe6yqI4KrDcr4PPj+EmrDH76TGIiOXRR9dn
MfFjy3OpHxuNRyCdsQ2JqJ2nhpS9P5C0Zhjrk8mNcnLZEcHqVxiCGjbKdqOv9fo5xJyrCCvY1uwg
9mn8tVz61op2IUTHJHatQoeLqBrxibf7QZWOWgcfNGQrYI7+bITDm470GHhPH/kxjRxiUe3BjWJk
mGs3ggoG0U5fJGEYRDGmEVWzM34hnF1vgOf0j9ANddd3PwHXxhtewOdHyePaOCA2tfWKZAI3C6wn
Gk+gJoO7+ePK9bFTH2WO2sICZo83LtOhq3QniHRii5kC9USE7kBWDPP66Ac+BR6vpIckYtRWYDiP
ZW/g3DAMo8Xjhq8x9dPZzSnwr/ZPCr1VJB2iibkKCMg9A50tF2c4J0tFFLBl6DXOlxziB9pyE1Fi
6wvi0HinjgmvwsJdY6NvYWA9118jXbKGBEzoFsd0AhyyFoKikH6SeLG72oGMUUY9y2E0e+5WscP1
Eli/Ook2p2sX5CLwr47tXsRQ/S0fKxjeMz4yZ/raC1Znuk1icqZv4hjj8fHDhQfMgzAC6Vj/4bkA
CmEuqJmKDPUF5yAdKuIzrAQvIbYgfWKHFXhgPnjnKJBrMC3iuouB+p/OdDG9eMimWZjFEfRoPQpi
o5W9xQG0mUbKuxe8KO/4E5oxWbOzrJw/8SBLttSGNlNrk/hP0FZoXf1PGowv8HkYBesIarklT8C3
CaN64MAMoLoYZC6XcXjHxF8nMJD60F/D5Pks+ZC/6M9N0EuNM5h14S5y15tY/2h90o3Ly14N+Kwl
8lpC+Vy+u5Rpmqab/55/IKvCZNe0lbUFuaBpV4MJyge2z0WaEDnuM5cK48ACRn4gXsJfJwTHT7zL
vOoMEJzY4A9Nw3ffBv7QBjJUWQ5wlCkkKwCnkyrMdSk+4+f6HXDZH6o8lF4nHrCJaUNQqT4nJCBy
JbOaFmGUoZRIszX4Yx8Y70IK7HMsL+C8VcBoCWIFNjVDZCAuXPTntMZpmKNk9qYjBXYlEMY7gme1
afTmzhEdk0Se6QQh5VlM5VOhub7lJTZPPXUc+QP0F7JjZhiEiQdWkhmRF3hhsYlypYyN1iajoBAI
9BGoiDDho/k//FGigo4ukZmY0uU8ob9NAuLAt493FQeiyCMeM39142IrkQgC73Q2qwhUq0XCgwCb
OgTkuWltUPHxYpLYqfUwcL+8qfUyxNbdUhxlLjTpa3y+ibde4UWTM8C0PMKYULbVhUqck/gWzvyj
yNAjO5NGUSAk8WJ5Pb1fytBwPs8gYNaAVRIq0Ky/7MAyoyCIDxcTWBF1TGjIKcjRbMREN22vULqM
zdjMROUsFW8OwlqnnCEUw+FiOBbk8QlEyiFvyg6wIK4kriEsl45xqdFXNzYD34xh+APB4go/01do
FrRtExZbk1ouJlpjKAJFz8KPhvxqJqEH5l55dmxAA3mohUDobLdgGiPhL04AARbvPPr1gwVqKPqs
/9fNTa/RaHz4qwz85RxBf30nXClPMvnBDCBR4+oKMhCBU+VVw5Xy0rlzMDWvrQi8pbB9uFLYE929
BJF9JIOLC5kBBk6XVwVXysv5rTL99bWsrwicKq4armEPqnM95yIwb0HNIENTEPF2lUAoQ1iQRBat
zgcsK5iYK6nLVfo29FwLZofjJWxTzF8oH1CbYplT/1J/BN7/Ul7GnCtEDSZ0dYNygrklr6YndJ7R
aLbTX21LXK8OKx7z1dyAdBFWe1YdToU1kUVRxEXERLUF0lwat5VSgac5JmOwKvSVWglKcC4eFMMB
ieWJ3hRSRRC5OjV9ylDkQJOeKZ8P3bZ4Kpg055ohngrpmYgGGMAX6a+25asX03O3Qmsazd6EF9zp
TjQ0GMwV2ExSLlW2TChzc5U4Do1UidhISRtcO9HDOXBZj/Vk7g9OEVXoTTSQyZabWj6GGMC2BhrB
Q14Bc87a0CyV0f27/Ckj4tgTbWvIHy2z4sAwsfDxXGABId5N6ByPkidWRfuBuoJvvpT4L6K/JTBQ
JsgQ0eZvM/HUwPK0kVFMJxJmamVvZKh0OhxARS7xoOVmsY8uxFNjG6wkH0AwrEpVXEyWvE4e2o0b
6P3Ci8a2cWim5nizI54a+82rM1gjm9tgz1BkYCXGdBuaxxgFppL1VD1nEz9vD9TCWyES7Z2DmYmZ
YqYzJ+WBpmDeSUqPT9SJi6uTANd36wVOaokZBD85AKvhEzH76hjL90nUFw1moIvWDcuZY/htNlhk
Ae1FbO/UYfheTAtG8IVEfmr95P31uvWi0BJ9afrJdiUyk9NOpZZ7GtkW9DfuVpqJ71rpWKbczenS
Bltb+6Rttp1Rka/Y3jSpD9kes6E0C01j+aMX7Np8SQnLEnjez8dVi0MeP/JBSm/F1hfQLuqtRr2h
9cXaq6XdgLZKIliE99nOtzbXd7yff4GIAZjvsJjmc/4ukFtCIvxtsajd0XUQu3JbGPGj67ssiBs2
MvwUrdoy2RhECE3XFkiD1d2PNHy3HE/U8PcrmWoxuxt+m6akxWKcB8UeGoaX40VtMZ/JJLMoiANQ
9kysoa043fBx5B4PO9PXQbjBHROx74NPiHS3JBRPePFsfIF1XUs8ISqKGUQx3N9hPC+UAuIJ1Jh6
sLiHXyBpt1JiuK1etxZaNWDaVpNXX1mnTkH0QNS5UW/UDar9cwyraYVs1Jv1C+ylxeJWjYcYxjZN
SNauNzUNVgBUPM+5ZqtghQ9TjwX+B30J9B+BT3FDn6DSUrPF7Zn6pbaPwWbgTq1PPOADYdbGKQq3
EJlLzv8eEeYHO9CfT+9YeWOtU1PZhPWzG8sVdsuoX3S7F0qwhA38dQ7u1JutVksJCjBL/MiFxQRM
PFfoictGvdNrSWz2kqFhvfpGsNr+++VA/sAwBFto/nRy/vNkXNjakVG48Vvo80bLMJqXOMogkgqk
+mXd0G6XkKhi8/Nnvt9dSQj4YFXRFiCet6SKMqceeb37VkWC1Rxd8x1V+qoDh0Yk4jvAVwlaLDZy
I4/K8A7f5NS0Ed/fgHF2bSF/cN9f7IBKwZeX/pxp559G9mcwPwhdWU6r23V6DcOilNCu0SPUsdut
XsuhTrNNLxrGSv/pHbwm6qUuzGDAUVlH5KX4VoKCOS73XaolNc537QbMhaodug1hG/GsIt9CPHaG
2DzlZWztJvy14a+jsw0x8NEEwxx/Ol38afX4W8do6qBL6NYGgzQNdRsyhFgRaoFJ97JxIy8MAg8m
7ppGkOCsJYPdRha8bGZBALRzQDsHQNE+daJE/mAxa5R1BM3XVlO3Iit9rnTHfzbgDX/ADv81ICTW
NwS6TVRABHkFRJBXgAehxVmw080AvFpZsnaerJ0na+fJ2nmyTp6skyfr5Mk6ebKOrml8X17+VI2c
IOCKjeK+QqZhP8B84LQPEpLOj2dVsIOF/nbGFUcEYoGi2g2jxbTW63UuxTomf8sSCJn9njRyNfKm
FNqvDLfY8VnVQTz+uajNIJEQdPwX5aGSkPDOSAnyVNneF4kSIE/3CsL0spGRWX7kk81FccSS/lZV
WlBMMf+rAIXa4C5zP3TB5pCyHI/RLjQpRKFylotWhjjvgRGt4UTlsyVyf/VtQj0eE78EjgvygUNw
QnnBk3t5oYAumzrKpij0Eqa/kCeqr7zgBRPhgS0sgnQbhEeG53IC0Ljf9RpTkqGhGe4aNEBkNXU8
I4IWQToSWU6QRLpScVy/iGqvLN1yVroVRzq1VrqPL34AD/wTnay/g5flKRfx1kEEanbLjq4sJJrX
5ihQ2wo5O7ntg62kjNtQjpsglLTvcMv37O1U7UE2O1jC+XYWODD0KbWDhptRs+mzXuNHto1OowVB
ocQ6Rtuhq9ZFo0FIp2l3jJbRazqWbfUunKYFuq3RtY1OE5TYQJ42yuxZOg6aFURUl0ZvHss3Q5H5
JcUPYoWaHrGL3QY9Xfa1G5dd0LRkj9BqXnR7gqJsybaMTquLux+DwPNwbEEa8HN+FrsWy1YJOVHs
kpQwYI3jKW260Dkn6aE8cDJoPKZ05hnfKDBxBUzPSBJvTIExOd30CbIXLPgZw63HCoTlURJlAA3H
Ojvv5gXp+bAWa6lruFpjJpMbxA35DjxNoVBbxKH/CI1VVBpTwsnlhxmA9MO9M1j6HqLIzi4XaAZP
psi8kkoD5xgZj13kpt1JmONSzza3NCYnoREst49g8GyA8C1QFkKH02NYa0P8tdwIVWFqF5tW7hS0
39XQQwcI0DkHKEq/HEPkXXIMBb1xgFzuiAMwpQ8EAvBobGLmvyVgIwsB3ND8wDcP04C5bPqK2cie
WnGGK8YxPMMsJBQyADeqaSyjEr8iMmRmdWwlmu9bQ4yPew5eBSFkxVxkX0EKClNC7v5mE0mhBz7f
albJeBBpOjS2MGPcLoSs0dVIln4CFDIFkDWFI4QT1X42lahCPoWCCtlkid+Gznv3BF4Zn9PI9+Rq
JRELIgVHIKUVZ4NbRSn0BXtyw7AKnhJStBWEOzwPfAGDgJqMZIK0SAhphFtZOZFLB9l6Mw4Ck0E5
Xkr1fdy+Y4lloY9jIdIhrifdELNIl0+yfMbANBUEyYqVGQqL1cyzKMaHaDCA7cNlWQlCX+VRj+Wl
DhL58Y8SZ7ssLVpFgs5zbVhxmaAJ0p5Q6FnuTkSpFB6lMvYoWRoWb6urVSaAxjcp9nlgQSWSVCuq
0WRbireq4dYBOB5SVOHT+L0EvFlWVWQZWl3xA/WurvaBWh+o9KE6V1W5ssYUzG3fTsIy+EA0wA+g
S7HcLDHR6SITBn6SzqQK4so9nBBMwZ17JGN+5nKQCinFEeQh6pE6rY+RbWq5mRSqoDteQI6kDpKV
Rw+T5TZ4JXEHRumR3toez/YoAIlgyG7Dw72dnZtXd5oXrA4SqZ9sD2dMD/fWmgZgPIlNwkpAEG9o
oU9Wrk+i3UHmK5FL7FeiVjBgCbHHgiX6HhPu04/Wbn0cUMGKJcQeM5Zz2GPHMqDEkCVymSX3enB7
KvMTkErGLI/CHmuWO7LEnCVymT3L2dNjPVjFoiWIwqSu72arkcwGVQVoAYDWRZGMnp+/Ja7yxhPY
K5VM09rgq1iCeC5T0lgRepYUUtlREBYiIlR1wnNERLBNEtvBi6/EFFa+Ig46AI0aEy+aKAWqBpAK
e3JzM2ubn+9LUDaq+JYzioB6ZMdnEBjhatPKSyGMhPFANxU7SdmI5yfc4QpxqX2UraVFT0jnBeaR
Z6o2H2wYuaooxcqRLcWiqwE/bcocOhWiYgxlcTAANN7LBP0M0i1ihcC5Te0g0Pl+9RIcrAfh7Kca
1AdBqXGtBfbK0rTp9dWg6nCnLzbtZpmlihcznmRaSVRieDZefgb0nZ9qvn33Dysj3ZBz47hwgM4R
MAGtp6OIzMmUr1JSJ9IFv4ei50uXQkQxpZg21d46Ki58eRsuZd6TSODr1DskonES+TphusvK74U0
XuQp9CTU44Dv5+l8/I+QRC7cxysdxXufOzKJhU72kgOL3X4ADQsi7nc9mA/1j8A9Ht+vh85GxTSn
68QDFTN8TTc12acq5uOp0xNFZXe1V281+W5qzTBqrcY7+AtrVUfHGOFHk3tsCUdGJSigkG3Ciy1D
8xA08nrKH1XHARhtR+6z3OTXAYg3RfjzM796wi++PVeeyiNIH/68VE9JmvVGvSkouIFZPDSqG9ri
4Q7Gunxc2lq17G672aOtZpuQRqNtdC/bxKKXl5fNbtsgDafdo3ZP/4nnXOPuavxOC+79Y/UK5yTL
05B/jmanIOsfbphdo5G1TWkroDXLxPS2g/6RX2YDHRNSyztf/Wh+0qSnRNXliByOXuPozcWY90kT
Y6CLSkIBIRg95zAgphyQMz2I0FQDXrJwcymMYcbo16AsdvpiQxz3qS5ycMAa3ekoWd0fkBWAvoFy
wa3uK0rwZhvuUU6gBxKmXwU0WtMIUqLnMy728QYNZFI6JyxejkEngBo8LtE/Q/877sD88Gj9HWwP
9ZTOV6nNUO1EiDj0FQ98b1cQqpICVkpETX5YrVK1MOb3v5imHoI06u1OLbLQNcDxxOaGGj5wdMIZ
lnYt6hi2Q23rwukZHdu6XFnEoW3nwm43ja5hOdSyLQPP95ngEE1bSFapdF/Iblrh/pEuvSk5P4pb
eFw8F3CpM11UQIeb0MxI+MZjhG2ov9j263sOu2TV+Z0YcZug7BMoAWLs6GvoCqvE6DXkTwki5K9U
NDxKCebYIHhywUwKtkQcPRxwjyyg0Qcq44uKKgqU5zq05JlbQqQumdwT+bxMZShx6YEygPEj3PM7
egGlDPaovxYlluqztkzbBUkpTIGCR68CAZWntslotxvprwoD23dFVq7niuuP8k5UCsAZg+tShtqT
33whlhwm7hraKSJTb76KSqfekSCpFsPFYnRdeMlgYOgDF2NRYCmd7CqcE6qHcXZxlQeKsBMetRKZ
eaIqucorG/CT4aSHKb9YiJcp8YjOT4o3Ow5h5dx+ExZWPb/xEflv8TwI3Lq+mYGLY1iGKiNh8t6f
3pn3s/G0f23O5tNvc4g6QT6YNWg9x33lPkdFilkVl2fDcJ8QpxGr7hWg4ww+CcK1NyyYqpyUFVSM
t1pN5trqZUe22Qah/Kn0d1pwVffzZJwG0a2NVYnskhFDV6TdXV02Lo1GqwvmSqvVaHft1qVNOzY8
Llorq9kzunhcLv3Yqopn/DIEKCpxNZdVerQtZmP+qMohu5POxHV1WMUj4UyfwtowGsEfXs87AyOX
m47PNI9aUPqEWCUm9KYrceDEXxYJv4CvDfLrbH1+QStP0o8isiu9TnmqM/2K2DdSdAzA4Bm+otkC
L5wyofEmsEvxA9ALsCDP8xtIz3Hhh5fHZxfvlSiuPpTMhtswVuh4k57xr08U4grZfvOCVf428h3c
+aBqzDP6B/ajdYLWkVJYismxYy7oFcgYlaFCD9aupZD5rfJQHY67YE7RezyPgUGdOlcwyDZTUvLY
Oe5JqJEwiA6sXJWoGYmg0gpPlJJkPFIa1Cx+b3gUSvU4ZYCKActoBxPtd2pG4v6dFfHLiFI1uoiC
2QGKU2kyMPk1bk/ucNeA2mMwt3gkMgv6omcvKU/z11dq8y7ir7cUHa8hMHH9PExes7BIuoAakDXl
MbPIRXei3T8SmoiYPLSIoRt5aEm3oVr0vW/vDem9D1YYP83kJlxG0fBuB7BuCwTHP8YYqBIeKQkk
awImzLNqLF+gm5BEqH60rfoF/Gu8x6wUNanv3Ymsdo3CD4PYJMLb4jtQaq6Vlb44IP5wUbSQV2wy
EH4BI/16zO+6go4iL4rrxCpdLJfxKyws1zQyNr3pcvhas8DByoXGJn0mFXko90PSItEglzc8PNcH
09tHd0empE33dYRCUS+rtuS9Fu3oFSW8MR5RfnQd1dN72+QrrKOcMxAbMuTgrbmvLLLOuHsnD+Ep
91eHPFG0cHe/M5m4cwPzwz+8HNTi4In6uATStGUarFSYuPDRtO/X1z9XkUV8ujrL11VqDtzn8+ei
L7t0+MTYO2gPC0uf88gdQiF1c98RlF/i4e48POt55tmjlipGgAO+R+naKQP8cMGY+acbqpH5R1LK
y9Zeo+NYBhgqnW7jcmX32k53RS6MpuO0jN7FinStht1qrNAtHfMsbt4Y9YYGE+9HkdCoGw1sCn6I
QxM3QKoc94Wf5fcIr3NH4vMhyvdJPp+fa4UvjCCCf9rD9R30cJQf+gCexjetyreWXzaptzQht6so
b5/pvDDpSlza5FGvQ1Wj8qub2f1MFXnqoqT6FZ4JF8NgDIoA5zJNG/rPbhT4aG9o2oO8boZ5iMr3
x+P7xXC+ACv+ZjQept8KEt9GwTsxWn82u+4v+5JyDxONPYovbj2CNYeQx3kAgtZf44c+JtM7viDo
TzC7RTE/YUQ9osum/DYRwzSz++Vwftef8NKzj3khZTEbDoqfOXoUNlir+WhtbdAJVLuZmXdT83a6
WJqD2+GA3/i8m2q308mw8stHm2BLZQM46Ho+epBI/j7rL2/xtdBUbTwd9Mdv6ArOKID+Nr2Dbn0Y
znlWj3mr7u4nV8O5Ob3BhdMA1k3TOe+lpjZdKN81M++WWlqTitZ/yeOU4OMi7ZzvK7qtJoiIGX5B
Z7Ghnvf4DFP18cveIH1zY+zifcLEtaKABU6c6ceZ8FUiPgi0ZRB4T5CUVx53e/G6I4zkl/rw5+GX
+lV/+aU+mFx/qT9cLfABcX9b4B8Evi9u8HH7pT5ZDLSse8z+fHA7Wg4Hy/v5MP2aWk4dXQ/vlqOb
kehqoOk3wI3eTu/ijIC5ZXT0RUxDflSHnxX6Rv0EeAF1v6fkMx4+DLl/sZr5fPgwwsUuF15Ow9ZO
MTcCJjPe7J9mP33TZgsxG/c/2JVz8oExkfMZuvL+ajwaFLhuBkana2nKPK2YuXKhns6sQeCzwKPa
4pfFcjhR2V7EzKfTZembYhA7O8ntj2hpAnTOrzSCOom22vLN6VD6XE8n/dFdcfZjfFEm8KiinCpM
0YeF0WgAq90tp9NxteTJeVd+sm8RJ7Yb6KCVGlIsXTwiC0Ovfx/dXY/mpQ6Rt3G53zZevM/uSrX2
SF6wdvKvr109LK9cH5rMYvYot/DRSRZslkeLuRKMHwyQ3/dJLwZXCW1TiJZ/fShJ7w//V8EFOVhI
rwx0VJRnqfZlermUKqmuJs/Eu0iYD7EKQkmfZXxQ1mcpykJfJAWxnyFQlOc1PagBCng+J9JERRKK
M0EpMl0GUhXE8S4WKkJJmOkKWcBjRRdVqQ0Bb+agqYxSdEhGyxvwH6lOCu0AvSKa8vs0S55XpYoR
WaOSqQDm2iaDvUvfVGTJFY/IrbLIVAcJCNdCKurEvCxgQTMJFNdNOUVRUocn4Sk1lWfH9VVpEkiN
lYNyEXVcbClaTAKlHssRuULbn7y5biu3LMegmnvDnBUKS0k1n0gm4DovJ/ye3HI9eFBMpipRBRSp
ZT1QLaqKivKAOH+PqsxyFjrzcEdXqk8Bbx1GSeWYZfsOXZqzGz+4GN+ITHJ9UJvM6niGk/PLYD6a
Lc28n09jscvfhEfZZS7n/bvFuL8cXp/EX08H9xOQN2bOvjlxPvzH/RD033I0GZo342lfIozWZdNo
dGCI6+1O96I6QRmao/DLN4LK9yi1j5oO//yrcaCunGhwYvZVXeIzV/ukFfK0MmU1vHt4o+EikO+y
WniS32mypGkP2ysp4o3GCocftlQ4+a1mSgYuibks/qCBwhHvtk5kqmOmCYcctUs4osoo4YT/dIsk
a8QfNUdERqdskRLqDxsipfyKVkiJWGWCpJCT9kcKLBkfIvrfY3mIvI6ZHQJxyubgqMMGhyBXWRsK
pdrU4ID32RkyScnIELHvzueIeZHR922LjHTcsOCwf79VwbM9ZFJw4nF7ohLyB4wJvjAfuxb1GS1+
QxqCeIdJx5a9kIh+0XdBouMn1SNqu+iAsEJfazdG97nzIMIjM9fZaRCR4LEc/+40ji9LP0KtFIUe
siGyMd4pRY+8lP4tCpJQQ4c8+b1EDHBqVibuQ8s4bMZnXYcpMgSZru01IK9nls0mCKFaGxJjzV/Q
D35F0bfMSbwzDZD699HyFr8m27/7Rf/en4Nls/zliy7/TwI6faYiH36nDrKFromIH++gkdpkCGIO
8P2r0Xi0/EWHTrkZLe/Qz+RmOtf7+qw/X44G9+P+XJ/dz2fTxbCuaSOH96zt2vwzANIVXCc63p5U
+84TfYd+j/ilE4D4O41/ho87KpIVVjAHAmec6aFH8QNQVuDHxIrTLP4XP5Hv07iu/T8=


```
