```
# PocketMine-MP Error Dump Fri Dec 6 17:26:53 KRAT 2013
Error: array (
  'type' => 1,
  'message' => 'Call to undefined method PlayerAPI::isOp()',
  'file' => 'C:\\PocketMineCNR\\src\\API\\PluginAPI.php(87) : eval()\'d code',
  'line' => 38,
)

Code: 
[29] 
[30] 
[31] 
[32] 
[33] 
[34] 
[35] 
[36] 
[37] 
[38] 
[39] 
[40] 
[41] 
[42] 
[43] 
[44] 
[45] 
[46] 
[47] 
[48] 


PM Version: Alpha_1.3.10 #618 [Protocol 12]
Commit: 27af090b2a66fcef931ed9185abdd6a139686442
uname -a: Windows NT 15INCH-PC 6.1 build 7601 (Windows 7 Business Edition Service Pack 1) i586
PHP Version: 5.5.6
Zend version: 2.5.0
OS : WINNT, win
Debug Info: array (
  'tps' => 19.211200000000002,
  'memory_usage' => '11.55MB',
  'memory_peak_usage' => '11.82MB',
  'entities' => 7,
  'players' => 1,
  'events' => 13,
  'handlers' => 12,
  'actions' => 28,
  'garbage' => 0,
)


Parameters: array (
  'input' => 
  array (
  ),
  'commands' => 
  array (
    'enable-ansi' => true,
  ),
  'flags' => 
  array (
  ),
)


server.properties: array (
  'server-name' => 'Minecraft: PE Server',
  'description' => 'Server made using PocketMine-MP',
  'motd' => 'Welcome @player to this server!',
  'server-ip' => '',
  'server-port' => 19135,
  'server-type' => 'normal',
  'memory-limit' => '128M',
  'last-update' => 1386320915,
  'white-list' => false,
  'spawn-protection' => '16',
  'view-distance' => '10',
  'max-players' => 20,
  'allow-flight' => false,
  'spawn-animals' => false,
  'spawn-mobs' => false,
  'gamemode' => 3,
  'hardcore' => false,
  'pvp' => true,
  'difficulty' => 1,
  'generator-settings' => '',
  'level-name' => 'lobby',
  'level-seed' => '',
  'level-type' => 'DEFAULT',
  'enable-query' => true,
  'enable-rcon' => false,
  'rcon.password' => '******',
  'send-usage' => true,
  'auto-save' => true,
)


Loaded plugins:
CNR_Mapping_Plugin 0.0.0 by PEMapModder
PMFdecoder 1.0 by wies
Redstone Plus 1.0 by TEmeraldPE
SimpleWorlds 0.2 by shoghicp
WorldEditor 0.8 by shoghicp


Loaded Modules: array (
  0 => 'Core',
  1 => 'bcmath',
  2 => 'calendar',
  3 => 'ctype',
  4 => 'date',
  5 => 'ereg',
  6 => 'filter',
  7 => 'ftp',
  8 => 'hash',
  9 => 'iconv',
  10 => 'json',
  11 => 'mcrypt',
  12 => 'SPL',
  13 => 'odbc',
  14 => 'pcre',
  15 => 'Reflection',
  16 => 'session',
  17 => 'standard',
  18 => 'mysqlnd',
  19 => 'tokenizer',
  20 => 'zip',
  21 => 'zlib',
  22 => 'libxml',
  23 => 'dom',
  24 => 'PDO',
  25 => 'Phar',
  26 => 'SimpleXML',
  27 => 'wddx',
  28 => 'xml',
  29 => 'xmlreader',
  30 => 'xmlwriter',
  31 => 'curl',
  32 => 'sqlite3',
  33 => 'sockets',
  34 => 'shmop',
  35 => 'pthreads',
  36 => 'com_dotnet',
  37 => 'mhash',
  38 => 'xdebug',
)
Memory Usage Tracking: 
AwA=


phpinfo(): 
1V1tc+JIkv6uX6Hom73o3jWYd+Pu7Y3DGNvcGMMCdvfM+kIhpBJoLCSNXmzTv/4ys0pSSUhgz+yX
nYkWpcqn3rMys6qyZH/j267lffykzG5m6gMLQttz1a//ULv1br2nKItdGLEtRnyzXdN7CdW7pdrs
ju+GN7XZUO3Vm+oqth1TPes1murHBHSmXsSh7bIwVEemHWGeCxY82wZTZ7rxpDY/qXa331MuKO2l
HjEs4s57VpsttdVottVm83Pr/HO3pQy9rW87LEDAZPEwbEIxD3YY6446/NvfENz6pAwCY2NHzIji
gHJ6hbyHnmvZa4yALLa6ayLBCI3A9iP11PUcb+2pRgKq/xaq6odajbn6ymG10NX9cONFNWrdB6SY
dkgk+PHtDxLWZKt4XfOhXRT7YkcbL45q2zD83cnF+KZXFmu3X9gqjSKUZ9hfh58f/Y1fC82nRy/Q
DYc92m4Y6W5kODZzo2bjEUgn4UYPmJmlhpT9P5G01myujyZvFpOLjvBWv8EQ1LBRph18rddPIeZU
RhjetmZ6kcuir8XSt0aw8yE60iPbyHU4j6rpru7sfjCpo9beBwXZCphjMBvj8CYjfQu8p47diAWW
bjDlwQ4iZJhLO4AKesFOXcS+7wURpuFVM1N+0Yldr4Dn1I/QDXXbtT8B10YbKuDzo+Bx5dbTTWaq
Jck4buYZTyyaQE2Gd/PHle1ipz6KHJWFobtqtLFDFbpKtbxA1U0+U6CeiFAtyCrEvD66nsuAx0vp
vh6EzJRgOI9Fb+DcaDabbYobvUbMTWY3UeB/5VcGvZUnVdH4XAUE5J6CTpaLE5yThSJy2CL0EudL
BnE9ZbkJmG6qC91i0U4eE6rCwl5jo29gYB3bXSNdsIYATNgWx3QCHLLmgiKXfhI7kb3agYyRRj3N
YTx77pWxw+USWL88iTJnaxvkIvCviu1eRFD9LY0VDO8JjcyJuna81Ylq6pF+om6iCOPx8cOGB8wD
PwDpWP/h2ADyYS7ImfIM1QVxkAoVcUOsBJUQGZA+Nv0SPDAfvBMK5BpMi6huY6D+1xOVTy8KmSwN
h1EAPVoPvKjZTt8iD9rMAund8V6kd/zxtUhfhydpOX+lYBhvmQltZsYmdp+grdC6+l8VGF/gcz/w
1gHUcqs/Ad/GIVM9C2YAU/kgk1zG4b3V3XUMA6mO3DVMns+CD+lFfW6BXmqcwKzzd4G93kTqR+OT
2jw/79dIbRB2CeWTfLdZqKjwH4oL9TvJacyhVW8Xc2g1Gi3K4URd7dRLFtigpeYs2kDXK4qiav+e
/yCrnLxQlJWxBdGiKBfDCYqYcJ8RFS617GcSLLeeAXPhQXdiep3oyAL8XeRVDwFBxAY9FAXfXRNY
TBmKUGk5wJQaF84AnE7KMJeF+HRK1O+AUf9U5aH0uu4Ap2kmBKXqEyEGqS34XTP0kIUoaJJsm/TY
B0Y7nwEHHsoLmHflhawAMTyTaT7yIMkn9TmpcRImlMhes4TMLwXCeAfwLLeu3tw5vGPiwNEsz2eU
xVQ8JZrtGk5sUuqpZYkfoL/ou1DzPT92wNDSAv0FXsJIQ9FUxAZrLWSgU3ToI9Ayfkyj+d/0KFBB
zRfIIZcKxTyhvzUdJIprHu4qAqLU1J1Q+82O8q1EIsjM49msAtDOhu5XAkxm6aASNGODupOKiSOr
1sfA/fKq1k8RW3vLcJRJ7rLX6HQTbZ3ciyJmgGY4ehhyfV1eqMBZsWvgzD+I9B19p7Eg8LgwXywv
p/dLERrN5ykELCMwbHwJmvaX6Rla4HlRdTGeETBLg4YcgxzMhk90zXRypYvYlM001O9Cd2cgrHXC
GVy3VBdDWBDpRxAJh7wpO8CCuBK4duuse84NoG7zXGGvdqR5rhYBC3iczSWeZq/QNGjfxs+3KDGA
NDTqUAzy3oUfBXlWi30HrMbiDNmAGnJQFYHg2W7BwkbC3y0PAmG0c9jXDwZos+Cz+l9XV/1Go/Hh
HyLw91ME/eOdcKk8weiVGUCixsUFZMADx8orh0vlJfOnMjXVlgfeUtg+XCrsie1evMA8kMHZmcgA
A8fLK4NL5WU8V5r+8lLUlweOFVcOV7AH5fmecRFYyaBqkKkZiHmzTCgUIaEXBwYrzwcMNJicK6HP
ZfrWd2wDZoflxOEmnz9XQKA6+Wqp/qX+CLz/pbgaOpWICkzq8gZlBG2rv2oO13vNRquT/Cpb3Xbq
sHDSXrUNSBhu/KfVISosrQyGYi7QNVRdINGFjVwqGSjNITmDVWGvzIhRipN4kIwHJBYneqvBn0Qk
laq5LESxA016ZjQfeh3+lDBJzrUmf0qkZ503oAl8kfwqW1oEaY695Zqz2epPqOBub6Kg0aCtwG4S
cqm0ZVyha6vYsljCyaJdgrTBJRirzoHkPdYztH8QhVehP1FALht2Yv00+QB2FNAKDvIKmHTGhqWp
mr2fxU8REUUOb1tD/CipJQfGiYGP5xwLcBGvQec4TH8Ky2g/UF/wtUGe/wL2ewwDpYEM4W2+nvGn
AtaniYyiWQE3VUt7I0Ul06ECFdi6Ay3X8n10xp9KuMFK0gCCcVWo4mKypDo5aDtuoPdzL0q4jXwt
MclbXf5Uwt+deghLbW3r7RmLIViKEdv62iFGgalkPJXP2djN2gO1cFaIRJunMjM+U7Rk5iQ80OLM
O0no0ZE6kbg6CrBdu57jpDafQfCTAbAars5nXx1jabtFflFgBtpo4YQZc4yuZ8NFGlBe+C5RHYbv
RTNgBF/0wE0soKy/XrdO4Bu8LzU33q54ZmLaydRiTyPbgv7GTU8tdm0jGcuEu4ku7LC1sU/aprsi
JfnyXVKNuZDtITtKMdA8Fj9qzrbNlpWwNIHn/fy2bIFI8WMXpPSW76AB7azebtQbyoCvv9rKFWir
OIC1/CDcucbm8o76+ReIGIIJDwvqZ757LHaWePh6sajdsbUX2WJ3GfHjy7s0iPs+IvwUrDoi2S2I
EJasL5AGK7wfSfhueTuRw98uRKrF7G50PU1Ii8VtFuRbcRhe3i5qi/lMJJkFXuSBsg/5OtqIkn0j
S2wVhSfq2vM3uPHCt4/wCZH2Vvf5E14cE19gbdfmT4gKohCiQtwmCikvlAL8CdSIObDAh18gKTdC
Ytjtfq/mGzVg2naLqi+tVacgeiDqtFlv1JtM+fUWVtQSuVlv1c+wlxaLGzkeYsJw04JknXpLUWAV
wPjzlDRbCSt8mDqh535Ql0D/4bkMzwV0VFpytrhHU+8r+xhsBm74uroDfMDN2ihB4U5kaOunPwd6
6Ho70J9P71h9Y60TU1mDNbQdiVV2u1k/6/XOpGAB67nrDNytt9rtthTk4DB2AxsWEzDxbK4nzhv1
br8tsOlLioY16xvBcvvvl0PxA8PgbaH508np98ltbntHROH+ca7PG+1ms3WOowwiKUeqn9ebys0S
EpXsoX6nbfNSgkeDVUZbgHje6mWUOXP017vrMhKs6NiaNmbZqwocGugBbSRfxGixmMiNFJXiLdor
VZQx7XHAONsmlz94fMA3UoXgy0p/TrXzT2PzM5gfOlsZVrvXs/qNpsGYznrNvs4ss9Puty1mtTrs
rNFcqT+9g9d4veSFGQw4KutAf8m/FaBgjou9l3JJjfNduQJzoWyXbqOHG/4sI99APHYG34OlMrZm
C/514F9XDTd6Ex8tMMzxp9vDn3af3rrNlgq6hG1NMEiTUK8hQojloTaYdC8bO3B8z3Ng4q5ZAAlO
2iLYa6TB81YaBEAnA3QyABTtMiuIxQ8Ws0ZZp6P52m6pRmAkz5Vquc9NeMMfsMN/83Q9Ujc6dBuv
AA9SBXiQKkBBaHEa7PZSAFUrTdbJknWyZJ0sWSdL1s2SdbNk3SxZN0vWVRWFtvfFT9nIcQKu2Bju
K6Qa9gPMB6J9EJBkfjzLgh0s9LczLj9p4AsU2W4YL6a1fr97ztcx2VuagMvs96QRq5E3pVB+C3Gb
HZ9lHUTxz3ltBom4oKNflIdSQp06IyGIw2lzXyQKgDgkzAnT80ZKDrOTo3Qu8pOa5Les0pyi8flf
BsjVpgvqcuDbYHMIWY6ncWeKEKJQOcNGK4MfG8GI1nCi0mwJ7N9cU2cOxUQvnmWDfCAITijHe7LP
zyTQeUtF2RT4ThyqL/oTU1eO94KJ8NwXFkGqCcIjxZOcADTud71GTE/R0Ax7DRogMFoqHjVBiyCd
HhiWFweqVHFcv/BqrwzVsFaqEQUqM1aqiy+uBw/8xztZfQcvi8My3Vl7AajZbXhwZSHQVJuDQGXL
5ezkZgC2kjRuIzFunFDQvqMt7dubidqDbHawhHPNNFAx9Am1i4Zbs2ayZ7VGJ7+NbqMNQVJincZ5
u91rN6CPrW63aVq6oZ+Bru/roMJ0s2822mavBZL+J/LEwENLkX2YjINieAFThdGbxdJmKDK/oLhe
JFGTk3q+26Amyz6oTg80rb5HaLfOen1OkbZk281uu4e7H0PPcXBsQRqQu0AY2UaYrhIyIt8lKWDA
GsfD3mShc6onZ/vAyaDxQqkzT2ijQMMVMDvR42ijcYxGdM3Vkb1gwR+GuPVYgjAcpgcpQMGxTo/N
qSA1G9Z8LVUFV2uhFooN4oZ4B55mUKjJ49ANhUUyKokp4MTyQ/NA+uHeGSx9qyiis4sFat6TxjMv
pTLPOkTGoxexaXcUZtnMMbUti/Sj0ACW2wcweD6g0xZo6EOHs0NYY6O7a7ERKsPkLtaMzLdov6uh
hyoI0DkVFKlfDiGyLjmEgt6oIBc7ogIm9QFHAB6NTcz89xhsZC6AG4rruVo1DZjLZK+YjeipFTFc
Pi7Ec8xcQi4DcKOaRSIqdksi/VArjy1F0741xLi45+CUEPwwn4voK0jBYEqI3d90Ikl0z6WtZpmM
h5GaxSIDM8btQsgaPZZE6UdAfigB0qYQgvti7WdTisrlkysol02a+G3orHeP4KXxOY58T65GHIRe
IOF0SGlE6eCWUXJ9ET7Zvl8GTwgJ2vD8HZ4HvoBBwLRQTwVpnuCzALeyMiJJB9F6LfI8LYRynITq
urh9F8aGga6SuUhLtx3hzZhG2jTJshkD05QTBCuWZsgtVi3LIh/vo8EAtg/JsgKEvYqjHsNJnCSy
4x8pzrTDpGgZCTrPNmHFpYEmSHpCoqe5WwFjQngUytijpGnCaFterSIBNL7GsM89AyoRJ1pRjta3
hXijHG5UwPGQogyfxO8loGYZZZFFaHnFK+pdXu2KWldUuqrOZVUurTEDc9s1Y78IrogGeAW6EEtm
iYaOF6kwcONkJpUQV3Z1QjAFd/aBjOnMpZIKKfkRZBX1QJ3Wh8gmM+xUCpXQLcfTD6T24pXDqsli
G7yUuAOj9EBvbQ9nexCARDBkt351b6fn5uWd5nirSiJz4211xqy6t9bMA+OJbxKWArxow3J9srJd
PdhVMl+BXGC/ArWEAQuIPRYs0PeYcJ9+sHbrw4ASViwg9pixmMMeOxYBBYYskIssudeD22OZH4GU
MmZxFPZYs9iRBeYskIvsWcyeHerBMhYtQCQmtV07XY2kNqgsQHMAtC7yZPT+/D22pTdKYK5kMktq
g698CeLYoZTGCNCzJJfKDDw/FxGgquOeIzwi3MSR6b24Ukxu5cvjoAPQqNHwvopUoGwAybAnOzOz
ttn5vgClo4pvGaNwqKPvaAaBES43rbgUwkgYD3RTMeOEjSg/7hKXi0vso3QtzXtCOC+Ejv7M5OaD
DSNWFYVYMbKFWHQ1oNOm1KlTIkrGUBoHA8CivUzQzyDZIpYIxG1yB4HOd8uX4GA9cIc/2aCuBCXG
teKZK0NRppcXw7LDnQHftJullire73gSaQVRiqFsnOwM6Budar599w8rI1yRM+M4d4BOCJiAxtNB
ROpoSquUxJF0QddZ1GzpkovIp+TTptxbR8b5L2/DJcx7FAl8nXiHBCyKA1fVQ9UOi++5NE7gSPTY
VyOP9vNUGv8DJJ4L+Xglo3jvkiMTX+ikLxkw3+0VaFgQke/1cD5SPwL3OLRfD52NimnO1rEDKmb0
mmxqhp/KmI9SJyeK0u5qv96mq2qtWrNZazfewV9Yqzo6xnA/msxjizsySkEOhWxjKrYIzULQyMsp
PcqOAzDaDOxnscmvAhAvnNDzM91goftzz6Wn8ghSR9+X8ilJq96otzgFNzDzh0b1prJ4uIOxLh6X
tldts9dp9Vm71dH1RqPT7J13dIOdn5+3ep2m3rA6fWb21Z8o5xq5q9HVGNz7x+rlzkmWxyG/jmfH
IOsftp/exhG1TWgroLWKxOTGg/qR7sSBjvGZ4ZyufrQ+KcJTouyCRAZHz3H05gpD55PCx0DllYQC
fDB6TmFANDEgJ6oXoKkGvGTg5pIf0fUUUBY7dbHRLfupznOwwBrdqShZ7R+QFYCuQbngVvcF0/GC
HO5RTqAH4lC98FiwZgGkRO9nXOzjRRzIpHBOuHdDpl2Dxzn6Z6g/4w7MD4fV38H2UE/hfJXYDOVO
hIhDf3HPdXY5oSooYKUETKPDapmq+BFdIwsV+RCkUe90a4GBrgGWwzc35HDF0Qkx7KppnXX6HavV
aRt6c6WzVa/T7TVWnfaqed46Y2ets3PT6DfwfD/kHKIoC8Eqpe4L6YUt3D9ShTcl8SO/zEfiOYdL
nOmCHNrf+FpKwjeK4bah+mKar+857BJVp3sx/EZB0SdQAPjYsVff5lZJs98QPwUIl79C0VCUFMyw
nvdkg5nkbXV+9FDhHplDow9UyhclVeQox7ZYwTO3gEhcMskT+bRIDVHisooygPED3PM7eAmlCHaY
u+YlFuqzNjTTBknJTYGcR68EAZUnt6nZ6TSSXxkGtu9KX9mOzW9RintRCQBnDK5LQ9SedPtFN8Qw
kWtoN49MvPlKKp14R4KkWowWi/Fl7iWFgaEPXIxFgaV0tKtwTsgexun9VwrkYUc8agUy9USVchVX
NuAnxQkPU7qfiHcy8YjOjfM3O6qwYm6/CQurnt9pRP7Cn5XAre1qKTg/hkWoNBIa9f70Truf3U4H
l9psPr2eQ9QRcmXWoPUs+5V8jvIUrSwuyybEfUKcRmF5rwAdZ/BREK69YcFU5qQsoSK8HKuFtilf
eAw3W88XP6X+TgtSdd8nt0kQ3drCMpFdMGLYSu/0VueN82aj3QNzpd1udHpm+9xkXRMeZ+2V0eo3
ey3QCcKPraz4kC5DgKLiN3zDUo+2xeyWHmU5pFfbQ37rHVbxSDhRp7A2DMbwD6/onYCRS6bjM8ui
Fow9IVaK8Z3pih840csipnv8yjC70jagS1pZkkEQ6LvC65RSnagXunklRMcQDJ7RK5ot8EKUCYs2
nlmIH4JegAV5lt9QeI5zP7wsPr2/L0WR+pAyG239SKLjhfyQPmKRi8tle+14q+xt7Fq488HkmGf0
DxwE6xitI6mwBJNhb0nQS5BbVIYS3VvbhkSmy+m+PBx33pyh93gWA4M6tS5gkM1QSkmxc9yTkCNh
EC1YuUpRMz2ASks8UUiS8khhUNP4veGRKOXjlAJKBiylVSba79SURP6dJfHLgDE5Oo+C2QGKU2oy
MPklbk/ucNeAmbdgblEkMgv6oqcvCU/T6yszqYvo9Yah4zUEJrabhfXXNMyTLqAG+ppRzCyw0Z1o
98+YxTwmCy0i6EYKLdnWl4u+d829Ib13wQqj00wy4VKKgnc7gHXbIDj+eYuBMuGRkECyxmDCPMvG
8hm6CQmE7Efbrp/B/833mJW8JvW9O5HlrlH4fRFTD/DG+A6Umm2kpS8qxB8uihbiik0Kwg9pJB+h
+UPX0FHkBVFdNwqXy0X8CgvLNI2ITW66VF9t5jhYubBIY896SR7S/ZCkSDTIxQ0Px3bB9HbR3TGU
0ib7OlyhyJdV2+Jei3LwihLeGg8YHV0H9eTutv4V1lHWCYgNEbLw1tzXMDBOyL2TQnjK/dXSnxha
uLs/mIzfuYH54VYvB5XIe2IuLoEUZZkESxUmLnwU5dvl5fcyMo9PVmfZukrO4ZW2iZPfo56VrXpb
GV+O1J8ZN7fps0iK5KDoy3c8EltCuby49tUafasGcrpkF/E1frYkuRBCtkYC/kxuuN13uZDz2vP1
HDmqFe8ccbrh2BpdNpVYLiFxhzkNWNNeu6jzwoo8BFBc/MwbcwUMXb6UmbdAF5uDB8tJbj6WIUCO
ASdpfKTKKpJMlgOIeOvXh9Ppz+NRJT/K0NHdw5twV+Pb0eJNyOvR8k242XTxNuB89M/70Ruxi9H8
YTR/I5QWE2/BJp90qOpw8pqqJILRA8sQVyyx9oY9cTJNT4WKmdBtXNxW1vgVs2M1tk32xKfzIRRu
Qe9d4sWrDvwngSFP0jIJ+DY9DyrWEIQEVhLlICyl1npUMV8zHBnjR0ASkx8DgZCw1+LDSQfAwute
aPFHelSBkmUp7fisA1DI6LRf/4tfGpnkErCtFzENBVfZPlQelRyoJXr3AJD2dPi+VXrWh27DyW8h
waGuExBpQ8Fcrf3kt4gqXsjN387Ngw/dOc8js4OZ38VPAZAorXOxm4S/CSQ0yBm+tHF0V5UlxqSk
OwocSzhqxwGBTCB05TGZs/edGYGhEt7EhRyZTeG8CuFUfnYZVpIP8G8OkTAvRdb/YsjhJAFNaPEV
FhQGsEJyzEB8oaDVFz9V6OSQdl9i7CFhLGini98bVBS6lvI9f91O3EnB2Duoe+gXPlyW3VmB1K39
uyp0z5g8jinreep8nBlGW4cbiQT4FiTbuyngh+0ryq+2L0dmn4Mr7qybbWa0zla6xXSr3Widr1ar
dp+dmazTPrPOrZVurizrrNEGswfzzJ8vNesNBdYGP/KERr3ZwKbgJ8cUfkm17G4hvwryLUAZGvAP
pUlfYvt8eqrkvqWGCPqIGagXvIQhPmkGKgnflLLrP3QfFgxDvrQso7zdkqPCBFcWzqHkG9vlqEwx
pZ+QkJHHvuUgf29wQivFUFF4gLhMUUbusx14ZB4qyoO4EY958MoPbm/vwaJYzOZTtH+SryLyr8Dh
tV1lMJtdDpYDQbmHtUD4yI3ox4HvI+Rx7sFa0F3j98gm0zvasxxMUnMqy4/v8zwKm5peMM3sfjma
3w0mo8w+r82GSFnMRsP8Bx0f+TZRu/VobE0wLJhyNdPuptoNmFra8GY0pI9S3E2Vm+lkVPqNx423
ZaIBBLqcjx8Ekt5ng+UNiR25qcrtdDi4fUNXEKMA+np6lxlqj49Zq+7uJxejuTa9wr3dIRho0zn1
UkuZLqQvuGp3SyWpSUnrv2RxUvBxkXTOtxXblhN4xAy/FbjYMMd5fIap+vhlb5Cu7Qi7eJ8wsY3A
Cz0rSpfwM+5OraOFuPQ85wmSUuXxQBq/yAAj+aU++j76Ur8YLL/Uh5PLL/WHiwU+IO5/F/gPAt8W
V/i4+VKfLIZK2j3aYD68GS9Hw+X9fJR8Nzajwtrubjm+GvOuBpp6Bdzo7NQezgiYW82uuoiYT95E
+OnAa+bGwAu4PeFI+dyOHkZ0BUrOfD56GCcmdMNqmMox5kbAZEbN/mn207UyW/DZuP9p0oyTK8ZE
zGfoyvuL2/Ewx3WzeOXYhiLN05KZK8z/ZGYNQe16DlMWvyyWo4nM9jxmPp0uC19PhdjZUW5/xM0w
gM7pqwugToKtsnxzOpQ+l9PJYHyXn/0Yn5cJFJWXU7kp+m18dzmeF1ogvvBBZhKuA9L71+09Eth2
VvZh2IuH5YXtQh3DKHwUbgF48QZWr49GaAswfoRIfDcw+dhImZTVuCz414eCuP3wfyXDloG5uElB
B2VvmmpfCBdLKRPDcvJUHvOE2ZjIIBTNacaVwjlNUZTSPCnI6RSBsjeraaXIzuGJiZNEeRLKH07J
c0kKkiX64S7mMl1KmAp3UcBjSReVyXkOb2WgqYiShH5KyxrwHyn/c+0ARcCb8sdUQZZXqU7gWaNW
KAFm6iGFvUtBlGRJmoLnVlpkojQ4hNSGjDoyL3NYUCUcRcoko0hapXoSHtMrWXakYAqTQKiYDJSJ
qMNiS1I7AigUT4bINND+5M2UUbFlGQb10hvmLNcwUqr5RDABKamM8EdyyxRXpZhMdJgMyFOLeqBc
VHHNVt0dpUqOw9vVKKHC0mzfofEypiCXhdsrnkkmtWuTWR29N7JRHc7Hs6WW9cZxLHbMm/AoYbTl
fHC3uB0sR5dH8ZfT4f0EpIKWMVlGFFux2nI8GWlXt9OBQDTb/V671TzvN+r97nmrPEERmqHwm3ec
SqeTykf65PW/GhV1JWKTiOln+XVYpiuflFyeRqpSRncPbzQvOPJdtgUl+YOGRZK22qpIEG80KQhe
bU8Q+a3GRAouCKM0vtKMIMS7bQiR6pABQZCD1gMhykwHIvyn2w1pI/6s0cAzOmYxFFB/2lwo5Je3
FQrEMkMhgRy1EhJgwUTg0f8e+4Dndcg44IhjlgGhqs0CTi6zCSRKuUFAgPdZAyJJwRTgse/O54AR
kNL3LYCUdFj9E6xK9xPxsOIvhfwJrU/r3FvbYG7I8n8tAoJ4zVjF6f2iB+yLuvNiFf94SsBMG30E
V3gdyo7Qw/3UC9CrxbZ2CkTg0WFAf2ECByJM/tyEVBReYvGR3/CzD+g0n9CvAy/2FfSZFyfbGCBq
Wibuw4o4bMZnVQVeHoHwVfYakNUzzWbj+VCtjR5hzV/wqtqKofu3FTsnCiDVb+PlDX70fXD3i/pt
MAcTZPnLF1X8zSCVPTOeD117h2yhawLdjXbQSGUyAnkE+MHF+Ha8/EWFTrkaL+/QFfRqOlcH6mww
X46H97eDuTq7n8+mi1FdUcYW9axpm/SlHnFbS9VV/MCB3HcO7zu8moAfIwOIu1PoS7l0+qKvsIIZ
EDjjRPUdht9oNDw30o0oyeJ/8I/huCyqK/8P


```
