```
# PocketMine-MP Error Dump Wed Dec 4 19:54:23 KRAT 2013
Error: array (
  'type' => 1,
  'message' => 'Call to a member function sendChat() on a non-object',
  'file' => 'C:\\PocketMineCNR\\src\\API\\PluginAPI.php(87) : eval()\'d code',
  'line' => 40,
)

Code: 
[31] 
[32] 
[33] 
[34] 
[35] 
[36] 
[37] 
[38] 
[39] 
[40] 
[41] 
[42] 
[43] 
[44] 
[45] 
[46] 
[47] 
[48] 
[49] 
[50] 


PM Version: Alpha_1.3.10 #618 [Protocol 12]
Commit: 27af090b2a66fcef931ed9185abdd6a139686442
uname -a: Windows NT 15INCH-PC 6.1 build 7601 (Windows 7 Business Edition Service Pack 1) i586
PHP Version: 5.5.6
Zend version: 2.5.0
OS : WINNT, win
Debug Info: array (
  'tps' => 20.251999999999999,
  'memory_usage' => '23.91MB',
  'memory_peak_usage' => '24.49MB',
  'entities' => 104,
  'players' => 2,
  'events' => 24,
  'handlers' => 12,
  'actions' => 70,
  'garbage' => 0,
)


Parameters: array (
  'input' => 
  array (
  ),
  'commands' => 
  array (
    'enable-ansi' => true,
  ),
  'flags' => 
  array (
  ),
)


server.properties: array (
  'server-name' => 'Minecraft: PE Server',
  'description' => 'Server made using PocketMine-MP',
  'motd' => 'Welcome @player to this server!',
  'server-ip' => '',
  'server-port' => 19135,
  'server-type' => 'normal',
  'memory-limit' => '128M',
  'last-update' => 1386155193,
  'white-list' => false,
  'spawn-protection' => '16',
  'view-distance' => '10',
  'max-players' => 20,
  'allow-flight' => false,
  'spawn-animals' => false,
  'spawn-mobs' => false,
  'gamemode' => 3,
  'hardcore' => false,
  'pvp' => true,
  'difficulty' => 1,
  'generator-settings' => '',
  'level-name' => 'lobby',
  'level-seed' => '',
  'level-type' => 'DEFAULT',
  'enable-query' => true,
  'enable-rcon' => false,
  'rcon.password' => '******',
  'send-usage' => true,
  'auto-save' => true,
)


Loaded plugins:
CNR_Mapping_Plugin 0.0.0 by PEMapModder
PMFdecoder 1.0 by wies
Redstone Plus 1.0 by TEmeraldPE
SimpleWorlds 0.2 by shoghicp
WorldEditor 0.8 by shoghicp


Loaded Modules: array (
  0 => 'Core',
  1 => 'bcmath',
  2 => 'calendar',
  3 => 'ctype',
  4 => 'date',
  5 => 'ereg',
  6 => 'filter',
  7 => 'ftp',
  8 => 'hash',
  9 => 'iconv',
  10 => 'json',
  11 => 'mcrypt',
  12 => 'SPL',
  13 => 'odbc',
  14 => 'pcre',
  15 => 'Reflection',
  16 => 'session',
  17 => 'standard',
  18 => 'mysqlnd',
  19 => 'tokenizer',
  20 => 'zip',
  21 => 'zlib',
  22 => 'libxml',
  23 => 'dom',
  24 => 'PDO',
  25 => 'Phar',
  26 => 'SimpleXML',
  27 => 'wddx',
  28 => 'xml',
  29 => 'xmlreader',
  30 => 'xmlwriter',
  31 => 'curl',
  32 => 'sqlite3',
  33 => 'sockets',
  34 => 'shmop',
  35 => 'pthreads',
  36 => 'com_dotnet',
  37 => 'mhash',
  38 => 'xdebug',
)
Memory Usage Tracking: 
TchBCsAgDATAD4Ulu1pN8NZ7//8dLdTibRg6+nObmwYdyWVaeR1tu6LFdiKuzxJ0kIf/L4hcltHr
BA==


phpinfo(): 
1V1tc+JIkv6uX6Hom73o3jWYd+Pu7Y3DGNvcGMMCdvfM+kIhpBJoLCSNXmzTv/4ys0pSSUhgz+yX
nYkWpcqn3rMys6qyZH/j267lffykzG5m6gMLQttz1a//ULv1br2nKItdGLEtRnyzXdN7CdW7pdrs
ju+GN7XZUO3Vm+oqth1TPes1murHBHSmXsSh7bIwVEemHWGeCxY82wZTZ7rxpDY/qXa331MuKO2l
HjEs4s57VpsttdVottVm83Pr/HO3pQy9rW87LEDAZPEwbEIxD3YY6446/NvfENz6pAwCY2NHzIji
gHJ6hbyHnmvZa4yALLa6ayLBCI3A9iP11PUcb+2pRgKq/xaq6odajbn6ymG10NX9cONFNWrdB6SY
dkgk+PHtDxLWZKt4XfOhXRT7YkcbL45q2zD83cnF+KZXFmu3X9gqjSKUZ9hfh58f/Y1fC82nRy/Q
DYc92m4Y6W5kODZzo2bjEUgn4UYPmJmlhpT9P5G01myujyZvFpOLjvBWv8EQ1LBRph18rddPIeZU
RhjetmZ6kcuir8XSt0aw8yE60iPbyHU4j6rpru7sfjCpo9beBwXZCphjMBvj8CYjfQu8p47diAWW
bjDlwQ4iZJhLO4AKesFOXcS+7wURpuFVM1N+0Yldr4Dn1I/QDXXbtT8B10YbKuDzo+Bx5dbTTWaq
Jck4buYZTyyaQE2Gd/PHle1ipz6KHJWFobtqtLFDFbpKtbxA1U0+U6CeiFAtyCrEvD66nsuAx0vp
vh6EzJRgOI9Fb+DcaDabbYobvUbMTWY3UeB/5VcGvZUnVdH4XAUE5J6CTpaLE5yThSJy2CL0EudL
BnE9ZbkJmG6qC91i0U4eE6rCwl5jo29gYB3bXSNdsIYATNgWx3QCHLLmgiKXfhI7kb3agYyRRj3N
YTx77pWxw+USWL88iTJnaxvkIvCviu1eRFD9LY0VDO8JjcyJuna81Ylq6pF+om6iCOPx8cOGB8wD
PwDpWP/h2ADyYS7ImfIM1QVxkAoVcUOsBJUQGZA+Nv0SPDAfvBMK5BpMi6huY6D+1xOVTy8KmSwN
h1EAPVoPvKjZTt8iD9rMAund8V6kd/zxtUhfhydpOX+lYBhvmQltZsYmdp+grdC6+l8VGF/gcz/w
1gHUcqs/Ad/GIVM9C2YAU/kgk1zG4b3V3XUMA6mO3DVMns+CD+lFfW6BXmqcwKzzd4G93kTqR+OT
2jw/79dIbRB2CeWTfLdZqKjwH4oL9TvJacyhVW8Xc2g1Gi3K4URd7dRLFtigpeYs2kDXK4qiav+e
/yCrnLxQlJWxBdGiKBfDCYqYcJ8RFS617GcSLLeeAXPhQXdiep3oyAL8XeRVDwFBxAY9FAXfXRNY
TBmKUGk5wJQaF84AnE7KMJeF+HRK1O+AUf9U5aH0uu4Ap2kmBKXqEyEGqS34XTP0kIUoaJJsm/TY
B0Y7nwEHHsoLmHflhawAMTyTaT7yIMkn9TmpcRImlMhes4TMLwXCeAfwLLeu3tw5vGPiwNEsz2eU
xVQ8JZrtGk5sUuqpZYkfoL/ou1DzPT92wNDSAv0FXsJIQ9FUxAZrLWSgU3ToI9Ayfkyj+d/0KFBB
zRfIIZcKxTyhvzUdJIprHu4qAqLU1J1Q+82O8q1EIsjM49msAtDOhu5XAkxm6aASNGODupOKiSOr
1sfA/fKq1k8RW3vLcJRJ7rLX6HQTbZ3ciyJmgGY4ehhyfV1eqMBZsWvgzD+I9B19p7Eg8LgwXywv
p/dLERrN5ykELCMwbHwJmvaX6Rla4HlRdTGeETBLg4YcgxzMhk90zXRypYvYlM001O9Cd2cgrHXC
GVy3VBdDWBDpRxAJh7wpO8CCuBK4Bjd+us1zhb3akea5WgTD73EWl/iZvUKzoG0bP9+axPjR0KBD
Ech7Fn4U5Fct9h2wGIuzYwMqyEE1BEJnuwXrGgl/tzwIhNHOYV8/GKDJgs/qf11d9RuNxod/iMDf
TxH0j3fCpfIEk1dmAIkaFxeQAQ8cK68cLpWXzJ3K1FRbHnhLYftwqbAntnvxAvNABmdnIgMMHC+v
DC6Vl/FbafrLS1FfHjhWXDlcwR6U53rGRWAhg5pBhmYg4s0ygVCEhF4cGKw8HzDOYGKuhC6X6Vvf
sQ2YHZYTh5t8/lz5gNrkK6X6l/oj8P6X4kroVCIqMKHLG5QRtK3+qjlc5zUbrU7yq2x126nDokl7
1TYgXbjhn1aHqLCsMhiKuEDXUG2BNBf2calUoDSHZAxWhb0yI0YJTuJBMhyQWJzoLS5VOJHUqeay
EEUONOmZ0XzodfhTwiQ515r8KZGedd6AJvBF8qtsaQGkOfaWa81mqz+hgru9iYIGg7YCm0nIpdKW
cWWurWLLYoEsERsJaYPLL1adA8l6rGdo/yAKr0J/ooBMNuzE8mnyAewooBEc5BUw54wNS1M1ez+L
nyIiihzetob4UVIrDgwTAx/PORbg4l2DznGY/hSW0X6gruDrgjz/Bez3GAZKAxnC23w9408FLE8T
GUWzAm6mlvZGikqmQwUqsHUHWq7l++iMP5Vwg5WkAQTDqlDFxWRJdXLQbtxA7+delHAb+Vpijre6
/KmEvzv1EJbZ2tbbMxRDsBIjtvW1Q4wCU8l4Kp+zsZu1B2rhrBCJ9k5lZnymaMnMSXigxZl3ktCj
I3UicXUUYLt2PcdJbT6D4CcDYDVcnc++OsbSVov8osAMtNG6CTPmGF3Phos0oLzwHaI6DN+LZsAI
vuiBm1g/WX+9bp3AN3hfam68XfHMxLSTqcWeRrYF/Y0bnlrs2kYylgl3E13YYGtjn7RNd0RK8uU7
pBpzIdtDNpRioGksftScXZstKWFZAs/7+W3Z4pDixy5I6S3fPQPaWb3dqDeUAV97tZUr0FZxAOv4
Qbhzjc3lHfXzLxAxBPMdFtPPfOdY7Crx8PViUbtjay+yxc4y4seXd2kQ93xE+ClYdUSyWxAhLFlb
IA1Wdz+S8N3ydiKHv12IVIvZ3eh6mpAWi9ssyLfhMLy8XdQW85lIMgu8yANlH/I1tBEle0aW2CYK
T9S1529w04VvHeETIu2t7vMnvDgmvsC6rs2fEBVEIUSFuEUUUl4oBfgTqBFzYHEPv0BSboTEsNv9
Xs03asC07RZVX1qnTkH0QNRps96oN5ny6y2spiVys96qn2EvLRY3cjzEhOGmBck69ZaiwAqA8ecp
abYSVvgwdULP/aAugf7DcxmeCeiotORscX+m3lf2MdgM3Ox1dQf4gJu1UYLCXcjQ1k9/DvTQ9Xag
P5/esfLGWiemsgbrZzsSK+x2s37W651JwQLWc9cZuFtvtdttKcjBYewGNiwmYOLZXE+cN+rdfltg
05cUDevVN4Ll9t8vh+IHhsHbQvOnk9Pvk9vc1o6Iwr3jXJ832s1m6xxHGURSjlQ/rzeVmyUkKtk/
/U5b5qUEjwarjLYA8bzVyyhz5uivd9dlJFjNsTVtyrJXFTg00APaRL6I0WIxkRspKsVbtE+qKGPa
34Bxtk0uf/DogG+iCsGXlf6cauefxuZnMD90tjKsdq9n9RtNgzGd9Zp9nVlmp91vW8xqddhZo7lS
f3oHr/F6yQszGHBU1oH+kn8rQMEcF/su5ZIa57tyBeZC2Q7dRg83/FlGvoF47Ay+/0plbM0W/OvA
v64abvQmPlpgmONPt4c/7T69dZstFXQJ25pgkCahXkOEEMtDbTDpXjZ24Pie58DEXbMAEpy0RbDX
SIPnrTQIgE4G6GQAKNplVhCLHyxmjbJOR/O13VKNwEieK9Vyn5vwhj9gh//m6XqkbnToNl4BHqQK
8CBVgILQ4jTY7aUAqlaarJMl62TJOlmyTpasmyXrZsm6WbJulqyrKgpt7YufspHjBFyxMdxXSDXs
B5gPRPsgIMn8eJYFO1job2dcfsrAFyiy3TBeTGv9fvecr2OytzQBl9nvSSNWI29KofwW4hY7Pss6
iOKf89oMEnFBR78oD6WEOnVGQhAH0+a+SBQAcUCYE6bnjZQcZqdG6VzkpzTJb1mlOUXj878MkKtN
F9TlwLfB5hCyHE/izhQhRKFyho1WBj8yghGt4USl2RLYv7mmzhyKiV48ywb5QBCcUI73ZJ+fSaDz
loqyKfCdOFRf9CemrhzvBRPhmS8sglQThEeKJzkBaNzveo2YnqKhGfYaNEBgtFQ8ZoIWQTo9MCwv
DlSp4rh+4dVeGaphrVQjClRmrFQXX1wPHviPd7L6Dl4WB2W6s/YCULPb8ODKQqCpNgeBypbL2cnN
AGwladxGYtw4oaB9R1vaszcTtQfZ7GAJ55ppoGLoE2oXDbdmzWTPao1OfRvdRhuCpMQ6jfN2u9du
QB9b3W7TtHRDPwNd39dBhelm32y0zV4LJP1P5IWBB5Yi+zAZB8XwAqYKozeLpc1QZH5Bcb1Ioian
9Hy3QU2WfVCdHmhafY/Qbp31+pwibcm2m912D3c/hp7j4NiCNCBXgTCyjTBdJWREvktSwIA1jge9
yULnVE/O9YGTQeOFUmee0EaBhitgdqLH0UbjGI3omqsje8GCPwxx67EEYThMD1KAgmOdHplTQWo2
rPlaqgqu1kItFBvEDfEOPM2gUJPHoQsKi2RUElPAieWH5oH0w70zWPpWUURnFwvUvCeNZ15KZZ51
iIzHLmLT7ijMspljalsW6UehASy3D2DwbECnLdDQhw5nh7DGRnfXYiNUhsldrBmZX9F+V0MPVRCg
cyooUr8cQmRdcggFvVFBLnZEBUzqA44APBqbmPnvMdjIXAA3FNdztWoaMJfJXjEb0VMrYrh8XIhn
mLmEXAbgRjWLRFTslkT6oVYeW4qmfWuIcXHPwSkh+GE+F9FXkILBlBC7v+lEkuieS1vNMhkPIjWL
RQZmjNuFkDV6K4nSj4D8UAKkTSEE98Paz6YUlcsnV1AumzTx29BZ7x7BS+NzHPmeXI04CL1AwumQ
0ojSwS2j5PoifLJ9vwyeEBK04fk7PA98AYOAaaGeCtI8wWcBbmVlRJIOovVa5HlaCOU4CdV1cfsu
jA0D3SRzkZZuO8KTMY20aZJlMwamKScIVizNkFusWpZFPt5HgwFsH5JlBQh7FUc9hpM4SGTHP1Kc
aYdJ0TISdJ5twopLA02Q9IRET3O3AsaE8CiUsUdJ04TRtrxaRQJofI1hn3sGVCJOtKIcrW8L8UY5
3KiA4yFFGT6J30tAzTLKIovQ8opX1Lu82hW1rqh0VZ3LqlxaYwbmtmvGfhFcEQ3wCnQhlswSDZ0u
UmHgxslMKiGu7OqEYAru7AMZ05lLJRVS8iPIKuqBOq0PkU1m2KkUKqFbjqcfSO3FK4dVk8U2eClx
B0bpgd7aHs72IACJYMhu/ereTs/NyzvN8VaVRObG2+qMWXVvrZkHxhPfJCwFeNGG5fpkZbt6sKtk
vgK5wH4FagkDFhB7LFig7zHhPv1g7daHASWsWEDsMWMxhz12LAIKDFkgF1lyrwe3xzI/AillzOIo
7LFmsSMLzFkgF9mzmD071INlLFqASExqu3a6GkltUFmA5gBoXeTJ6Pn5e2xLb5TAXMlkltQGX/kS
xLFDKY0RoGdJLpUZeH4uIkBVxz1HeES4iSPTe3GlmNzKl8dBB6BRo+FdFalA2QCSYU92ZmZts/N9
AUpHFd8yRuFQR9/RDAIjXG5acSmEkTAe6KZixgkbUX7cHS4Xl9hH6Vqa94RwXggd/ZnJzQcbRqwq
CrFiZAux6GpAp02pQ6dElIyhNA4GgEV7maCfQbJFLBGI2+QOAp3vli/BwXrgzn6yQV0JSoxrxTNX
hqJMLy+GZYc7A75pN0stVbzb8STSCqIUQ9k42RnQNzrVfPvuH1ZGuCFnxnHuAJ0QMAGNp4OI1MmU
VimJE+mCrrKo2dIlF5FPyadNubeOjPNf3oZLmPcoEvg68Q4JWBQHrqqHqh0W33NpnMCR6LGvRh7t
56k0/gdIPBfy8UpG8d4lRya+0ElfMmC+2yvQsCAiv+vhfKR+BO5xaL8eOhsV05ytYwdUzOg12dQM
P5UxH6VOThSl3dV+vU3X1Fq1ZrPWbryDv7BWdXSM4X40mccWd2SUghwK2cZUbBGahaCRl1N6lB0H
YLQZ2M9ik18FIF42oednur1Cd+eeS0/lEaSOvi/lU5JWvVFvcQpuYOYPjepNZfFwB2NdPC5tr9pm
r9Pqs3aro+uNRqfZO+/oBjs/P2/1Ok29YXX6zOyrP1HONXJXo2sxuPeP1cudkyyPQ34dz45B1j9s
P72JI2qb0FZAaxWJyW0H9SPdhwMd4zPDOV39aH1ShKdE2eWIDI5e4+jNFYbOJ4WPgcorCQX4YPSc
woBoYkBOVC9AUw14ycDNJT+iqymgLHbqYqNb9lOd52CBNbpTUbLaPyArAF2DcsGt7gum4+U43KOc
QA/EoXrhsWDNAkiJns+42MdLOJBJ4Zxw73ZMuwaPc/TPUH/GHZgfDqu/g+2hnsL5KrEZyp0IEYe+
4p7r7HJCVVDASgmYRofVMlXxI7pCFiryIUij3unWAgNdAyyHb27I4YqjE2LYVdM66/Q7VqvTNvTm
SmerXqfba6w67VXzvHXGzlpn56bRb+D5fsg5RFEWglVK3RfSy1q4f6QKb0riR36Rj8RzDpc40wU5
tL/xtZSEbxTDbUP1xTRf33PYJapOd2L4bYKiT6AA8LFjr77NrZJmvyF+ChAuf4WioSgpmGE978kG
M8nb6vzoocI9ModGH6iUL0qqyFGObbGCZ24BkbhkkifyaZEaosRlFWUA4we453fwAkoR7DB3zUss
1GdtaKYNkpKbAjmPXgkCKk9uU7PTaSS/Mgxs35W+sh2b36AUd6ISAM4YXJeGqD3p5otuiGEi19Bu
Hpl485VUOvGOBEm1GC0W48vcSwoDQx+4GIsCS+loV+GckD2M07uvFMjDjnjUCmTqiSrlKq5swE+K
Ex6mdDcR72PiEZ0b5292VGHF3H4TFlY9v9OI/IU/K4Fb29VScH4Mi1BpJDTq/emddj+7nQ4utdl8
ej2HqCPkyqxB61n2K/kc5SlaWVyWTYj7hDiNwvJeATrO4KMgXHvDgqnMSVlCRXgxVgttU77sGG62
ni9+Sv2dFqTqvk9ukyC6tYVlIrtgxLCV3umtzhvnzUa7B+ZKu93o9Mz2ucm6JjzO2iuj1W/2WqAT
hB9bWfEhXYYARcVv94alHm2L2S09ynJIr7WH/MY7rOKRcKJOYW0YjOEfXs87ASOXTMdnlkUtGHtC
rBTjO9MVP3Cil0VMd/iVYXadbUAXtLIkgyDQd4XXKaU6US9080qIjiEYPKNXNFvghSgTFm08sxA/
BL0AC/Isv6HwHOd+eFl8endfiiL1IWU22vqRRMfL+CF9wCIXl8v22vFW2dvYtXDng8kxz+gfOAjW
MVpHUmEJJsPekqCXILeoDCW6t7YNiUwX0315OO68OUPv8SwGBnVqXcAgm6GUkmLnuCchR8IgWrBy
laJmegCVlniikCTlkcKgpvF7wyNRyscpBZQMWEqrTLTfqSmJ/DtL4pcBY3J0HgWzAxSn1GRg8kvc
ntzhrgEzb8HcokhkFvRFT18SnqbXV2ZSF9HrDUPHawhMbDcL669pmCddQA30NaOYWWCjO9HunzGL
eUwWWkTQjRRasq0vF33vmntDeu+CFUanmWTCpRQF73YA67ZBcPzzFgNlwiMhgWSNwYR5lo3lM3QT
EgjZj7ZdP4P/m+8xK3lN6nt3Istdo/DbIqYe4G3xHSg120hLX1SIP1wULcQVmxSEH9FIPkDzh66g
o8gLorpuFC6Wi/gVFpZpGhGb3HSpvtbMcbByYZHGnvWSPKT7IUmRaJCLGx6O7YLp7aK7YyilTfZ1
uEKRL6u2xb0W5eAVJbwxHjA6ug7qyb1t/Suso6wTEBsiZOGtua9hYJyQeyeF8JT7q6U/MbRwd38w
Gb9zA/PDrV4OKpH3xFxcAinKMgmWKkxc+CjKt8vL72VkHp+szrJ1lZzDK20TJ79HPStb9bYyvhyp
PzNubtMnkRTJQdGX73gktoRyeXHtqzX6Tg3kdMku4mv8ZElyIYRsjQT8mdxwu+9yIee15+s5clQr
3jnidMOxNbpsKrFcQuIOcxqwpr12UeeFFXkIoLj4mTfmChi6fCkzb4EuNgcPlpPcfCxDgBwDTtL4
SJVVJJksBxDx1q8Pp9Ofx6NKfpSho7uHN+GuxrejxZuQ16Plm3Cz6eJtwPnon/ejN2IXo/nDaP5G
KC0m3oJNPudQ1eHkNVVJBKMHliGuWGLtDXviZJqeChUzodu4uK2s8Stmx2psm+yJT+dDKNyC3rvE
i1cd+E8CQ56kZRLwbXoeVKwhCAmsJMpBWEqt9ahivmY4MsaPgCQmPwYCIWGvxUeTDoCF173Q4o/0
qAIly1La8VkHoJDRab/+F780MsklYFsvYhoKrrJ9qDwqOVBL9O4BIO3p8H2r9KwP3YaT30KCQ10n
INKGgrla+8lvEVW8kJu/nZsHH7pznkdmBzO/i58CIFFa52I3CX8TSGiQM3xp4+iuKkuMSUl3FDiW
cNSOAwKZQOjKYzJn7xszAkMlvIkLOTKbwnkVwqn87DKsJB/g3xwiYV6KrP/FkMNJAprQ4gssKAxg
heSYgfhCQasvfqrQySHtvsTYQ8JY0E4XvzeoKHQt5Xv+up24k4Kxd1D30C98tCy7swKpW/t3Veie
MXkcU9bz1Pk4M4y2DjcSCfAtSLZ3U8AP21eUX21fjsw+BVfcWTfbzGidrXSL6Va70TpfrVbtPjsz
Wad9Zp1bK91cWdZZow1mD+aZP19q1hsKrA1+5AmNerOBTcHPjSn8kmrZ3UJ+FeRbgDI04B9Jk77C
9vn0VMl9Rw0R9AEzUC94CUN8zgxUEr4pZdd/6D4sGIZ8aVlGebslR4UJriycQ8k3tstRmWJKPyEh
I499y0H+1uCEVoqhovAAcZmijNxnO/DIPFSUB3EjHvPglR/c3t6DRbGYzado/yRfRORfgMNru8pg
NrscLAeCcg9rgfCRG9GPA99HyOPcg7Wgu8ZvkU2md7RnOZik5lSWH9/neRQ2Nb1gmtn9cjS/G0xG
mX1emw2RspiNhvmPOT7ybaJ269HYmmBYMOVqpt1NtRswtbThzWhIH6W4myo308mo9PuOG2/LRAMI
dDkfPwgkvc8GyxsSO3JTldvpcHD7hq4gRgH09fQuM9QeH7NW3d1PLkZzbXqFe7tDMNCmc+qlljJd
SF9v1e6WSlKTktZ/yeKk4OMi6ZxvK7YtJ/CIGX4ncLFhjvP4DFP18cveIF3bEXbxPmFiG4EXelaU
LuFn3J1aRwtx6XnOEySlyuOBNH6RAUbyS330ffSlfjFYfqkPJ5df6g8XC3xA3P8u8B8Evi2u8HHz
pT5ZDJW0e7TBfHgzXo6Gy/v5KPlmbEaFtd3dcnw15l0NNPUKuNHZqT2cETC3ml11ETGfvInws4HX
zI2BF3B7wpHyuR09jOgKlJz5fPQwTkzohtUwlWPMjYDJjJr90+yna2W24LNx/7OkGSdXjImYz9CV
9xe342GO62bxyrENRZqnJTNXmP/JzBqC2vUcpix+WSxHE5ntecx8Ol0WvpwKsbOj3P6Im2EAndNX
F0CdBFtl+eZ0KH0up5PB+C4/+zE+LxMoKi+nclP02/jucjwvtEB84YPMJFwHpPev23sksO2s7KOw
Fw/LC9uFOoZR+CjcAvDiDaxeH43QFmD8CJH4ZmDysZEyKatxWfCvDwVx++H/SoYtA3Nxk4IOyt40
1b4QLpZSJobl5Kk85gmzMZFBKJrTjCuFc5qiKKV5UpDTKQJlb1bTSpGdwxMTJ4nyJJQ/nJLnkhQk
S/TDXcxlupQwFe6igMeSLiqT8xzeykBTESUJ/ZSWNeA/Uv7n2gGKgDflj6mCLK9SncCzRq1QAszU
Qwp7l4IoyZI0Bc+ttMhEaXAIqQ0ZdWRe5rCgSjiKlElGkbRK9SQ8pley7EjBFCaBUDEZKBNRh8WW
pHYEUCieDJFpoP3JmymjYssyDOqlN8xZrmGkVPOJYAJSUhnhj+SWKa5KMZnoMBmQpxb1QLmo4pqt
ujtKlRyHt6tRQoWl2b5D42VMQS4Lt1c8k0xq1yazOnpvZKM6nI9nSy3rjeNY7Jg34VHCaMv54G5x
O1iOLo/iL6fD+wlIBS1jsowotmK15Xgy0q5upwOBaLb7vWb3rNk/qzfO+/3yBEVohsJv3nEqnU4q
H+lz1/9qVNSViE0ipp/k12GZrnxScnkaqUoZ3T280bzgyHfZFpTkDxoWSdpqqyJBvNGkIHi1PUHk
txoTKbggjNL4SjOCEO+2IUSqQwYEQQ5aD4QoMx2I8J9uN6SN+LNGA8/omMVQQP1pc6GQX95WKBDL
DIUEctRKSIAFE4FH/3vsA57XIeOAI45ZBoSqNgs4ucwmkCjlBgEB3mcNiCQFU4DHvjufA0ZASt+3
AFLSYfVPsCrdT8TDir8U8ie0Pq1zb22DuSHL/6UICOI1YxWn94sesC/qzotV/MMpATNt9BFc4XUo
O0IP91MvQK8W29opEIFHhwH9dQkciDD5UxNSUXiJxUd+w88+oNN8Qr8OvNhX0GdenGxjgKhpmbgP
K+KwGZ9VFXh5BMJX2WtAVs80m43nQ7U2eoQ1f8GraiuG7t9W7JwogFS/jZc3+MH3wd0v6rfBHEyQ
5S9fVPH3glT2zHg+dO0dsoWuCXQ32kEjlckI5BHgBxfj2/HyFxU65Wq8vENX0KvpXB2os8F8OR7e
3w7m6ux+PpsuRnVFGVvUs6Zt0pd6xG0tVVfxAwdy3zm87/BqAn6MDCDuTqEv5dLpi77CCmZA4IwT
1XcYfqPR8NxIN6Iki//BP4Tjsqiu/D8=


```
