```
# PocketMine-MP Error Dump Thu Dec 12 22:28:17 KRAT 2013
Error: array (
  'type' => 1,
  'message' => 'Call to a member function getGamemode() on a non-object',
  'file' => 'C:\\PocketMineCNR\\src\\API\\PluginAPI.php(87) : eval()\'d code',
  'line' => 248,
)

Code: 
[239] 
[240] 
[241] 
[242] 
[243] 
[244] 
[245] 
[246] 
[247] 
[248] 
[249] 
[250] 
[251] 
[252] 
[253] 
[254] 
[255] 
[256] 
[257] 
[258] 


PM Version: Alpha_1.3.10 #618 [Protocol 12]
Commit: 4ef30c4f521e8ce84ffafd94c0a0d9ceb9a3b53d
uname -a: Windows NT 15INCH-PC 6.1 build 7601 (Windows 7 Business Edition Service Pack 1) i586
PHP Version: 5.5.6
Zend version: 2.5.0
OS : WINNT, win
Debug Info: array (
  'tps' => 19.939,
  'memory_usage' => '19.21MB',
  'memory_peak_usage' => '29.15MB',
  'entities' => 151,
  'players' => 1,
  'events' => 12,
  'handlers' => 18,
  'actions' => 39,
  'garbage' => 0,
)


Parameters: array (
  'input' => 
  array (
  ),
  'commands' => 
  array (
    'enable-ansi' => true,
  ),
  'flags' => 
  array (
  ),
)


server.properties: array (
  'server-name' => 'Minecraft: PE Server',
  'description' => 'Server made using PocketMine-MP',
  'motd' => 'Hello @player please read the instructions on',
  'server-ip' => '',
  'server-port' => 19135,
  'server-type' => 'normal',
  'memory-limit' => '128M',
  'last-update' => 1386855258,
  'white-list' => true,
  'spawn-protection' => '16',
  'view-distance' => '10',
  'max-players' => 20,
  'allow-flight' => false,
  'spawn-animals' => false,
  'spawn-mobs' => false,
  'gamemode' => 3,
  'hardcore' => false,
  'pvp' => false,
  'difficulty' => 1,
  'generator-settings' => '',
  'level-name' => 'Buffer world',
  'level-seed' => '',
  'level-type' => 'DEFAULT',
  'enable-query' => true,
  'enable-rcon' => false,
  'rcon.password' => '******',
  'send-usage' => true,
  'auto-save' => true,
)


Loaded plugins:
CNR_Mapping_Plugin 0.2.0 by PEMapModder
PermissionPlus 1.0.9 by Omattyao
PMFdecoder 1.0 by wies
SimpleAuth 0.3.4 by shoghicp
SimpleWorlds 0.3 by PocketMine Team
WorldEditor 0.8 by shoghicp


Loaded Modules: array (
  0 => 'Core',
  1 => 'bcmath',
  2 => 'calendar',
  3 => 'ctype',
  4 => 'date',
  5 => 'ereg',
  6 => 'filter',
  7 => 'ftp',
  8 => 'hash',
  9 => 'iconv',
  10 => 'json',
  11 => 'mcrypt',
  12 => 'SPL',
  13 => 'odbc',
  14 => 'pcre',
  15 => 'Reflection',
  16 => 'session',
  17 => 'standard',
  18 => 'mysqlnd',
  19 => 'tokenizer',
  20 => 'zip',
  21 => 'zlib',
  22 => 'libxml',
  23 => 'dom',
  24 => 'PDO',
  25 => 'Phar',
  26 => 'SimpleXML',
  27 => 'wddx',
  28 => 'xml',
  29 => 'xmlreader',
  30 => 'xmlwriter',
  31 => 'curl',
  32 => 'sqlite3',
  33 => 'sockets',
  34 => 'shmop',
  35 => 'pthreads',
  36 => 'com_dotnet',
  37 => 'mhash',
  38 => 'xdebug',
)
Memory Usage Tracking: 
dZFBbgUxCEMv9IWCQwij2XXf+1+nzCT6OIsun0hsYxRi+P35tI8OvbULNAlJ/VYTTKawoilecEkf
m/CQdabhTK9If/+hSXMmjS/lS6d/IT4PB4b22OnaIMmYtGYYB6WdFqmMKMIKthweUo7CfiFxUZZj
0FneJlMoy6P2hq0uNw2x6hlTUGap4scCb1/b3eSyfdZ2a6rUS3XplSUPGX6UMv5JnSoTXDvAWeCs
2Zyb8KiXTfyqjXYTuma9/PCoYBTlKedB33P9AQ==


phpinfo(): 
1V1td+I4sv7uX+HTd/ae7t1AeA/p3t5zCSEJd0JggaR7ZnOPj7Fl8MTYHr8koX/9rSrJtmxsSGb2
y86cNrLq0YulUlVJKin+xrddy/v4SZndzNQHFoS256pf/6F26916T1EWuzBiW4z4Zrum9xKqd0u1
2R3fDW9qs6HaqzfVVWw7pnrWazTVjwnoTL2IQ9tlYaiOTDvCPBcseLYNps5040ltflLtbr+nXFDa
Sz1iWMSd96w2W2qr0Wyrzebn1vnnbksZelvfdliAgMniYdiEYh7sMNYddfi3vyG49UkZBMbGjpgR
xQHl9Ap5Dz3XstcYAVlsdddEghEage1H6qnrOd7aU40EVP8tVNUPtRpz9ZXDaqGr++HGi2r0dR+Q
YtohkeDHtz9IWJOt4nXNh++i2Bc72nhxVNuG4e9OLsY3vbJYu/3CVmkUoTzD/jr8/Ohv/FpoPj16
gW447NF2w0h3I8OxmRs1G49AOgk3esDMLDWk7P+JpLVmc300ebOYXDSEt/oNuqCGH2Xawdd6/RRi
TmWE4W1rphe5LPpaLH1rBDsfoiM9so1cg/Oomu7qzu4Hkxpq7X1QkK2AOQazMXZv0tO3wHvq2I1Y
YOkGUx7sIEKGubQDqKAX7NRF7PteEGEaXjUz5Red2PUKeE79CM1Qt137E3BttKECPj8KHlduPd1k
plqSjONmnvHEognUZHg3f1zZLjbqo8hRWRi6q0YbO1ShqVTLC1Td5CMF6okI1YKsQszro+u5DHi8
lO7rQchMCYbjWLQGjo1ms9mmuNFrxNxkdBMF/ld+ZdBaeVIVjY9VQEDuKehkuTjBMVkoIoctQi9x
vGQQ11OWm4DpprrQLRbt5D6hKizsNX70DXSsY7trpAvWEIAJ22KfToBD1lxQ5NJPYieyVzuQMVKv
pzmMZ8+9Mna4XALrlydR5mxtg1wE/lXxuxcRVH9LfQXde0I9c6KuHW91opp6pJ+omyjCeHz8sOEB
48APQDrWfzg2gHwYC3KmPEN1QRykQkXcECtBJUQGpI9NvwQPzAfvhAK5BsMiqtsYqP/1ROXDi0Im
S8NhFECL1gMvarbTt8iDb2aB9O54L9I7/vhapK/Dk7Scv1IwjLfMhG9mxiZ2n+Bb4evqf1Wgf4HP
/cBbB1DLrf4EfBuHTPUsGAFM5Z1Mchm791Z31zF0pDpy1zB4Pgs+pBf1uQV6qXECo87fBfZ6E6kf
jU9q8/y8XyO1QdgllE/y3WahosJ/KC7U7ySnMYdWvV3ModVotCiHE3W1Uy9ZYIOWmrNoA02vKIqq
/Xv+g6xy8kJRVsYWRIuiXAwnKGLCfUZUuNSyn0mw3HoGjIUH3YnpdaIjC/B3kVc9BAQRG/RQFHx3
TWAxZShCpeUAU2pcOANwOinDXBbi0yFRvwNG/VOVh9LrugOcppkQlKpPhBiktuB3zdBDFqKgSbJt
0mMfGO18Bhx4KC9g3pUXsgLE8Eym+ciDJJ/U56TGSZhQInvNEjK/FAj9HcCz3Lp6c+PwhokDR7M8
n1EWU/GUaLZrOLFJqaeWJX6A/qLvQs33/NgBQ0sL9Bd4CSMNRVMRG6y1kIFO0aGNQMv4MfXmf9Oj
QAU1XyCHXCoU84T21nSQKK55uKkIiFJTd0LtNzvKfyUSQWYez2YVgHY2dL8SYDJLB5WgGRvUnVRM
HFm1Pgbul1e1forY2luGvUxyl71Gp5to6+ReFDECNMPRw5Dr6/JCBc6KXQNH/kGk7+g7jQWBx4X5
Ynk5vV+K0Gg+TyFgGYFh40vQtL1Mz9ACz4uqi/GMgFkafMgxyMFs+EDXTCdXuohN2UxD/S50dwbC
WiecwXVLdTGEBZF+BJFwyJuyAyyIK4FrcOOn2zxX2KsdaZ6rRdD9HmdxiZ/ZK3wWfNvGz39NYvxo
aNChCOQtCz8K8qsW+w5YjMXRsQEV5KAaAqGz3YJ1jYS/Wx4EwmjnsK8fDNBkwWf1v66u+o1G48M/
RODvpwj6xzvhUnmCySszgESNiwvIgAeOlVcOl8pLxk5laqotD7ylsH24VNgT2714gXkgg7MzkQEG
jpdXBpfKy/itNP3lpagvDxwrrhyuYAvKYz3jIrCQQc0gQzMQ8WaZQChCQi8ODFaeDxhnMDBXQpfL
9K3v2AaMDsuJw00+f658QG3ymVL9S/0ReP9LcSZ0KhEVGNDlH5QRtK3+qjlc5zUbrU7yq2x126nD
pEl71TYgXbjhn1aHqDCtMhiKuEDXUG2BNBf2calUoDSHZAxWhb0yI0YJTuJBMhyQWBzoLS5VOJHU
qeayEEUOfNIzo/HQ6/CnhElyrjX5UyI96/wDmsAXya+ypQmQ5thbrjWbrf6ECu72JgoaDNoKbCYh
l0q/jCtzbRVbFgtkidhISBucfrHqHEjWYz1D+wdReBX6EwVksmEnlk+Td2BHAY3gIK+AOWdsWJqq
2ftZ/BQRUeTwb2uIHyW14sAwMfDxnGMBLt41aByH6U9hGe0H6go+L8jzX8B+j6GjNJAh/JuvZ/yp
gOVpIqNoVsDN1NLWSFHJcKhABbbuwJdr+TY6408l3GAlqQPBsCpUcTFZUp0ctBs30Pq5FyXcRr6W
mOOtLn8q4e9OPYRptrb19gzFEKzEiG197RCjwFAynsrHbOxm3wO1cFaIRHunMjM+UrRk5CQ80OLM
O0no0ZE6kbg6CrBdu57jpDYfQfCTAbAars5HXx1jaalFflFgBNpo3YQZc4yuZ8NFGlBe+ApRHbrv
RTOgB1/0wE2sn6y9XrdO4Bu8LTU33q54ZmLYydRiSyPbgv7GBU8tdm0j6cuEu4kubLC1sU/apisi
JfnyFVKNuZDtIRtKMdA0Fj9qzq7NppQwLYHn/fy2bHJI8WMXpPSWr54B7azebtQbyoDPvdrKFWir
OIB5/CDcucbm8o7a+ReIGIL5DpPpZ75yLFaVePh6sajdsbUX2WJlGfHjy7s0iGs+IvwUrDoi2S2I
EJbMLZAGs7sfSfhueTuRw98uRKrF7G50PU1Ii8VtFuTLcBhe3i5qi/lMJJkFXuSBsg/5HNqIkjUj
SywThSfq2vM3uOjCl47wCZH2Vvf5E14cE19gXtfmT4gKohCiQlwiCikvlAL8CdSIOTC5h18gKTdC
Ytjtfq/mGzVg2naLqi/NU6cgeiDqtFlv1JtM+fUWZtMSuVlv1c+wlRaLGzkeYsJw04JknXpLUWAG
wPjzlDRbCSt8mDqh535Ql0D/4bkM9wR0VFpytrg+U+8r+xj8DFzsdXUH+ICbtVGCwlXI0NZPfw70
0PV2oD+f3jHzxlonprIG82c7EjPsdrN+1uudScEC1nPXGbhbb7XbbSnIwWHsBjZMJmDg2VxPnDfq
3X5bYNOXFA3z1TeC5e+/Xw7FD3SDt4XPn05Ov09uc0s7IgrXjnNt3mg3m61z7GUQSTlS/bzeVG6W
kKhk/fQ7LZmXEjzqrDLaAsTzVi+jzJmjv95dl5FgNsfWtCjLXlXg0EAPaBH5IkaLxURupKgUb9E6
qaKMaX0D+tk2ufzBrQO+iCoEX1b6c6qdfxqbn8H80NnKsNq9ntVvNA3GdNZr9nVmmZ12v20xq9Vh
Z43mSv3pHbzG6yVPzKDDUVkH+kv+rQAFc1ysu5RLahzvyhWYC2UrdBs93PBnGfkG4rEx+PorlbE1
W/CvA/+6arjRm/hogWGOP90e/rT79NZttlTQJWxrgkGahHoNEUIsD7XBpHvZ2IHje54DA3fNAkhw
0hbBXiMNnrfSIAA6GaCTAaBol1lBLH6wmDXKOh3N13ZLNQIjea5Uy31uwhv+gB3+m6frkbrRodl4
BXiQKsCDVAEKwhenwW4vBVC10mSdLFknS9bJknWyZN0sWTdL1s2SdbNkXVVRaGlf/JT1HCfgjI3h
ukKqYT/AeCDaBwFJxsezLNjBQn874/JdBj5Bke2G8WJa6/e753wek72lCbjMfk8aMRt5UwrltxCX
2PFZ1kAU/5zXZpCICzr6RXkoJdSpMRKC2Jg290WiAIgNwpwwPW+k5DDbNUrHIt+lSX7LKs0pGh//
ZYBcbbqgLge+DTaHkOW4E3emCCEKlTNstDL4lhH0aA0HKo2WwP7NNXXmUEz04lk2yAeC4IByvCf7
/EwCnbdUlE2B78Sh+qI/MXXleC+YCPd8YRKkmiA8UjzJCUDjetdrxPQUDZ9hr0EDBEZLxW0m+CJI
pweG5cWBKlUc5y+82itDNayVakSByoyV6uKL68ED//FGVt/By2KjTHfWXgBqdhsenFkINNXmIFDZ
cjk7uRmArST120j0GycUtO9oS2v2ZqL2IJsdTOFcMw1UdH1C7aLh1qyZ7Fmt0a5vo9toQ5CUWKdx
3m732g1oY6vbbZqWbuhnoOv7Oqgw3eybjbbZa4Gk/4m8MHDDUmQfJv2gGF7AVGH0ZrG0GIrMLyiu
F0nUZJeerzaoybQPqtMDTavvEdqts16fU6Ql2Xaz2+7h6sfQcxzsW5AG5CoQRrYRprOEjMhXSQoY
sMZxozeZ6Jzqyb4+cDJovFBqzBNaKNBwBsxO9DjaaByjEV1zdWQvmPCHIS49liAMh+lBClCwr9Mt
cypIzbo1X0tVwdlaqIVigbgh3oGnGRRq8jh0QWGRjEpiCjgx/dA8kH64dgZT3yqKaOxigZr3pPHM
S6nMsw6RcdtFLNodhVk2c0xtyyL9KDSA6fYBDO4N6LQEGvrQ4OwQ1tjo7loshMowuYk1I/Mr2m9q
aKEKAjROBUVql0OIrEkOoaA1KsjFhqiASW3AEYBHYxMz/z0GG5kL4Ibieq5WTQPmMtkrZiNaakUM
l48LcQ8zl5DLAFyoZpGIit2SSD/UymNL0bRuDTEurjk4JQQ/zOci2gpSMBgSYvU3HUgS3XNpqVkm
40akZrHIwIxxuRCyRm8lUfoRkB9KgPRTCMH9sPazKUXl8skVlMsmTfw2dNa6R/BS/xxHvidXIw5C
L5BwOqQ0orRzyyi5tgifbN8vgyeEBG14/g73A1/AIGBaqKeCNE/wWYBLWRmRpIP4ei3yPC2EcpyE
6rq4fBfGhoFukrlIS7cd4cmYRto0yLIRA8OUEwQrlmbILVYtyyIf76PBALYPybIChL2KrR7DSRwk
su0fKc60w6RoGQk6zzZhxqWBJkhaQqKnuVsBY0J4FMrYo6RpwmhbXq0iATS+xrDNPQMqESdaUY7W
t4V4oxxuVMBxk6IMn8TvJaDPMsoii9DyilfUu7zaFbWuqHRVncuqXFpjBua2a8Z+EVwRDfAKdCGW
zBINnS5SYeDGyUgqIa7s6oRgCu7sAxnTnkslFVLyLcgq6oE6rQ+RTWbYqRQqoVuOpx9I7cUrh1WT
xTJ4KXEHRumB1toezvYgAIlgyG796tZO983LG83xVpVE5sbb6oxZdWutmQfGE18kLAV40Ybl2mRl
u3qwq2S+ArnAfgVqCQMWEHssWKDvMeE+/WDt1ocBJaxYQOwxYzGHPXYsAgoMWSAXWXKvBbfHMj8C
KWXMYi/ssWaxIQvMWSAX2bOYPTvUgmUsWoBITGq7djobSW1QWYDmAGhd5Mno+fl7bEtvlMBcyWSW
1AZf+RTEsUMpjRGgZ0kulRl4fi4iQFXHPUd4RLiJI9N7caWY3MyXx0EDoFGj4VkVqUDZAJJhT3Zm
Zm2z/X0BSnsV3zJG4VBH39EIAiNc/rTiVAgjoT/QTcWMEzai/Lg7XC4usY/SuTRvCeG8EDr6M5M/
H2wYMasoxIqeLcSiqwHtNqUOnRJRMobSOOgAFu1lgn4GyRKxRCBukxsIdL5bPgUH64E7+8kGdSUo
Ma4Vz1wZijK9vBiWbe4M+KLdLLVU8WzHk0griFIMZeNke0DfaFfz7at/WBnhhpwZx7kNdELAADSe
DiJSJ1OapSROpAs6yqJmU5dcRD4lHzbl3joyzn95Gy5h3qNI4OvEOyRgURy4qh6qdlh8z6VxAkei
x74aebSep1L/HyDxXMjHK+nFe5ccmfhEJ33JgPlmr0DDhIj8rofzkfoRuMeh9XpobFRMc7aOHVAx
o9dkUTP8VMZ8lDrZUZRWV/v1Nh1Ta9WazVq78Q7+wlrV0TGG+9FkHlvckVEKcihkG1OxRWgWgo+8
nNKjbDsAo83AfhaL/CoA8bAJPT/T6RU6O/dcuiuPIHX0fSnvkrTqjXqLU3ABM79pVG8qi4c76Ovi
dml71TZ7nVaftVsdXW80Os3eeUc32Pn5eavXaeoNq9NnZl/9iXKukbsaHYvBtX+sXm6fZHkc8ut4
dgyy/mH76UkcUduEtgJaq0hMTjuoH+k8HOgYnxnO6epH65MiPCXKDkdkcPQaR2+uMHQ+KbwPVF5J
KMAHo+cUOkQTHXKiegGaasBLBi4u+REdTQFlsVMXG92yn+o8Bwus0Z2KktX+AVkB6BqUCy51XzAd
D8fhGuUEWiAO1QuPBWsWQEr0fMbJPh7CgUwK+4R7p2PaNXico3+G+jOuwPxwWP0dbA/1FM5Xic1Q
7kSIOPQV91xnlxOqggJWSsA02qyWqYof0RGyUJE3QRr1TrcWGOgaYDl8cUMOV2ydEMOumtZZp9+x
Wp22oTdXOlv1Ot1eY9Vpr5rnrTN21jo7N41+A/f3Q84hirIQrFLqvpAe1sL1I1V4UxI/8oN8JJ5z
uMSZLsih/Y2vpSR8oxhuG6ovpvn6ns0uUXU6E8NPExR9AgWA9x179W1ulTT7DfFTgHD5KxQNRUnB
DOt5TzaYSd5W51sPFe6ROTT6QKV8UVJFjnJsixU8cwuIxCWTPJFPi9QQJS6rKAMYP8A1v4MHUIpg
h7lrXmKhPmtDM22QlNwUyHn0ShBQefI3NTudRvIrw8D2Xekr27H5CUpxJioB4IjBeWmI2pNOvuiG
6CZyDe3mkYk3X0mlE+9IkFSL0WIxvsy9pDAw9IGLsSiwlI42FY4J2cM4PftKgTzsiEetQKaeqFKu
4sgG/KQ44WFKZxPxPCZu0blx/mRHFVaM7TdhYdbzO/XIX/izEri1XS0F5/uwCJV6QqPWn95p97Pb
6eBSm82n13OIOkKuzBq0nmW/ks9RnqKVxWXZhLhOiMMoLG8VoOMIPgrCuTdMmMqclCVUhAdjtdA2
5cOO4Wbr+eKn1N9pQaru++Q2CaJbW1gmsgtGDFvpnd7qvHHebLR7YK60241Oz2yfm6xrwuOsvTJa
/WavBTpB+LGVFR/SYQhQVPx0b1jq0baY3dKjLIf0WHvIT7zDLB4JJ+oU5obBGP7h8bwTMHLJdHxm
WdSCsSfESjG+M13xDSd6WcR0hl8ZZsfZBnRAK0syCAJ9V3idUqoT9UI3r4ToGILBM3pFswVeiDJh
0cYzC/FD0AswIc/yGwrPce6Hl8WnZ/elKFIfUmajrR9JdDyMH9IFFrm4XLbXjrfK3sauhSsfTI55
Rv/AQbCO0TqSCkswGfaWBL0EuUVlKNG9tW1IZDqY7svdcefNGXqPZzHQqVPrAjrZDKWUFDvHNQk5
EjrRgpmrFDXTA6i0xBOFJCmPFDo1jd/rHolS3k8poKTDUlplov1GTUnk31kSvwwYk6PzKBgdoDil
TwYmv8TlyR2uGjDzFswtikRmQV/09CXhaXp9ZSY1Eb3eMHS8hsDEdrOw/pqGedIF1EBfM4qZBTa6
E+3+GbOYx2ShRQTNSKEl2/py0feuudel9y5YYbSbSSZcSlHwbAewbhsExz9vMVAmPBISSNYYTJhn
2Vg+QzchgZD9aNv1M/i/+R6zktekvncmstw1Cu8WMfUAT4vvQKnZRlr6okL84aRoIY7YpCC8RCO5
gOYPHUFHkRdEdd0oHCwX8SssLNM0IjY56VJ9rJnjYObCIo096yV5SOdDkiLRIBcnPBzbBdPbRXfH
UEqbrOtwhSIfVm2Lcy3KwSNKeGI8YLR1HdSTc9v6V5hHWScgNkTIwlNzX8PAOCH3TgrhLvdXS39i
aOHu/mAyfuYGxodbPR1UIu+JuTgFUpRlEixVmDjxUZRvl5ffy8g8PpmdZfMqOYdXWiZOfo96Vrbq
bWV8OVJ/ZtzcpiuRFMlB0ZfPeCS2hHJ5ce2rNbqnBnK6ZBfxNV5ZkhwIIVsjAX8mN9zuu1zIee35
fI4c1YpnjjjdcGyNDptKLJeQuMOcBqxpr13UeWFFHgIoDn7mjbkChg5fysxboIvFwYPlJCcfyxAg
x4CTNN5TZRVJBssBRLz168Pp9OfxqJIfZejo7uFNuKvx7WjxJuT1aPkm3Gy6eBtwPvrn/eiN2MVo
/jCavxFKk4m3YJPrHKoanLymKolg9MA0xBVTrL1uT5xM012hYiZ0GheXlTV+xOxYjW2TPfHhfAiF
S9B7h3jxqAP/SWDIkzRNAr5N94OKNQQhgZVEOQhTqbUeVYzXDEfG+BGQxOTHQCAk7LW4NOkAWHjd
Cy3+SI8qUDItpRWfdQAKGZ3263/xSyOTXAK29SKmoeAqW4fKo5INtUTvHgDSmg5ft0r3+tBtOPkt
JDjUdAIiLSiYq7Wf/BZRxQO5+dO5efChM+d5ZLYx87v4KQASpXUuVpPwN4GEBjnDl34cnVVliTEp
6Y4CxxKOvuOAQCYQuvKYzNm7Y0ZgqIQ3cSFHZkM4r0I4le9dhpXkA/ybQyTMS5H1vxhyOElAA1rc
wILCAGZIjhmIGwpaffFThU42afclxh4S+oJWuvi5QUWhYynf88ftxJkUjL2Duod+4dKy7MwKpG7t
n1Whc8bkcUxZz1Pn48ww2jrcSCTAtyBZ3k0BP2xfUX61fTkyuwquuLJutpnROlvpFtOtdqN1vlqt
2n12ZrJO+8w6t1a6ubKss0YbzB7MM7+/1Kw3FJgb/MgTGvVmAz8FrxtT+CHVsrOF/CjItwBlaMAv
SZNuYft8eqrk7lFDBF1gBuoFD2GI68xAJeGbUnb8h87DgmHIp5ZllLdbclSY4MrCPpR8YrsclSmm
9AoJGXnsLgf5rsEJzRRDReEB4jJFGbnPduCReagoD+JEPObBKz+4vb0Hi2Ixm0/R/kluROQ3wOGx
XWUwm10OlgNBuYe5QPjIjejHge8j5HHuwVzQXeNdZJPpHa1ZDiapOZXlx9d5HoVNTS+YZna/HM3v
BpNRZp/XZkOkLGajYf4yx0e+TNRuPRpbEwwLplzNtLupdgOmlja8GQ3pUoq7qXIznYxK73fceFsm
PoBAl/Pxg0DS+2ywvCGxI3+qcjsdDm7f0BTEKIC+nt5lhtrjY/ZVd/eTi9Fcm17h2u4QDLTpnFqp
pUwX0u2t2t1SSWpS8vVfsjgp+LhIGufbim3LCTxihvcELjbMcR6fYag+ftnrpGs7wibeJ0xsI/BC
z4rSKfyMu1PraCEuPc95gqRUedyQxhsZoCe/1EffR1/qF4Pll/pwcvml/nCxwAfE/e8C/0Hg2+IK
Hzdf6pPFUEmbRxvMhzfj5Wi4vJ+PkjtjMyrM7e6W46sxb2qgqVfAjc5O7eGIgLHV7KqLiPnkTYTX
Bl4zNwZewOUJR8rndvQwoiNQcubz0cM4MaEbVsNUjjE3AiYz+uyfZj9dK7MFH43715JmnFzRJ2I8
Q1PeX9yOhzmum8UrxzYUaZyWjFxh/icjawhq13OYsvhlsRxNZLbnMfPpdFm4ORViZ0e5/REXwwA6
p1sXQJ0EW2X55nQofS6nk8H4Lj/6MT4vEygqL6dyQ/Tb+O5yPC98gbjhg8wknAek56/beySw7azs
UtiLh+WF7UIdwyh8FG4BePAGZq+PRmgLMF5CJO4MTC4bKZOyGpcF//pQELcf/q+k2zIwFzcp6KDs
TVPtC+FiKWViWE6eymOeMOsTGYSiOc24UjinKYpSmicFOZ0iUPZmNa0U2Tk8MXGSKE9C+cMpeS5J
QbJEP9zEXKZLCVPhLgp4LGmiMjnP4a0MNBVRktBPadkH/EfK/9x3gCLgn/LHVEGWV6lO4FmjVigB
Zuohhb1LQZRkSZqC51ZaZKI0OITUhow6Mi5zWFAlHEXKJKNIWqV6EB7TK1l2pGAKg0ComAyUiajD
YktSOwIoFE+GyDTQ/uDNlFHxyzIM6qU3jFmuYaRU84lgAlJSGeGP5JYprkoxmegwGZCnFvVAuaji
mq26OUqVHIe3q1FChaXZvkPjZUxBLgu3VzyTTGrXJrM6em9kvTqcj2dLLWuN41hsmDfhUcJoy/ng
bnE7WI4uj+Ivp8P7CUgFLWOyjCiWYrXleDLSrm6nA4Fotvu9frfb6uK9V+2z8gRFaIbCO+84lXYn
lY903fW/GhV1JWKTiOmV/DpM05VPSi5PI1Upo7uHN5oXHPku24KS/EHDIklbbVUkiDeaFASvtieI
/FZjIgUXhFEaX2lGEOLdNoRIdciAIMhB64EQZaYDEf7T7Yb0I/6s0cAzOmYxFFB/2lwo5Je3FQrE
MkMhgRy1EhJgwUTg0f8e+4Dndcg44IhjlgGhqs0CTi6zCSRKuUFAgPdZAyJJwRTgse/O54ARkNL3
LYCUdFj9E6xK9xPxsOIvhfwJrU/z3FvbYG7I8n8pAoJ4zFjF4f2iB+yLuvNiFf9wSsBMG30EV3gc
yo7Qw/3UC9CrxbZ2CkTg1mFAf10COyJM/tSEVBQeYvGR3/DaB3SaT+jXgRf7CvrMi51tDBA1LRPX
YUUcfsZnVQVeHoHwVfY+IKtnms3G86FaGz3Cmr/gUbUVQ/dvK3ZOFECq38bLG7zwfXD3i/ptMAcT
ZPnLF1X8vSCVPTOeDx17h2yhaQLdjXbwkcpkBPII8IOL8e14+YsKjXI1Xt6hK+jVdK4O1NlgvhwP
728Hc3V2P59NF6O6oowtalnTNummHnFaS9VVvOBAbjuHtx0eTcDLyADi7hS6KZd2X/QVVjADAmec
qL7D8I5Gw3Mj3YiSLP4H/xCOy6K68v8=


```
