```
# PocketMine-MP Error Dump Fri Dec 6 17:35:07 KRAT 2013
Error: array (
  'type' => 1,
  'message' => 'Call to a member function dhandle() on a non-object',
  'file' => 'C:\\PocketMineCNR\\src\\API\\BanAPI.php',
  'line' => 61,
)

Code: 
[52] 		$this->server->addHandler("player.flying", array($this, "permissionsCheck"), 1);//Flying Event
[53] 	}
[54] 	
[55] 	public function cmdWhitelist($cmd){//Whitelists a CMD so everyone can issue it - Even non OPs.
[56] 		$this->cmdWhitelist[strtolower(trim($cmd))] = true;
[57] 	}
[58] 	
[59] 	public function isOp($username){//Is a player op?
[60] 		$username = strtolower($username);
[61] 		if($this->server->api->dhandle("op.check", $username) === true){
[62] 			return true;
[63] 		}elseif($this->ops->exists($username)){
[64] 			return true;
[65] 		}
[66] 		return false;	
[67] 	}
[68] 	
[69] 	public function permissionsCheck($data, $event){
[70] 		switch($event){
[71] 			case "player.flying"://OPs can fly around the server.


PM Version: Alpha_1.3.10 #618 [Protocol 12]
Commit: 27af090b2a66fcef931ed9185abdd6a139686442
uname -a: Windows NT 15INCH-PC 6.1 build 7601 (Windows 7 Business Edition Service Pack 1) i586
PHP Version: 5.5.6
Zend version: 2.5.0
OS : WINNT, win
Debug Info: array (
  'tps' => 19.800799999999999,
  'memory_usage' => '11.39MB',
  'memory_peak_usage' => '11.54MB',
  'entities' => 3,
  'players' => 1,
  'events' => 13,
  'handlers' => 12,
  'actions' => 26,
  'garbage' => 0,
)


Parameters: array (
  'input' => 
  array (
  ),
  'commands' => 
  array (
    'enable-ansi' => true,
  ),
  'flags' => 
  array (
  ),
)


server.properties: array (
  'server-name' => 'Minecraft: PE Server',
  'description' => 'Server made using PocketMine-MP',
  'motd' => 'Welcome @player to this server!',
  'server-ip' => '',
  'server-port' => 19135,
  'server-type' => 'normal',
  'memory-limit' => '128M',
  'last-update' => 1386320915,
  'white-list' => false,
  'spawn-protection' => '16',
  'view-distance' => '10',
  'max-players' => 20,
  'allow-flight' => false,
  'spawn-animals' => false,
  'spawn-mobs' => false,
  'gamemode' => 3,
  'hardcore' => false,
  'pvp' => true,
  'difficulty' => 1,
  'generator-settings' => '',
  'level-name' => 'lobby',
  'level-seed' => '',
  'level-type' => 'DEFAULT',
  'enable-query' => true,
  'enable-rcon' => false,
  'rcon.password' => '******',
  'send-usage' => true,
  'auto-save' => true,
)


Loaded plugins:
CNR_Mapping_Plugin 0.0.0 by PEMapModder
PMFdecoder 1.0 by wies
Redstone Plus 1.0 by TEmeraldPE
SimpleWorlds 0.2 by shoghicp
WorldEditor 0.8 by shoghicp


Loaded Modules: array (
  0 => 'Core',
  1 => 'bcmath',
  2 => 'calendar',
  3 => 'ctype',
  4 => 'date',
  5 => 'ereg',
  6 => 'filter',
  7 => 'ftp',
  8 => 'hash',
  9 => 'iconv',
  10 => 'json',
  11 => 'mcrypt',
  12 => 'SPL',
  13 => 'odbc',
  14 => 'pcre',
  15 => 'Reflection',
  16 => 'session',
  17 => 'standard',
  18 => 'mysqlnd',
  19 => 'tokenizer',
  20 => 'zip',
  21 => 'zlib',
  22 => 'libxml',
  23 => 'dom',
  24 => 'PDO',
  25 => 'Phar',
  26 => 'SimpleXML',
  27 => 'wddx',
  28 => 'xml',
  29 => 'xmlreader',
  30 => 'xmlwriter',
  31 => 'curl',
  32 => 'sqlite3',
  33 => 'sockets',
  34 => 'shmop',
  35 => 'pthreads',
  36 => 'com_dotnet',
  37 => 'mhash',
  38 => 'xdebug',
)
Memory Usage Tracking: 
AwA=


phpinfo(): 
1V1tc+JIkv6uX6Hom73o3jWYd9vd2xuHMba5AcMCdvfM+kIhpBJoLCSNXmzTv/4ys0pSSUhgz+yX
nYkWpcqn3rMys6qyZH/j267lffykzG5n6gMLQttz1a//ULv1br2nKItdGLEtRnyzXdN7CdW7pdrs
ju4Gt7XZQO3Vm+oqth1TPes1murHBHSmXsah7bIwVIemHWGeCxY82wZTZ7rxpDY/qXb3vKdcUtor
PWJYxJ33rDZbaqvRbKvN5ufWxeduSxl4W992WICAyeJh0IRiHuww1h118Le/Ibj1SekHxsaOmBHF
AeX0CnkPPNey1xgBWWx110SCERqB7Ufqqes53tpTjQRU/y1U1Q+1GnP1lcNqoav74caLatS6D0gx
7ZBI8OPbHySsyVbxuuZDuyj2xY42XhzVtmH4u5OL8U2vLNZuv7BVGkUoz7C/Dj4/+hu/FppPj16g
Gw57tN0w0t3IcGzmRs3GI5BOwo0eMDNLDSnP/0TSWrO5Ppq8WUwuOsJb/QZDUMNGmXbwtV4/hZhT
GWF425rpRS6LvhZL3xrBzofoSI9sI9fhPKqmu7qz+8Gkjlp7HxRkK2CO/myEw5uM9Bh4Tx25EQss
3WDKgx1EyDBXdgAV9IKduoh93wsiTMOrZqb8ohO7XgPPqR+hG+q2a38Cro02VMDnR8HjytjTTWaq
Jck4buYZTyyaQE0Gd/PHle1ipz6KHJWFobtqtLFDFbpKtbxA1U0+U6CeiFAtyCrEvD66nsuAx0vp
vh6EzJRgOI9Fb+DcaDabbYobvkbMTWY3UeB/5VcGvZUnVdH4XAUE5J6CTpaLE5yThSJy2CL0CudL
BnE9ZbkJmG6qC91i0U4eE6rCwl5jo29hYB3bXSNdsIYATNgWx3QCHLLmgiKXfhI7kb3agYyRRj3N
YTR77pWxw9USWL88iTJnaxvkIvCviu1eRFD9LY0VDO8JjcyJuna81Ylq6pF+om6iCOPx8cOGB8wD
PwDpWP/h2ADyYS7ImfIM1QVxkAoVcUOsBJUQGZA+Nv0SPDAfvBMK5BpMi6huY6D+1xOVTy8KmSwN
h1EAPVoPvKjZTt8iD9rMAund8V6kd/zxtUhfhydpOX+lYBhvmQltZsYmdp+grdC6+l8VGF/gcz/w
1gHUcqs/Ad/GIVM9C2YAU/kgk1zG4R3r7jqGgVSH7homz2fBh/SiPrdALzVOYNb5u8BebyL1o/FJ
bV5cnNdIbRB2CeWTfLdZqKjwH4oL9TvJacyhVW8Xc2g1Gi3K4URd7dQrFtigpeYs2kDXK4qiav+e
/yCrnLxQlJWxBdGiKJeDCYqYcJ8RFS617GcSLGPPgLnwoDsxvU50ZAH+LvKqh4AgYoMeioLvrgks
pgxEqLQcYEqNC2cATidlmKtCfDol6nfAqH+q8lB6XXeA0zQTglL1iRCD1Bb8rhl6yEIUNEm2TXrs
A6Odz4ADD+UFzLvyQlaAGJ7JNB95kOST+pzUOAkTSmSvWULmlwJhvAN4lltXb+4c3jFx4GiW5zPK
YiqeEs12DSc2KfXUssQP0F/0Xaj5nh87YGhpgf4CL2GkoWgqYoO1FjLQKTr0EWgZP6bR/G96FKig
5gvkkEuFYp7Q35oOEsU1D3cVAVFq6k6o/WZH+VYiEWTm8WxWAWhnQ/crASazdFAJmrFB3UnFxJFV
O8fA/fK6dp4itvaW4SiT3GWv0ekm2jq5F0XMAM1w9DDk+rq8UIGzYtfAmX8Q6Tv6TmNB4HFhvlhe
Te+XIjScz1MIWEZg2PgSNO0v0zO0wPOi6mI8I2CWBg05BjmYDZ/omunkShexKZtpqN+F7s5AWOuE
M7huqS6GsCDSjyASDnlTdoAFcSVw7dZZ94IbQN3mhcJe7UjzXC0CFvA4m0s8zV6hadC+jZ9vUWIA
aWjUoRjkvQs/CvKsFvsOWI3FGbIBNeSgKgLBs92ChY2Ev1seBMJo57CvHwzQZsFn9b+ur88bjcaH
f4jA308R9I93wqXyBKNXZgCJGpeXkAEPHCuvHC6Vl8yfytRUWx54S2H7cKmwJ7Z78QLzQAZnZyID
DBwvrwwulZfxXGn6qytRXx44Vlw5XMEelOd7xkVgJYOqQaZmIObNMqFQhIReHBisPB8w0GByroQ+
l+lb37ENmB2WE4ebfP5cAYHq5Kul+pf6I/D+l+Jq6FQiKjCpyxuUEbSt/qo5XO81G61O8qtsddup
w8JJe9U2IGG48Z9Wh6iwtDIYirlA11B1gUQXNnKpZKA0h+QMVoW9MiNGKU7iQTIekFic6K0GfxKR
VKrmshDFDjTpmdF86HX4U8IkOdea/CmRnnXegCbwRfKrbGkRpDn2lmvOZut8QgV3exMFjQZtBXaT
kEulLeMKXVvFlsUSThbtEqQNLsFYdQ4k77Geof2DKLwK5xMF5LJhJ9ZPkw9gRwGt4CCvgElnbFia
qtn7WfwUEVHk8LY1xI+SWnJgnBj4eM6xABfxGnSOw/SnsIz2A/UFXxvk+S9gv8cwUBrIEN7mmxl/
KmB9msgomhVwU7W0N1JUMh0qUIGtO9ByLd9HZ/yphBusJA0gGFeFKi4mS6qTg7bjBno/96KE28jX
EpO81eVPJfzdqYew1Na23p6xGIKlGLGtrx1iFJhKxlP5nI3drD1QC2eFSLR5KjPjM0VLZk7CAy3O
vJOEHh2pE4mrowDbtes5TmrzGQQ/GQCr4ep89tUxlrZb5BcFZqCNFk6YMcfwZjZYpAHlhe8S1WH4
XjQDRvBFD9zEAsr663XrBL7B+1Jz4+2KZyamnUwt9jSyLehv3PTUYtc2krFMuJvowg5bG/ukbbor
UpIv3yXVmAvZHrKjFAPNY/Gj5mzbbFkJSxN43s/HZQtEih+5IKW3fAcNaGf1dqPeUPp8/dVWrkFb
xQGs5fvhzjU2V3fUz79AxABMeFhQP/PdY7GzxMM3i0Xtjq29yBa7y4gfXd2lQdz3EeGnYNURycYg
QliyvkAarPB+JOG75Xgih79dilSL2d3wZpqQFotxFuRbcRhejhe1xXwmkswCL/JA2Yd8HW1Eyb6R
JbaKwhN17fkb3Hjh20f4hEh7q/v8CS+OiS+wtmvzJ0QFUQhRIW4ThZQXSgH+BGrEHFjgwy+QlFsh
Mez2ea/mGzVg2naLqi+tVacgeiDqtFlv1JtM+XUMK2qJ3Ky36mfYS4vFrRwPMWG4aUGyTr2lKLAK
YPx5SpqthBU+TJ3Qcz+oS6D/8FyG5wI6Ki05W9yjqZ8r+xhsBm74uroDfMDN2ihB4U5kaOunPwd6
6Ho70J9P71h9Y60TU1mDNbQdiVV2u1k/6/XOpGAB67nrDNytt9rtthTk4DB2AxsWEzDxbK4nLhr1
7nlbYNOXFA1r1jeC5fbfLwfiB4bB20Lzp5PT75NxbntHROH+ca7PG+1ms3WBowwiKUeqX9Sbyu0S
EpXsoX6nbfNSgkeDVUZbgHje6mWUOXP017ubMhKs6NiaNmbZqwocGugBbSRfxmixmMiNFJXiLdor
VZQR7XHAONsmlz94fMA3UoXgy0p/TrXzTyPzM5gfOlsZVrvXs84bTYMxnfWa5zqzzE77vG0xq9Vh
Z43mSv3pHbzG6yUvzGDAUVkH+kv+rQAFc1zsvZRLapzvyjWYC2W7dBs93PBnGfkW4rEz+B4slbE1
W/CvA/+6arjRm/hogWGOP90e/rTP6a3bbKmgS9jWBIM0CfUaIoRYHmqDSfeysQPH9zwHJu6aBZDg
pC2CvUYavGilQQB0MkAnA0DRLrOCWPxgMWuUdTqar+2WagRG8lyplvvchDf8ATv8N0/XI3WjQ7fx
CvAgVYAHqQIUhBanwW4vBVC10mSdLFknS9bJknWyZN0sWTdL1s2SdbNkXVVRaHtf/JSNHCfgio3h
vkKqYT/AfCDaBwFJ5sezLNjBQn874/KTBr5Ake2G0WJaOz/vXvB1TPaWJuAy+z1pxGrkTSmU30Lc
ZsdnWQdR/HNem0EiLujoF+WhlFCnzkgI4nDa3BeJAiAOCXPC9KKRksPs5Cidi/ykJvktqzSnaHz+
lwFytemCuuz7NtgcQpbjadyZIoQoVM6w0crgx0YwojWcqDRbAvs319SZQzHRi2fZIB8IghPK8Z7s
izMJdNFSUTYFvhOH6ov+xNSV471gIjz3hUWQaoLwSPEkJwCN+12vEdNTNDTDXoMGCIyWikdN0CJI
pweG5cWBKlUc1y+82itDNayVakSByoyV6uKL68ED//FOVt/By+KwTHfWXgBqdhseXFkINNXmIFDZ
cjk7ue2DrSSN21CMGycUtO9wS/v2ZqL2IJsdLOFcMw1UDH1C7aLh1qyZ7Fmt0clvo9toQ5CUWKdx
0W732g3oY6vbbZqWbuhnoOvPdVBhunluNtpmrwWS/ifyxMBDS5F9mIyDYngBU4XRm8XSZigyv6C4
XiRRk5N6vtugJss+qE4PNK2+R2i3znrnnCJtybab3XYPdz8GnuPg2II0IHeBMLKNMF0lZES+S1LA
gDWOh73JQudUT872gZNB44VSZ57QRoGGK2B2osfRRuMYjeiaqyN7wYI/DHHrsQRhOEwPUoCCY50e
m1NBajas+VqqCq7WQi0UG8QN8Q48zaBQk8ehGwqLZFQSU8CJ5YfmgfTDvTNY+lZRRGcXC9S8J41n
XkplnnWIjEcvYtPuKMyymWNqWxbpR6EBLLcPYPB8QKct0NCHDmeHsMZGd9diI1SGyV2sGZlv0X5X
Qw9VEKBzKihSvxxCZF1yCAW9UUEudkQFTOoDjgA8GpuY+e8x2MhcADcU13O1ahowl8leMRvRUyti
uHxciOeYuYRcBuBGNYtEVOyWRPqhVh5biqZ9a4hxcc/BKSH4YT4X0VeQgsGUELu/6USS6J5LW80y
GQ8jNYtFBmaM24WQNXosidKPgPxQAqRNIQT3xdrPphSVyydXUC6bNPHb0FnvHsFL43Mc+Z5cjTgI
vUDC6ZDSiNLBLaPk+iJ8sn2/DJ4QErTh+Ts8D3wBg4BpoZ4K0jzBZwFuZWVEkg6i9VrkeVoI5TgJ
1XVx+y6MDQNdJXORlm47wpsxjbRpkmUzBqYpJwhWLM2QW6xalkU+3keDAWwfkmUFCHsVRz2GkzhJ
ZMc/Upxph0nRMhJ0nm3CiksDTZD0hERPc7cCxoTwKJSxR0nThNG2vFpFAmh8jWGfewZUIk60ohyt
bwvxRjncqIDjIUUZPonfS0DNMsoii9DyilfUu7zaFbWuqHRVncuqXFpjBua2a8Z+EVwRDfAKdCGW
zBINHS9SYeDGyUwqIa7s6oRgCu7sAxnTmUslFVLyI8gq6oE6rQ+RTWbYqRQqoVuOpx9I7cUrh1WT
xTZ4KXEHRumB3toezvYgAIlgyG796t5Oz83LO83xVpVE5sbb6oxZdW+tmQfGE98kLAV40Ybl+mRl
u3qwq2S+ArnAfgVqCQMWEHssWKDvMeE+/WDt1ocBJaxYQOwxYzGHPXYsAgoMWSAXWXKvB7fHMj8C
KWXM4ijssWaxIwvMWSAX2bOYPTvUg2UsWoBITGq7droaSW1QWYDmAGhd5Mno/fl7bEtvlMBcyWSW
1AZf+RLEsUMpjRGgZ0kulRl4fi4iQFXHPUd4RLiJI9N7caWY3MqXx0EHoFGj4X0VqUDZAJJhT3Zm
Zm2z830BSkcV3zJG4VBH39EMAiNcblpxKYSRMB7opmLGCRtRftwlLheX2EfpWpr3hHBeCB39mcnN
BxtGrCoKsWJkC7HoakCnTalTp0SUjKE0DgaARXuZoJ9BskUsEYjb5A4Cne+WL8HBeuAOf7JBXQlK
jGvFM1eGokyvLgdlhzt9vmk3Sy1VvN/xJNIKohRD2TjZGdA3OtV8++4fVka4ImfGce4AnRAwAY2n
g4jU0ZRWKYkj6YKus6jZ0iUXkU/Jp025t46M81/ehkuY9ygS+DrxDglYFAeuqoeqHRbfc2mcwJHo
sa9GHu3nqTT+B0g8F/LxSkbx3iVHJr7QSV8yYL7bK9CwICLf68F8qH4E7nFovx46GxXTnK1jB1TM
8DXZ1Aw/lTEfpU5OFKXd1fN6m66qtWrNZq3deAd/Ya3q6BjD/Wgyjy3uyCgFORSyjanYIjQLQSOv
pvQoOw7AaDOwn8UmvwpAvHBCz890g4Xuzz2XnsojSB1+X8qnJK16o97iFNzAzB8a1ZvK4uEOxrp4
XNpetc1ep3XO2q2OrjcanWbvoqMb7OLiotXrNPWG1Tln5rn6E+VcI3c1uhqDe/9Yvdw5yfI45NfR
7Bhk/cP209s4orYJbQW0VpGY3HhQP9KdONAxPjOc09WP1idFeEqUXZDI4Og5jt5cYeh8UvgYqLyS
UIAPRs8pDIgmBuRE9QI01YCXDNxc8iO6ngLKYqcuNrplP9V5DhZYozsVJav9A7IC0A0oF9zqvmQ6
XpDDPcoJ9EAcqpceC9YsgJTo/YyLfbyIA5kUzgn3bsi0a/C4QP8M9WfcgfnhsPo72B7qKZyvEpuh
3IkQcegv7rnOLidUBQWslIBpdFgtUxU/omtkoSIfgjTqnW4tMNA1wHL45oYcrjg6IYZdNa2zznnH
anXaht5c6WzV63R7jVWnvWpetM7YWevswjTOG3i+H3IOUZSFYJVS94X0whbuH6nCm5L4kV/mI/Gc
wyXOdEEO7W98LSXhG8Vw21B9Mc3X9xx2iarTvRh+o6DoEygAfOzYq29zq6R53hA/BQiXv0LRUJQU
zLCe92SDmeRtdX70UOEemUOjD1TKFyVV5CjHtljBM7eASFwyyRP5tEgNUeKyijKA8QPc8zt4CaUI
dpi75iUW6rM2NNMGSclNgZxHrwQBlSe3qdnpNJJfGQa270pf2Y7Nb1GKe1EJAGcMrktD1J50+0U3
xDCRa2g3j0y8+UoqnXhHgqRaDBeL0VXuJYWBoQ9cjEWBpXS0q3BOyB7G6f1XCuRhRzxqBTL1RJVy
FVc24CfFCQ9Tup+IdzLxiM6N8zc7qrBibr8JC6ue32lE/sKflcCt7WopOD+GRag0Ehr1/vROu5+N
p/0rbTaf3swh6gi5MmvQepb9Sj5HeYpWFpdlE+I+IU6jsLxXgI4z+CgI196wYCpzUpZQEV6O1ULb
lC88hput54ufUn+nBam675NxEkS3trBMZBeMGLbSO73VReOi2Wj3wFxptxudntm+MFnXhMdZe2W0
zpu9FugE4cdWVnxIlyFAUfEbvmGpR9tiNqZHWQ7p1faQ33qHVTwSTtQprA2DEfzDK3onYOSS6fjM
sqgFY0+IlWJ8Z7riB070sojpHr8yyK609emSVpakHwT6rvA6pVQn6qVuXgvRMQCDZ/iKZgu8EGXC
oo1nFuIHoBdgQZ7lNxCe49wPL4tP7+9LUaQ+pMyGWz+S6HghP6SPWOTictneON4qexu5Fu58MDnm
Gf0D+8E6RutIKizBZNgxCXoJMkZlKNG9tW1IZLqc7svDcefNGXqPZzEwqFPrEgbZDKWUFDvHPQk5
EgbRgpWrFDXTA6i0xBOFJCmPFAY1jd8bHolSPk4poGTAUlplov1OTUnk31kSvwwYk6PzKJgdoDil
JgOTX+H25A53DZg5BnOLIpFZ0Bc9fUl4ml5fmUldRK+3DB2vITCx3Sysv6ZhnnQBNdDXjGJmgY3u
RLt/xizmMVloEUE3UmjJtr5c9L1r7g3pvQtWGJ1mkgmXUhS82wGs2wbB8c8xBsqER0ICyRqDCfMs
G8tn6CYkELIfbbt+Bv8332NW8prU9+5ElrtG4fdFTD3AG+M7UGq2kZa+qBB/uChaiCs2KQg/pJF8
hOYPXUNHkRdEdd0oXC4X8SssLNM0Ija56VJ9tZnjYOXCIo096yV5SPdDkiLRIBc3PBzbBdPbRXfH
UEqb7OtwhSJfVm2Ley3KwStKeGs8YHR0HdSTu9v6V1hHWScgNkTIwltzX8PAOCH3TgrhKfdXS39i
aOHu/mAyfucG5odbvRxUIu+JubgEUpRlEixVmLjwUZRvV1ffy8g8PlmdZesqOYdX2iZOfo96Vrbq
bWV0NVR/Ztzcps8iKZKDoi/f8UhsCeXq8sZXa/StGsjpil3GN/jZkuRCCNkaCfgzueF23+VCzmvP
13PkqFa8c8TphmNrdNlUYrmExB3mNGBNe+2izgsr8hBAcfEzb8wVMHT5UmbeAl1sDh4sJ7n5WIYA
OQacpPGRKqtIMlkOIOKtXx9Mpz+PhpX8KEOHdw9vwl2PxsPFm5A3w+WbcLPp4m3A+fCf98M3YhfD
+cNw/kYoLSbegk0+6VDV4eQ1VUkEoweWIa5YYu0Ne+Jkmp4KFTOh27i4razxK2bHamyb7IlP50Mo
3ILeu8SLVx34TwJDnqRlEvBteh5UrCEICawkykFYSq31qGK+Zjgyxo+AJCY/BgIhYa/Fh5MOgIXX
vdDij/SoAiXLUtrxWQegkNFpv/4XvzQyySVgWy9iGgqusn2oPCo5UEv07gEg7enwfav0rA/dhpPf
QoJDXScg0oaCuVr7yW8RVbyQm7+dmwcfunOeR2YHM7+LnwIgUVoXYjcJfxNIaJAzfGnj6K4qS4xJ
SXcUOJZw1I4DAplA6MpjMmfvOzMCQyW8iQs5MpvCeRXCqfzsMqwkH+DfHCJhXoqs/8WQw0kCmtDi
KywoDGCF5JiB+EJB61z8VKGTQ9p9ibGHhLGgnS5+b1BR6FrK9/x1O3EnBWPvoO6hX/hwWXZnBVK3
9u+q0D1j8jimrOep83FmGG0dbiQS4FuQbO+mgB+2ryi/2r4cmX0OrrizbraZ0Tpb6RbTrXajdbFa
rdrn7MxknfaZdWGtdHNlWWeNNpg9mGf+fKlZbyiwNviRJzTqzQY2BT85pvBLqmV3C/lVkG8BytCA
fyhN+hLb59NTJfctNUTQR8xAveAlDPFJM1BJ+KaUXf+h+7BgGPKlZRnl7ZYcFSa4snAOJd/YLkdl
iin9hISMPPYtB/l7gxNaKYaKwgPEZYoydJ/twCPzUFEexI14zINXvj8e34NFsZjNp2j/JF9F5F+B
w2u7Sn82u+ov+4JyD2uB8JEb0Y9930fI49yDtaC7xu+RTaZ3tGfZn6TmVJYf3+d5FDY1vWCa2f1y
OL/rT4aZfV6bDZCymA0H+Q86PvJtonbr0diaYFgw5Xqm3U21WzC1tMHtcEAfpbibKrfTybD0G48b
b8tEAwh0NR89CCS9z/rLWxI7clOV8XTQH7+hK4hRAH0zvcsMtcfHrFV395PL4VybXuPe7gAMtOmc
eqmlTBfSF1y1u6WS1KSk9V+yOCn4uEg659uKbcsJPGKG3wpcbJjjPD7DVH38sjdIN3aEXbxPmNhG
4IWeFaVL+Bl3p9bRQlx6nvMESanyeCCNX2SAkfxSH34ffqlf9pdf6oPJ1Zf6w+UCHxD3vwv8B4Fv
i2t83H6pTxYDJe0erT8f3I6Ww8Hyfj5MvhubUWFtd7ccXY94VwNNvQZudHZqD2cEzK1mV11EzCdv
Ivx04A1zY+AF3J5wpHzGw4chXYGSM58PH0aJCd2wGqZyjLkRMJlRs3+a/XSjzBZ8Nu5/mjTj5Iox
EfMZuvL+cjwa5LhuFq8c21CkeVoyc4X5n8ysAahdz2HK4pfFcjiR2Z7HzKfTZeHrqRA7O8rtj7gZ
BtA5fXUB1EmwVZZvTofS52o66Y/u8rMf4/MygaLycio3Rb+N7q5G80ILxBc+yEzCdUB6/7q9RwLb
zso+DHv5sLy0XahjGIWPwi0AL97A6vXRCG0Bxo8Qie8GJh8bKZOyGpcF//pQELcf/q9k2DIwFzcp
6KDsTVPtC+FiKWViWE6eymOeMBsTGYSiOc24UjinKYpSmicFOZ0iUPZmNa0U2Tk8MXGSKE9C+cMp
eS5JQbJEP9zFXKZLCVPhLgp4LOmiMjnP4a0MNBVRktBPaVkD/iPlf64doAh4U/6YKsjyKtUJPGvU
CiXATD2ksHcpiJIsSVPw3EqLTJQGh5DakFFH5mUOC6qEo0iZZBRJq1RPwmN6JcuOFExhEggVk4Ey
EXVYbElqRwCF4skQmQban7yZMiq2LMOgXnrDnOUaRko1nwgmICWVEf5IbpniqhSTiQ6TAXlqUQ+U
iyqu2aq7o1TJcXi7GiVUWJrtOzRexhTksjC+5plkUrs2mdXReyMb1cF8NFtqWW8cx2LHvAmPEkZb
zvt3i3F/Obw6ir+aDu4nIBW0jMkyotiK1ZajyVC7Hk/7AtFsn/farVbnAhawrVa7PEERmqHwm3ec
SqeTykf65PW/GhV1JWKTiOln+XVYpiuflFyeRqpShncPbzQvOPJdtgUl+YOGRZK22qpIEG80KQhe
bU8Q+a3GRAouCKM0vtKMIMS7bQiR6pABQZCD1gMhykwHIvyn2w1pI/6s0cAzOmYxFFB/2lwo5Je3
FQrEMkMhgRy1EhJgwUTg0f8e+4Dndcg44IhjlgGhqs0CTi6zCSRKuUFAgPdZAyJJwRTgse/O54AR
kNL3LYCUdFj9E6xK9xPxsOIvhfwJrU/r3LFtMDdk+b8WAUG8Zqzi9H7RA/ZF3Xmxin88JWCmjT6C
K7wOZUfo4X7qBejVYls7BSLw6DCgvzCBAxEmf25CKgovsfjIb/jZB3SaT+g3gRf7CvrMi5NtDBA1
LRP3YUUcNuOzqgIvD0H4KnsNyOqZZrPxfKjWRo+w5i94VW3F0P3bip0TBZDqt9HyFj/63r/7Rf3W
n4MJsvzliyr+ZpDKnhnPh669Q7bQNYHuRjtopDIZgjwCfP9yNB4tf1GhU65Hyzt0Bb2eztW+OuvP
l6PB/bg/V2f389l0MawrysiinjVtk77UI25rqbqKHziQ+87hfYdXE/BjZABxdwp9KZdOX/QVVjAD
AmecqL7D8BuNhudGuhElWfwP/jEcl0V15f8B


```
