```
# PocketMine-MP Error Dump Fri Nov 29 18:34:44 KRAT 2013
Error: array (
  'type' => 1,
  'message' => 'Call to a member function sendChat() on a non-object',
  'file' => 'C:\\PocketMineCNR\\src\\API\\PluginAPI.php(87) : eval()\'d code',
  'line' => 43,
)

Code: 
[34] 
[35] 
[36] 
[37] 
[38] 
[39] 
[40] 
[41] 
[42] 
[43] 
[44] 
[45] 
[46] 
[47] 
[48] 
[49] 
[50] 
[51] 
[52] 
[53] 


PM Version: Alpha_1.3.10 #618 [Protocol 12]
Commit: 0000000000000000000000000000000000000000
uname -a: Windows NT 15INCH-PC 6.1 build 7601 (Windows 7 Business Edition Service Pack 1) i586
PHP Version: 5.5.6
Zend version: 2.5.0
OS : WINNT, win
Debug Info: array (
  'tps' => 19.9192,
  'memory_usage' => '10.69MB',
  'memory_peak_usage' => '10.86MB',
  'entities' => 2,
  'players' => 0,
  'events' => 2,
  'handlers' => 12,
  'actions' => 15,
  'garbage' => 0,
)


Parameters: array (
  'input' => 
  array (
  ),
  'commands' => 
  array (
    'enable-ansi' => true,
  ),
  'flags' => 
  array (
  ),
)


server.properties: array (
  'server-name' => 'Minecraft: PE Server',
  'description' => 'Server made using PocketMine-MP',
  'motd' => 'Welcome @player to this server!',
  'server-ip' => '',
  'server-port' => 19135,
  'server-type' => 'normal',
  'memory-limit' => '128M',
  'last-update' => 1385720223,
  'white-list' => false,
  'spawn-protection' => '16',
  'view-distance' => '10',
  'max-players' => 20,
  'allow-flight' => false,
  'spawn-animals' => false,
  'spawn-mobs' => false,
  'gamemode' => 3,
  'hardcore' => false,
  'pvp' => true,
  'difficulty' => 1,
  'generator-settings' => '',
  'level-name' => 'lobby',
  'level-seed' => '',
  'level-type' => 'DEFAULT',
  'enable-query' => true,
  'enable-rcon' => false,
  'rcon.password' => '******',
  'send-usage' => true,
  'auto-save' => true,
)


Loaded plugins:
CNR Plugin alpha 0.0.0 by PEMapModder
PMFdecoder 1.0 by wies
Redstone Plus 1.0 by TEmeraldPE
SimpleWorlds 0.2 by shoghicp
WorldEditor 0.8 by shoghicp


Loaded Modules: array (
  0 => 'Core',
  1 => 'bcmath',
  2 => 'calendar',
  3 => 'ctype',
  4 => 'date',
  5 => 'ereg',
  6 => 'filter',
  7 => 'ftp',
  8 => 'hash',
  9 => 'iconv',
  10 => 'json',
  11 => 'mcrypt',
  12 => 'SPL',
  13 => 'odbc',
  14 => 'pcre',
  15 => 'Reflection',
  16 => 'session',
  17 => 'standard',
  18 => 'mysqlnd',
  19 => 'tokenizer',
  20 => 'zip',
  21 => 'zlib',
  22 => 'libxml',
  23 => 'dom',
  24 => 'PDO',
  25 => 'Phar',
  26 => 'SimpleXML',
  27 => 'wddx',
  28 => 'xml',
  29 => 'xmlreader',
  30 => 'xmlwriter',
  31 => 'curl',
  32 => 'sqlite3',
  33 => 'sockets',
  34 => 'shmop',
  35 => 'pthreads',
  36 => 'com_dotnet',
  37 => 'mhash',
  38 => 'xdebug',
)
Memory Usage Tracking: 
AwA=


phpinfo(): 
zV17c9s4kv+fn4KVm71Kdi1Zb8vJZutkWbZ1Y1laSXYys75iUSQocUyRHD5sK5/+uhsgCVKkZM9s
1d1MhQLRPzRAoNHdeNrf+LZreR8/KbObmfrAgtD2XPXrP9RuvVvvKcpiF0ZsixHfbNf0XkL1bqk2
u+O74U1tNlR79aa6im3HVM96jab6MQGdqRdxaLssDNWRaUfIc8GCZ9tg6kw3ntTmJ9Xu9nvKBaW9
1COGWdx5z2qzpbYazbbabH5unX/utpSht/VthwUImCwehk3I5sEOY91Rh3/7G4Jbn5RBYGzsiBlR
HBCnV+A99FzLXmMEsNjqrokEIzQC24/UU9dzvLWnGgmo/luoqh9qNebqK4fVQlf3w40X1ejrPiDF
tEMiwY9vf5CwJlvF65oP30WxL3a08eKotg3D351cjG96ZbF2+4Wt0ihCeYb9dfj50d/4tdB8evQC
3XDYo+2Gke5GhmMzN2o2HoF0Em70gJlZakjZ/xNJa83m+mjyZjG5qAhv9Rs0QQ0/yrSDr/X6KcSc
ygjD29ZML3JZ9LWY+9YIdj5ER3pkG7kK51E13dWd3Q8mVdTa+6CgWIFwDGZjbN6kpW9B9tSxG7HA
0g2mPNhBhAJzaQdQQC/YqYvY970gwjS8aGYqLzqJ6xXInPoRqqFuu/YnkNpoQxl8fhQyrtx6uslM
tSQZx80844lFEyjJ8G7+uLJdrNRHwVFZGLqrRhs7VKGqVMsLVN3kPQXKiQjVAlYh8vroei4DGS+l
+3oQMlOCYT8WtYF9o9lstilu9BoxN+ndRIH/lV8Z1FaeVEXjfRUQwD0FnSwXJ9gnC1nksEXoJfaX
DOJ6ynITMN1UF7rFop3cJlSEhb3Gj76BhnVsd410IRoCMGFbbNMJSMiaK4pc+knsRPZqBzpGavWU
w3j23CsTh8sliH55EmXO1jboRZBfFb97EUHxt9RW0Lwn1DIn6trxVieqqUf6ibqJIozHxw8bHtAP
/AC0Y/2HYwPIh74gM+UM1QVJkAoFcUMsBOUQGZA+Nv0SPAgfvBMK9Bp0i6huY6D+1xOVdy8KmSwN
h1EANVoPvKjZTt8iD76ZBdK7471I7/jja5G+Dk/SfP5KwTDeMhO+mRmb2H2Cb4Wvq/9VgfYFOfcD
bx1AKbf6E8htHDLVs6AHMJU3MullbN5b3V3H0JDqyF1D5/ks5JBe1OcW2KXGCfQ6fxfY602kfjQ+
qc3z836NzAZhl5A/6XebhYoK/6G6UL+TnkYOrXq7yKHVaLSIw4m62qmXLLDBSs1ZtIGqVxRF1f49
/wGrnL5QlJWxBdWiKBfDCaqYcF8QFa617GdSLLeeAX3hQXdiep3oKAL8XfCqh4AgYoMeioLvrgki
pgxFqDQfEEqNK2cATidlmMtCfNol6ncgqH+q8JB7XXdA0jQTglLxiRCD1hbyrhl6yEJUNAnbJj32
gdHOZyCBh3iB8K68kBUghmcyzUcZJP2kPiclTsKEEuw1S+j8UiC0dwDPcu/qzZXDKyYOHM3yfEYs
puIp0WzXcGKTUk8tS/wA/UXfhZrv+bEDjpYW6C/wEkYaqqYiNlhrIQObokMdgZXxY2rN/6RHgQpm
vkAOuVYo8oT61nTQKK55uKoIiFpTd0LtNzvKfyUSQWceZ7MKwDobul8JMJmlg0nQjA3aTsomjqxa
HwP3y6taP0Vs7S3DVia9y16j0020dXIviugBmuHoYcjtdXmmAmfFroE9/yDSd/SdxoLA48p8sbyc
3i9FaDSfpxDwjMCx8SVoWl+mZ2iB50XV2XhGwCwNPuQY5CAb3tE108nlLmJTMdPQvgvbnYGw1Ilk
cNtSnQ1hQaUfQSQS8iZ2gAV1JXAN7vx0m+cKe7UjzXO1CJrf4yIuyTN7hc+Cb9v4+a9JnB8NHTpU
gbxm4UdBedVi3wGPsdg7NmCCHDRDoHS2W/CukfB3y4NAGO0c9vWDAZYs+Kz+x9VVv9FofPiHCPz9
FEH/eCdcyk8IeSUDSNS4uAAGPHAsv3K4lF/SdypTU2l54C2Z7cOlzJ7Y7sULzAMMzs4EAwwcz68M
LuWXyVtp+stLUV4eOJZdOVzBGpT7eiZF4CGDmUGBZqDizTKFUISEXhwYrJwPOGfQMVfClsv0re/Y
BvQOy4nDTZ4/Nz5gNvlIqf6l/giy/6U4EjqViAp06PIPygjaVn/VHG7zmo1WJ/lVtrrt1GHQpL1q
G9Au3PFPi0NUGFYZDFVcoGtotkCbC/+4VCtQmkM6BovCXpkRowYn9SA5DkgsdvQW1yqcSOZUc1mI
Kgc+6ZlRf+h1+FPCJJxrTf6USM86/4AmyEXyq2xpAKQ59pZbzWarP6GMu72Jgg6DtgKfSeil0i/j
xlxbxZbFAlkjNhLSBodfrJoD6XosZ2j/IAovQn+igE427MTzafIG7ChgERyUFXDnjA1LUzV7P4uf
IiKKHP5tDfGjpF4cOCYGPp5zIsDVuwaV4zD9KSyj/UBbwccFefkL2O8xNJQGOoR/8/WMPxXwPE0U
FM0KuJtaWhspKukOFajA1h34ci1fR2f8qYQbLCQ1IDhWhSIuJksqk4N+4wZqP/eihNvI1xJ3vNXl
TyX83amHMMzWtt6eoxiClxixra8dEhToSsZTeZ+N3ex7oBTOCpHo71Qy4z1FS3pOIgMtLryThB4d
KROpq6MA27XrOUlq8x4EPxkAi+HqvPfVMZamWuQXBXqgjd5NmAnH6Ho2XKQB5YXPENWh+V40A1rw
RQ/cxPvJ6ut16wS+wetSc+PtijMT3U6mFmsaxRbsN054arFrG0lbJtJNdOGDrY190jadESnhy2dI
NeYC20M+lGKgayx+1Jxfmw0pYVgCz/v5bdngkOLHLmjpLZ89A9pZvd2oN5QBH3u1lSuwVnEA4/hB
uHONzeUd1fMvEDEE9x0G08985ljMKvHw9WJRu2NrL7LFzDLix5d3aRDnfET4KVh1RLJbUCEsGVsg
DUZ3P5Lw3fJ2Ioe/XYhUi9nd6HqakBaL2yzIp+EwvLxd1BbzmUgyC7zIA2Mf8jG0ESVzRpaYJgpP
1LXnb3DShU8d4RMi7a3u8ye8OCa+wLiuzZ8QFUQhRIU4RRQSL9QC/AnUiDkwuIdfICk3QmPY7X6v
5hs1ENp2i4ovjVOnoHog6rRZb9SbTPn1FkbTErlZb9XPsJYWixs5HmLCcNOCZJ16S1FgBMD485Qs
W4kofJg6oed+UJdA/+G5DNcEdDRaMlucn6n3lX0MfgZO9rq6A3LA3dooQeEsZGjrpz8Heuh6O7Cf
T+8YeWOpE1dZg/GzHYkRdrtZP+v1zqRgAeu56wzcrbfa7bYU5OAwdgMbBhPQ8WxuJ84b9W6/LbDp
S4qG8eobwfL33y+H4geawdvC508np98nt7mpHRGFc8e5Om+0m83WObYyqKQcqX5ebyo3S0hUMn/6
nabMSwkeNVYZbQHqeauXUebM0V/vrstIMJpja5qUZa8qSGigBzSJfBGjx2KiNFJUirdonlRRxjS/
Ae1sm1z/4NIBn0QVii/L/Tm1zj+Nzc/gfuhsZVjtXs/qN5oGYzrrNfs6s8xOu9+2mNXqsLNGc6X+
9A5Z4+WSB2bQ4GisA/0l/1aAgjsu5l3KNTX2d+UK3IWyGbqNHm74s4x8A/FYGXz+lfLYmi3414F/
XTXc6E18tMAxx59uD3/afXrrNlsq2BK2NcEhTUK9hgghlofa4NK9bOzA8T3PgY67ZgEkOGmLYK+R
Bs9baRAAnQzQyQCQtcusIBY/mM0adZ2O7mu7pRqBkTxXquU+N+ENf8AP/83T9Ujd6FBtvAA8SAXg
QSoABeGL02C3lwKoWGmyTpaskyXrZMk6WbJulqybJetmybpZsq6qKDS1L37KWo4TcMTGcF4htbAf
oD8Q7YOAJP3jWVbs4KG/XXD5KgMfoMh+w3gxrfX73XM+jsne0gRcZ78njRiNvCmF8luIU+z4LKsg
in/OWzNIxBUd/aI+lBLqVBkJQSxMm/sqUQDEAmFOmZ43UnKYrRqlfZGv0iS/ZYXmFI33/zJArjRd
MJcD3wafQ+hyXIk7U4QShcIZNnoZfMkIWrSGHZV6S2D/5po6cygmevEsG/QDQbBDOd6TfX4mgc5b
KuqmwHfiUH3Rn5i6crwXTIRrvjAIUk1QHime9ASgcb7rNWJ6iobPsNdgAQKjpeIyE3wRpNMDw/Li
QJUKjuMXXuyVoRrWSjWiQGXGSnXxxfXggf94JavvkGWxUKY7ay8AM7sND44sBJpKcxCobLmendwM
wFeS2m0k2o0TCtZ3tKU5ezMxe8BmB0M410wDFU2fULvouDVrJntWa7Tq2+g22hAkI9ZpnLfbvXYD
6tjqdpumpRv6Gdj6vg4mTDf7ZqNt9lqg6X+iXRi4YCnYh0k7KIYXMFU4vVksTYai8AuK60USNVml
57MNajLsg+L0wNLqe4R266zX5xRpSrbd7LZ7OPsx9BwH2xa0AW0VCCPbCNNRQkbksyQFDHjjuNCb
DHRO9WRdHyQZLF4oVeYJTRRoOAJmJ3ocbTSO0YiuuTqKFwz4wxCnHksQhsP0IAUo2NbpkjllpGbN
mi+lquBoLdRCMUHcEO8g0wwyNXkcbkFhkYxKYgo4MfzQPNB+OHcGQ98qiqjsYoaa96Rx5qVU5lmH
yLjsIibtjsIsmzmmtmWRfhQawHD7AAbXBnSaAg19qHB2CGtsdHctJkJlmFzFmpHtK9qvaqihCgJU
TgVFqpdDiKxKDqGgNirIxYqogEl1wBGAR2cTmf8eg4/MFXBDcT1Xq6aBcJnsFdmImlqRwOXjQlzD
zCXkOgAnqlkkomK3JNIPtfLYUjTNW0OMi3MOTgnBD/NcRF1BCgZdQsz+ph1JonsuTTXLZFyI1CwW
GcgYpwuBNe5WErkfAfmhBEg/hRB8H9Y+m1JUjk8uoxybNPHb0FntHsFL7XMc+R6uRhyEXiDhdEhp
RGnjllFydRE+2b5fBk8ICdrw/B2uB76AQ8C0UE8VaZ7gswCnsjIiaQfx9VrkeVoI+TgJ1XVx+i6M
DQO3SeYiLd12xE7GNNKmTpb1GOimnCBEsZQh91i1jEU+3keHAXwf0mUFCHsVSz2Gk2yQyJZ/pDjT
DpOsZSTYPNuEEZcGliCpCYmecrcCxoTyKOSxR0nThNG2vFhFAlh8jWGdewYUIk6sohytbwvxRjnc
qIDjIkUZPonfS0CfZZRFFqHlBa8od3mxK0pdUeiqMpcVubTEDNxt14z9IrgiGuAV6EIsuSUabrpI
lYEbJz2phLiyqxOCK7izDzCmNZdKKqTkS5BV1ANlWh8im8ywUy1UQrccTz+Q2otXDqsmi2nwUuIO
nNIDtbU9zPYgAIngyG796tpO183LK83xVpVE5sbbasasurbWzAPniU8SlgK8aMNydbKyXT3YVQpf
gVwQvwK1RAALiD0RLND3hHCffrB068OAElEsIPaEschhTxyLgIJAFshFkdyrwe0x5kcgpYJZbIU9
0SxWZEE4C+SieBbZs0M1WCaiBYgkpLZrp6OR1AeVFWgOgN5Fnow7P3+PbemNEpgrmcyS0uArH4I4
diilMQLcWZJLZQaen4sI0NTxnSM8ItzEkem9uFJMbuTL46AC0KnR8KyKlKHsAMmwJztzs7bZ+r4A
pa2Kb5mgcKij76gHgRMuf1pxKISR0B64TcWMEzEifnw7XC4u8Y/SsTSvCbF5IXT0ZyZ/PvgwYlRR
iBUtW4jFrQa02pRu6JSIkjOUxkEDsGiPCe4zSKaIJQJJm1xBYPPd8iE4eA98s5/sUFeCEuda8cyV
oSjTy4th2eLOgE/azVJPFc92PIm0gijFEBsnWwP6Rquab5/9w8KIbciZc5xbQCcEdEDj6SAi3WRK
o5RkE+mCjrKo2dAlF5FPybtN+W4dGee/vA2XCO9RJMh1sjskYFEcuKoeqnZYfM+lcQJHose+Gnk0
n6dS+x8gcS60xytpxXuXNjLxgU76kgHz1V6BhgER7bsezkfqR5Aeh+brobLRMM3ZOnbAxIxek0nN
8FOZ8FHqZEVRml3t19t0TK1VazZr7cY75AtLVceNMXwfTbZji29klIIcCmxjyrYIzULwkZdTepQt
B2C0GdjPYpJfBSAeNqHnZzq9QmfnnktX5RGkjr4v5VWSVr1Rb3EKTmDmF43qTWXxcAdtXVwuba/a
Zq/T6rN2q6PrjUan2Tvv6AY7Pz9v9TpNvWF1+szsqz8R5xptV6NjMTj3j8XLrZMsj0N+Hc+OQdY/
bD89iSNKm9BWQGsViclpB/UjnYcDG+Mzwzld/Wh9UsROibLDERkcd43jbq4wdD4pvA1UXkjIwAen
5xQaRBMNcqJ6AbpqIEsGTi75ER1NAWOxUxcb3bKf6pyDBd7oTkXNav8AVgC6BuOCU90XTMfDcThH
OYEaiEP1wmPBmgWQEnc+42AfD+EAk8I64d7pmHYNHue4P0P9GWdgfjis/g6xh3KKzVeJz1C+iRBx
uFfcc51dTqkKCngpAdNosVqmKn5ER8hCRV4EadQ73Vpg4NYAy+GTG3K4YumEBHbVtM46/Y7V6rQN
vbnS2arX6fYaq0571TxvnbGz1tm5afQbuL4fcglRlIUQldLtC+lhLZw/UsVuSpJHfpCP1HMOl2ym
C3Jof+NrKQnfKIb7huqLab6+Z7FLFJ3OxPDTBMU9gQLA2469+jb3Spr9hvgpQLj+FYaGoqRghvW8
JxvcJG+r86WHiu2ROTTugUrloqSIHOXYFivszC0gki2ZtBP5tEgNUeOyijxA8AOc8zt4AKUIdpi7
5jkWyrM2NNMGTcldgdyOXgkCJk/+pman00h+ZRj4vit9ZTs2P0EpzkQlAOwxOC4N0XrSyRfdEM1E
W0O7eWSym6+k0MnuSNBUi9FiMb7MvaQwcPRBijEr8JSOVhX2CXmHcXr2lQJ52JEdtQKZ7kSVuIoj
G/CT4sQOUzqbiOcxcYnOjfMnO6qwom+/CQujnt+pRf7Cn5XAre1qKTjfhkWo1BIa1f70Truf3U4H
l9psPr2eQ9QRciVrsHqW/Up7jvIUrSwuYxPiPCF2o7C8VoCOPfgoCMfeMGAq26QsoSI8GKuFtikf
dgw3W88XP6X7nRZk6r5PbpMgbmsLy1R2wYlhK73TW503zpuNdg/clXa70emZ7XOTdU14nLVXRqvf
7LXAJoh9bGXZh3QYAgwVP90blu5oW8xu6VHGIT3WHvIT7zCKR8KJOoWxYTCGf3g87wScXHIdn1kW
tWDsCbFSjO9MV3zBiV4WMZ3hV4bZcbYBHdDKkgyCQN8VXqeU6kS90M0roTqG4PCMXtFtgReiTFi0
8cxC/BDsAgzIM35DsXOc78PL4tOz+1IUmQ+J2WjrRxIdD+OHdIFFLi7H9trxVtnb2LVw5oPJMc+4
P3AQrGP0jqTMEkyGvSVFL0Fu0RhKdG9tGxKZDqb7cnPceXOGu8ezGGjUqXUBjWyGUkqKneOchBwJ
jWjByFWKmukBFFqSiUKSVEYKjZrG7zWPRClvpxRQ0mAprTLRfqWmJNrfWRK/DBiTo/Mo6B1gOKVP
BiG/xOnJHc4aMPMW3C2KRGHBvejpSyLT9PrKTKoier1huPEaAhPbzcL6axrmSRdQAn3NKGYW2Lid
aPfPmMU8JgstIqhGCi3Z1pezvnfNvSa9d8ELo9VMcuFSioJnO0B026A4/nmLgTLlkZBAs8bgwjzL
zvIZbhMSCHkfbbt+Bv833+NW8pLU985Elm+NwrtFTD3A0+I7MGq2kea+qFB/OChaiCM2KQgv0Ugu
oPlDR9BR5QVRXTcKB8tF/AozyyyNiE1OulQfa+Y4GLmwSGPPegkP6XxIkiU65OKEh2O74Hq7uN0x
lNIm8zrcoMiHVdviXIty8IgSnhgPGC1dB/Xk3Lb+FcZR1gmoDRGy8NTc1zAwTmh7J4VwlfurpT8x
9HB3fzAZP3MD/cOtHg4qkffEXBwCKcoyCZYaTBz4KMq3y8vvZWQen4zOsnGVzOGVpomT36M7K1v1
tjK+HKk/M+5u05VIirRB0ZfPeCS+hHJ5ce2rNbqnBjhdsov4Gq8sSQ6EkK+RgD/TNtzuu7aQ89Lz
8RxtVCueOeJ0w7E1OmwqiVxC4hvmNBBNe+2izQsreAigOPiZd+YKGDp8KQtvgS4mBw/mk5x8LEOA
HgNJ0nhLlRUk6SwHEPHWrw+n05/Ho0p5lKGju4c34a7Gt6PFm5DXo+WbcLPp4m3A+eif96M3Yhej
+cNo/kYoDSbegk2uc6iqcNo1VUkEpweGIa4YYu01e7LJNF0VKjKh07g4razxI2bHSmyb7Il350Mo
nILeO8SLRx34TwJDmaRhEshtuh5ULCEoCSwk6kEYSq31qKK/Zjhyxo+AJCE/BgIlYa/FpUkHwGLX
vbDij/SoAiXDUprxWQdgkHHTfv0vfmlkwiVgWy9iGiqusnmoPCpZUEvs7gEgzenweat0rQ+3DSe/
hQSHqk5ApAkFc7X2k98iqnggN386Nw8+dOY8j8wWZn4XPwVAYrTOxWwS/iaQ0KDN8KUfR2dVWeJM
SrajILGEo+84oJAJhFt5TObs3TEjMJTDm6SQI7MunDchnMrXLsNK8gH5zSES4aXI+l8MOZwkoA4t
bmBBZQAjJMcMxA0Frb74qUIni7T7GmMPCW1BM1383KCi0LGU7/njduJMCsbeQdlDv3BpWXZmBVK3
9s+q0Dlj2nFMrOfp5uPMMdo63EkkwLcgmd5NAT9sX1F+tX05MrsKrjizbraZ0Tpb6RbTrXajdb5a
rdp9dmayTvvMOrdWurmyrLNGG9we5JlfX2rWGwqMDX7kCY16s4GfgteNKfyQatnZQn4U5FuAOjTg
l6RJt7B9Pj1VcveoIYIuMAPzgocwxHVmYJLwTSk7/kPnYcEx5EPLMsrbPTnKTEhlYR1KPrFdjsoM
U3qFhIw8dpeDfNfghEaKoaLwAEmZoozcZzvwyD1UlAdxIh558MIPbm/vwaNYzOZT9H+SGxH5DXB4
bFcZzGaXg+VAUO5hLBA+cif6ceD7CHmcezAWdNd4F9lkekdzloNJ6k5l/Pg8z6PwqekF08zul6P5
3WAyyvzz2myIlMVsNMxf5vjIp4narUdja4JjwZSrmXY31W7A1dKGN6MhXUpxN1VuppNR6f2OG2/L
xAcQ6HI+fhBIep8NljekduRPVW6nw8HtG6qCBAXQ19O7zFF7fMy+6u5+cjGaa9MrnNsdgoM2nVMt
tZTpQrq9VbtbKklJSr7+SxYnBR8XSeV8W7FtOYFHzPCewMWGOc7jM3TVxy97jXRtR1jFVAhcWMab
FaBFvtRH30df6heD5Zf6cHL5pf5wscAHxP33Av9B4NviCh83X+qTxVBJP1MbzIc34+VouLyfj5K7
XzMqjNHuluOrMa8yoKlXIFXOTu2hZEMfaXbVRcR82hWE1/9dMzeGNsVpBkficzt6GNFRJpn5fPQw
TlzhhtUwlWNCioDJjD77p9lP18pswXvV/vWimURW1K3ol4/K7P7idjzMSc8sXjm2oUj9raQHCjc+
6SFDMJ+ew5TFL4vlaCKLL4+ZT6fLwg2oEDs7KrWPOKkF0DndngBmIdgqyzenQy1yOZ0Mxnf5Xozx
+b5NUXl9k+tq38Z3l+N54QvETR3k7qA/n56jbu+RwEezsstdLx6WF7YLZQyj8FEs7+MBGhiFPhqh
LcB4mZC4+y+5NKRMW2q8T//rQ0FtfvifkmbLwFxtpKCDOjRNta9Mi7mUqVM5eapXecKsTWQQqtiU
caWSTVMUtS1PCvo2RaAOzUpaqXpzeBLiJFGehPqHU/JSkoJkzXy4irlulhKmSlpk8FhSRWX6msNb
GWgqoiTlndKyD/g/1eO58oBC50X6Yyo941Wq2zlr1O4lwEzNp7B3KfoSlqTxObfSLBPlzyGk/mXU
kf6Vw4JJ4CgyChlFsg7VnemYfcjYkaEoCLMwFRkoUzWH1Y9kPgRQGJAMkVmS/U6YGZXil2UYtC9v
6HvcUkip5hMhBGRsMsIf4ZYZoEp1l9giGZCnFvV5ucrhFqq6OkqNFYe3q1HCFKVs32G5MqGgLQS3
V5xJpn1rk1kdd1NkrTqcj2dLLauN41ismDfhUcNoy/ngbnE7WI4uj+Ivp8P7CWgFLROyjCimRrXl
eDLSrm6nA4Fotvvds1azdXZe75+3z8sTFKEZCu+g41RaLVQ+0vXT/2pUlJWITSKmV+TrMGxWPik5
nkZqGkZ3D290EzjyXT4CJfmDDkKStto7SBBvdA0IXu0XEPmtTkEKLiijNL7SHSDEu30BkeqQI0CQ
g14AIcpcACL8f7H/aWH+rPHnjI5Z/gLqT5v9Ar+8zS8Qywx+Ajlq7RNgwdTz6H+Pnee8Dhl5jjhm
4QlVbd45ucy2S5Ryw06A91l1kaRg0nnsu/kcMOYpfd+Sp6TDZpxgVTaciIcNeCnkT1hvGnfe2gZz
Q5b/CwwQxOO7auhZ0YsesC/qzotV/IMkATNt3Hu3wmNGdoQ7x0+9AHeL2NZOgQhckgvorzZgQ4TJ
n3CQssLDIT7KG16ngJvRE/p14MW+gnvRxYoxBoia5onzmyIOP+OzqoIsj0CJKnsfkJUzZbPxfCjW
Ro+w5C94BGzFcFu1FTsnCiDVb+PlDV6kPrj7Rf02mIMrsfzliyr+Do/KnhnnQ8fJgS1UTaC70Q4+
UpmMQB8BfnAxvh0vf1GhUq7GyzvcYnk1nasDdTaYL8fD+9vBXJ3dz2fTxaiuKGOLata0TboBR5yC
UnUVLw6Q687hdYdb/vGSL4C4O4VuoKVVDX2FBcyAIBknqu8wvPvQ8NxIN6KExX/hH5hxWVRX/hc=


```
