```
# PocketMine-MP Error Dump Tue Dec 31 15:13:45 KRAT 2013
Error: array (
  'type' => 1,
  'message' => 'Call to a member function getName() on a non-object',
  'file' => 'C:\\PocketMineCNR\\plugins\\CNR.php',
  'line' => 257,
)

Code: 
[248] 			$vXZ=new Vector3($oB->x,$oB->y,255-$oB->z);
[249] 			$vZ=new Vector3(255-$oB->x,$oB->y,255-$oB->z);
[250] 			$level->setBlockRaw($vX,$block);
[251] 			$level->setBlockRaw($vXZ,$block);
[252] 			$level->setBlockRaw($vZ,$block);
[253] 			return false;
[254] 		}
[255] 	}
[256] 	public function playerJoin($data,$event){
[257] 		console("$data entered at w:".$data->entity->level->getName());
[258] 		if($data->getGamemode()===1){
[259] 			$this->api->console->run("gamemode 3 ".$data->username);
[260] 			$data->sendChat("You are automatically changed to gamemode 3");
[261] 		}
[262] 	}
[263] 	public function syncOn($ign){
[264] 		return $this->syncs[$ign];
[265] 	}
[266] 	public function warpHandler($c,$a,$player){
[267] 		if(!($player instanceof Player))return "Please run this command in-game.";


PocketMine-MP version: Alpha_1.3.11dev #619 [Protocol 14; API 11]
Git commit: e54962bd0605817598b06fdd3ee7e1a4ea53d64e
Source SHA1 sum: a6a37969651a10c448a89b544cdcf59ae8da9e87
uname -a: Windows NT 15INCH-PC 6.1 build 7601 (Windows 7 Business Edition Service Pack 1) i586
PHP Version: 5.5.6
Zend version: 2.5.0
OS : WINNT, win
Debug Info: array (
  'tps' => 19.9589,
  'memory_usage' => '13.75MB',
  'memory_peak_usage' => '14.14MB',
  'entities' => 236,
  'players' => 1,
  'events' => 2,
  'handlers' => 19,
  'actions' => 177,
  'garbage' => 0,
)


Parameters: array (
  'input' => 
  array (
  ),
  'commands' => 
  array (
    'enable-ansi' => true,
  ),
  'flags' => 
  array (
  ),
)


server.properties: array (
  'server-name' => 'CNR',
  'description' => 'CNR in mapping stage',
  'motd' => 'Welcome @player . Remember to do /sync on or /sync off before you do anything else',
  'server-ip' => '',
  'server-port' => 19135,
  'server-type' => 'normal',
  'memory-limit' => '128M',
  'last-update' => 1387544968,
  'white-list' => true,
  'announce-player-achievements' => true,
  'spawn-protection' => '0',
  'view-distance' => '16',
  'max-players' => 20,
  'allow-flight' => false,
  'spawn-animals' => true,
  'spawn-mobs' => true,
  'gamemode' => 1,
  'hardcore' => false,
  'pvp' => true,
  'difficulty' => 0,
  'generator-settings' => '',
  'level-name' => 'Buffer world',
  'level-seed' => '',
  'level-type' => 'DEFAULT',
  'enable-query' => true,
  'enable-rcon' => false,
  'rcon.password' => '******',
  'send-usage' => true,
  'auto-save' => true,
)


Loaded plugins:
CNR_Mapping_Plugin 0.2.0 by PEMapModder
CommandEcho 1.0.0 by ZacHack
SimpleAuth 0.3.4 by shoghicp
SimpleWorlds 0.3 by PocketMine Team
WorldEditor 0.8 by shoghicp


Loaded Modules: array (
  0 => 'Core',
  1 => 'bcmath',
  2 => 'calendar',
  3 => 'ctype',
  4 => 'date',
  5 => 'ereg',
  6 => 'filter',
  7 => 'ftp',
  8 => 'hash',
  9 => 'iconv',
  10 => 'json',
  11 => 'mcrypt',
  12 => 'SPL',
  13 => 'odbc',
  14 => 'pcre',
  15 => 'Reflection',
  16 => 'session',
  17 => 'standard',
  18 => 'mysqlnd',
  19 => 'tokenizer',
  20 => 'zip',
  21 => 'zlib',
  22 => 'libxml',
  23 => 'dom',
  24 => 'PDO',
  25 => 'Phar',
  26 => 'SimpleXML',
  27 => 'wddx',
  28 => 'xml',
  29 => 'xmlreader',
  30 => 'xmlwriter',
  31 => 'curl',
  32 => 'sqlite3',
  33 => 'sockets',
  34 => 'shmop',
  35 => 'pthreads',
  36 => 'com_dotnet',
  37 => 'mhash',
  38 => 'xdebug',
)
Memory Usage Tracking: 
MzTWMzP0ddIx0DEyNrM2BPJMYDwA


phpinfo(): 
1V1tc+JIkv6uX6Hom73o3jWYd+Pu7Y3DGNvcGMMCdvfM+kIhpBJoLCSNXmzTv/4ys0pSSUhgz+yX
nYkWpcqn3rMys6qyZH/j267lffykzG5m6gMLQttz1a//ULv1br2nKItdGLEtRnyzXdN7CdW7pdrs
ju+GN7XZUO3Vm+oqth1TPes1murHBHSmXsSh7bIwVEemHWGeCxY82wZTZ7rxpDY/qXa331MuKO2l
HjEs4s57VpsttdVottVm83Pr/HO3pQy9rW87LEDAZPEwbEIxD3YY6446/NvfENz6pAwCY2NHzIji
gHJ6hbyHnmvZa4yALLa6ayLBCI3A9iP11PUcb+2pRgKq/xaq6odajbn6ymG10NX9cONFNWrdB6SY
dkgk+PHtDxLWZKt4XfOhXRT7YkcbL45q2zD83cnF+KZXFmu3X9gqjSKUZ9hfh58f/Y1fC82nRy/Q
DYc92m4Y6W5kODZzo2bjEUgn4UYPmJmlhpT9P5G01myujyZvFpOLjvBWv8EQ1LBRph18rddPIeZU
RhjetmZ6kcuir8XSt0aw8yE60iPbyHU4j6rpru7sfjCpo9beBwXZCphjMBvj8CYjfQu8p47diAWW
bjDlwQ4iZJhLO4AKesFOXcS+7wURpuFVM1N+0Yldr4Dn1I/QDXXbtT8B10YbKuDzo+Bx5dbTTWaq
Jck4buYZTyyaQE2Gd/PHle1ipz6KHJWFobtqtLFDFbpKtbxA1U0+U6CeiFAtyCrEvD66nsuAx0vp
vh6EzJRgOI9Fb+DcaDabbYobvUbMTWY3UeB/5VcGvZUnVdH4XAUE5J6CTpaLE5yThSJy2CL0EudL
BnE9ZbkJmG6qC91i0U4eE6rCwl5jo29gYB3bXSNdsIYATNgWx3QCHLLmgiKXfhI7kb3agYyRRj3N
YTx77pWxw+USWL88iTJnaxvkIvCviu1eRFD9LY0VDO8JjcyJuna81Ylq6pF+om6iCOPx8cOGB8wD
PwDpWP/h2ADyYS7ImfIM1QVxkAoVcUOsBJUQGZA+Nv0SPDAfvBMK5BpMi6huY6D+1xOVTy8KmSwN
h1EAPVoPvKjZTt8iD9rMAund8V6kd/zxtUhfhydpOX+lYBhvmQltZsYmdp+grdC6+l8VGF/gcz/w
1gHUcqs/Ad/GIVM9C2YAU/kgk1zG4b3V3XUMA6mO3DVMns+CD+lFfW6BXmqcwKzzd4G93kTqR+OT
2jw/79dIbRB2CeWTfLdZqKjwH4oL9TvJacyhVW8Xc2g1Gi3K4URd7dRLFtigpeYs2kDXK4qiav+e
/yCrnLxQlJWxBdGiKBfDCYqYcJ8RFS617GcSLLeeAXPhQXdiep3oyAL8XeRVDwFBxAY9FAXfXRNY
TBmKUGk5wJQaF84AnE7KMJeF+HRK1O+AUf9U5aH0uu4Ap2kmBKXqEyEGqS34XTP0kIUoaJJsm/TY
B0Y7nwEHHsoLmHflhawAMTyTaT7yIMkn9TmpcRImlMhes4TMLwXCeAfwLLeu3tw5vGPiwNEsz2eU
xVQ8JZrtGk5sUuqpZYkfoL/ou1DzPT92wNDSAv0FXsJIQ9FUxAZrLWSgU3ToI9Ayfkyj+d/0KFBB
zRfIIZcKxTyhvzUdJIprHu4qAqLU1J1Q+82O8q1EIsjM49msAtDOhu5XAkxm6aASNGODupOKiSOr
1sfA/fKq1k8RW3vLcJRJ7rLX6HQTbZ3ciyJmgGY4ehhyfV1eqMBZsWvgzD+I9B19p7Eg8LgwXywv
p/dLERrN5ykELCMwbHwJmvaX6Rla4HlRdTGeETBLg4YcgxzMhk90zXRypYvYlM001O9Cd2cgrHXC
GVy3VBdDWBDpRxAJh7wpO8CCuBK4duusd8YNoG7zXGGvdqR5rhYBC3iczSWeZq/QNGjfxs+3KDGA
NDTqUAzy3oUfBXlWi30HrMbiDNmAGnJQFYHg2W7BwkbC3y0PAmG0c9jXDwZos+Cz+l9XV/1Go/Hh
HyLw91ME/eOdcKk8weiVGUCixsUFZMADx8orh0vlJfOnMjXVlgfeUtg+XCrsie1evMA8kMHZmcgA
A8fLK4NL5WU8V5r+8lLUlweOFVcOV7AH5fmecRFYyaBqkKkZiHmzTCgUIaEXBwYrzwcMNJicK6HP
ZfrWd2wDZoflxOEmnz9XQKA6+Wqp/qX+CLz/pbgaOpWICkzq8gZlBG2rv2oO13vNRquT/Cpb3Xbq
sHDSXrUNSBhu/KfVISosrQyGYi7QNVRdINGFjVwqGSjNITmDVWGvzIhRipN4kIwHJBYneqvBn0Qk
laq5LESxA016ZjQfeh3+lDBJzrUmf0qkZ503oAl8kfwqW1oEaY695Zqz2epPqOBub6Kg0aCtwG4S
cqm0ZVyha6vYsljCyaJdgrTBJRirzoHkPdYztH8QhVehP1FALht2Yv00+QB2FNAKDvIKmHTGhqWp
mr2fxU8REUUOb1tD/CipJQfGiYGP5xwLcBGvQec4TH8Ky2g/UF/wtUGe/wL2ewwDpYEM4W2+nvGn
AtaniYyiWQE3VUt7I0Ul06ECFdi6Ay3X8n10xp9KuMFK0gCCcVWo4mKypDo5aDtuoPdzL0q4jXwt
MclbXf5Uwt+deghLbW3r7RmLIViKEdv62iFGgalkPJXP2djN2gO1cFaIRJunMjM+U7Rk5iQ80OLM
O0no0ZE6kbg6CrBdu57jpDafQfCTAbAars5nXx1jabtFflFgBtpo4YQZc4yuZ8NFGlBe+C5RHYbv
RTNgBF/0wE0soKy/XrdO4Bu8LzU33q54ZmLaydRiTyPbgv7GTU8tdm0jGcuEu4ku7LC1sU/aprsi
JfnyXVKNuZDtITtKMdA8Fj9qzrbNlpWwNIHn/fy2bIFI8WMXpPSW76AB7azebtQbyoCvv9rKFWir
OIC1/CDcucbm8o76+ReIGIIJDwvqZ757LHaWePh6sajdsbUX2WJ3GfHjy7s0iPs+IvwUrDoi2S2I
EJasL5AGK7wfSfhueTuRw98uRKrF7G50PU1Ii8VtFuRbcRhe3i5qi/lMJJkFXuSBsg/5OtqIkn0j
S2wVhSfq2vM3uPHCt4/wCZH2Vvf5E14cE19gbdfmT4gKohCiQtwmCikvlAL8CdSIObDAh18gKTdC
Ytjtfq/mGzVg2naLqi+tVacgeiDqtFlv1JtM+fUWVtQSuVlv1c+wlxaLGzkeYsJw04JknXpLUWAV
wPjzlDRbCSt8mDqh535Ql0D/4bkMzwV0VFpytrhHU+8r+xhsBm74uroDfMDN2ihB4U5kaOunPwd6
6Ho70J9P71h9Y60TU1mDNbQdiVV2u1k/6/FVgwgWsJ67zsDdeqvdbktBDg5jN7BhMQETz+Z64rxR
7/bbApu+pGhYs74RLLf/fjkUPzAM3haaP52cfp/c5rZ3RBTuH+f6vNFuNlvnOMogknKk+nm9qdws
IVHJHup32jYvJXg0WGW0BYjnrV5GmTNHf727LiPBio6taWOWvarAoYEe0EbyRYwWi4ncSFEp3qK9
UkUZ0x4HjLNtcvmDxwd8I1UIvqz051Q7/zQ2P4P5obOVYbV7PavfaBqM6azX7OvMMjvtfttiVqvD
zhrNlfrTO3iN10temMGAo7IO9Jf8WwEK5rjYeymX1DjflSswF8p26TZ6uOHPMvINxGNn8D1YKmNr
tuBfB/511XCjN/HRAsMcf7o9/Gn36a3bbKmgS9jWBIM0CfUaIoRYHmqDSfeysQPH9zwHJu6aBZDg
pC2CvUYaPG+lQQB0MkAnA0DRLrOCWPxgMWuUdTqar+2WagRG8lyplvvchDf8ATv8N0/XI3WjQ7fx
CvAgVYAHqQIUhBanwW4vBVC10mSdLFknS9bJknWyZN0sWTdL1s2SdbNkXVVRaHtf/JSNHCfgio3h
vkKqYT/AfCDaBwFJ5sezLNjBQn874/KTBr5Ake2G8WJa6/e753wdk72lCbjMfk8asRp5UwrltxC3
2fFZ1kEU/5zXZpCICzr6RXkoJdSpMxKCOJw290WiAIhDwpwwPW+k5DA7OUrnIj+pSX7LKs0pGp//
ZYBcbbqgLge+DTaHkOV4GnemCCEKlTNstDL4sRGMaA0nKs2WwP7NNXXmUEz04lk2yAeC4IRyvCf7
/EwCnbdUlE2B78Sh+qI/MXXleC+YCM99YRGkmiA8UjzJCUDjftdrxPQUDc2w16ABAqOl4lETtAjS
6YFheXGgShXH9Quv9spQDWulGlGgMmOluvjievDAf7yT1Xfwsjgs0521F4Ca3YYHVxYCTbU5CFS2
XM5ObgZgK0njNhLjxgkF7Tva0r69mag9yGYHSzjXTAMVQ59Qu2i4NWsme1ZrdPLb6DbaECQl1mmc
t9u9dgP62Op2m6alG/oZ6Pq+DipMN/tmo232WiDpfyJPDDy0FNmHyTgohhcwVRi9WSxthiLzC4rr
RRI1Oannuw1qsuyD6vRA0+p7BNye7XOKtCXbbnbbPdz9GHqOg2ML0oDcBcLINsJ0lZAR+S5JAQPW
OB72JgudUz052wdOBo0XSp15QhsFGq6A2YkeRxuNYzSia66O7AUL/jDErccShOEwPUgBCo51emxO
BanZsOZrqSq4Wgu1UGwQN8Q78DSDQk0eh24oLJJRSUwBJ5YfmgfSD/fOYOlbRRGdXSxQ8540nnkp
lXnWITIevYhNu6Mwy2aOqW1ZpB+FBrDcPoDB8wGdtkBDHzqcHcIaG91di41QGSZ3sWZkvkX7XQ09
VEGAzqmgSP1yCJF1ySEU9EYFudgRFTCpDzgC8GhsYua/x2AjcwHcUFzP1appwFwme8VsRE+tiOHy
cSGeY+YSchmAG9UsElGxWxLph1p5bCma9q0hxsU9B6eE4If5XERfQQoGU0Ls/qYTSaJ7Lm01y2Q8
jNQsFhmYMW4XQtbosSRKPwLyQwmQNoUQ3BdrP5tSVC6fXEG5bNLEb0NnvXsEL43PceR7cjXiIPQC
CadDSiNKB7eMkuuL8Mn2/TJ4QkjQhufv8DzwBQwCpoV6KkjzBJ8FuJWVEUk6iNZrkedpIZTjJFTX
xe27MDYMdJXMRVq67QhvxjTSpkmWzRiYppwgWLE0Q26xalkW+XgfDQawfUiWFSDsVRz1GE7iJJEd
/0hxph0mRctI0Hm2CSsuDTRB0hMSPc3dChgTwqNQxh4lTRNG2/JqFQmg8TWGfe4ZUIk40YpytL4t
xBvlcKMCjocUZfgkfi8BNcsoiyxCyyteUe/yalfUuqLSVXUuq3JpjRmY264Z+0VwRTTAK9CFWDJL
NHS8SIWBGyczqYS4sqsTgim4sw9kTGculVRIyY8gq6gH6rQ+RDaZYadSqIRuOZ5+ILUXrxxWTRbb
4KXEHRilB3prezjbgwAkgiG79at7Oz03L+80x1tVEpkbb6szZtW9tWYeGE98k7AU4EUbluuTle3q
wa6S+QrkAvsVqCUMWEDssWCBvseE+/SDtVsfBpSwYgGxx4zFHPbYsQgoMGSBXGTJvR7cHsv8CKSU
MYujsMeaxY4sMGeBXGTPYvbsUA+WsWgBIjGp7drpaiS1QWUBmgOgdZEno/fn77EtvVECcyWTWVIb
fOVLEMcOpTRGgJ4luVRm4Pm5iABVHfcc4RHhJo5M78WVYnIrXx4HHYBGjYb3VaQCZQNIhj3ZmZm1
zc73BSgdVXzLGIVDHX1HMwiMcLlpxaUQRsJ4oJuKGSdsRPlxl7hcXGIfpWtp3hPCeSF09GcmNx9s
GLGqKMSKkS3EoqsBnTalTp0SUTKG0jgYABbtZYJ+BskWsUQgbpM7CHS+W74EB+uBO/zJBnUlKDGu
Fc9cGYoyvbwYlh3uDPim3Sy1VPF+x5NIK4hSDGXjZGdA3+hU8+27f1gZ4YqcGce5A3RCwAQ0ng4i
UkdTWqUkjqQLus6iZkuXXEQ+JZ825d46Ms5/eRsuYd6jSODrxDskYFEcuKoeqnZYfM+lcQJHose+
Gnm0n6fS+B8g8VzIxysZxXuXHJn4Qid9yYD5bq9Aw4KIfK+H85H6EbjHof166GxUTHO2jh1QMaPX
ZFMz/FTGfJQ6OVGUdlf79TZdVWvVms1au/EO/sJa1dExhvvRZB5b3JFRCnIoZBtTsUVoFoJGXk7p
UXYcgNFmYD+LTX4VgHjhhJ6f6QYL3Z97Lj2VR5A6+r6UT0la9Ua9xSm4gZk/NKo3lcXDHYx18bi0
vWqbvU6rz9qtjq43Gp1m77yjG+z8/LzV6zT1htXpM7Ov/kQ518hdja7G4N4/Vi93TrI8Dvl1PDsG
Wf+w/fQ2jqhtQlsBrVUkJjce1I90Jw50jM8M53T1o/VJEZ4SZRckMjh6jqM3Vxg6nxQ+BiqvJBTg
g9FzCgOiiQE5Ub0ATTXgJQM3l/yIrqeAstipi41u2U91noMF1uhORclq/4CsAHQNygW3ui+Yjhfk
cI9yAj0Qh+qFx4I1CyAlej/jYh8v4kAmhXPCvRsy7Ro8ztE/Q/0Zd2B+OKz+DraHegrnq8RmKHci
RBz6i3uus8sJVUEBKyVgGh1Wy1TFj+gaWajIhyCNeqdbCwx0DbAcvrkhhyuOTohhV03rrNPvWK1O
29CbK52tep1ur7HqtFfN89YZO2udnZtGv4Hn+yHnEEVZCFYpdV9IL2zh/pEqvCmJH/llPhLPOVzi
TBfk0P7G11ISvlEMtw3VF9N8fc9hl6g63YvhNwqKPoECwMeOvfo2t0qa/Yb4KUC4/BWKhqKkYIb1
vCcbzCRvq/Ojhwr3yBwafaBSviipIkc5tsUKnrkFROKSSZ7Ip0VqiBKXVZQBjB/gnt/BSyhFsMPc
NS+xUJ+1oZk2SEpuCuQ8eiUIqDy5Tc1Op5H8yjCwfVf6ynZsfotS3ItKADhjcF0aovak2y+6IYaJ
XEO7eWTizVdS6cQ7EiTVYrRYjC9zLykMDH3gYiwKLKWjXYVzQvYwTu+/UiAPO+JRK5CpJ6qUq7iy
AT8pTniY0v1EvJOJR3RunL/ZUYUVc/tNWFj1/E4j8hf+rARubVdLwfkxLEKlkdCo96d32v3sdjq4
1Gbz6fUcoo6QK7MGrWfZr+RzlKdoZXFZNiHuE+I0Cst7Beg4g4+CcO0NC6YyJ2UJFeHlWC20TfnC
Y7jZer74KfV3WpCq+z65TYLo1haWieyCEcNWeqe3Om+cNxvtHpgr7Xaj0zPb5ybrmvA4a6+MVr/Z
a4FOEH5sZcWHdBkCFBW/4RuWerQtZrf0KMshvdoe8lvvsIpHwok6hbVhMIZ/eEXvBIxcMh2fWRa1
YOwJsVKM70xX/MCJXhYx3eNXhtmVtgFd0sqSDIJA3xVep5TqRL3QzSshOoZg8Ixe0WyBF6JMWLTx
zEL8EPQCLMiz/IbCc5z74WXx6f19KYrUh5TZaOtHEh0v5If0EYtcXC7ba8dbZW9j18KdDybHPKN/
4CBYx2gdSYUlmAx7S4JegtyiMpTo3to2JDJdTvfl4bjz5gy9x7MYGNSpdQGDbIZSSoqd456EHAmD
aMHKVYqa6QFUWuKJQpKURwqDmsbvDY9EKR+nFFAyYCmtMtF+p6Yk8u8siV8GjMnReRTMDlCcUpOB
yS9xe3KHuwbMvAVziyKRWdAXPX1JeJpeX5lJXUSvNwwdryEwsd0srL+mYZ50ATXQ14xiZoGN7kS7
f8Ys5jFZaBFBN1Joyba+XPS9a+4N6b0LVhidZpIJl1IUvNsBrNsGwfHPWwyUCY+EBJI1BhPmWTaW
z9BNSCBkP9p2/Qz+b77HrOQ1qe/diSx3jcLvi5h6gDfGd6DUbCMtfVEh/nBRtBBXbFIQfkgj+QjN
H7qGjiIviOq6UbhcLuJXWFimaURsctOl+mozx8HKhUUae9ZL8pDuhyRFokEubng4tgumt4vujqGU
NtnX4QpFvqzaFvdalINXlPDWeMDo6DqoJ3e39a+wjrJOQGyIkIW35r6GgXFC7p0UwlPur5b+xNDC
3f3BZPzODcwPt3o5qETeE3NxCaQoyyRYqjBx4aMo3y4vv5eReXyyOsvWVXIOr7RNnPwe9axs1dvK
+HKk/sy4uU2fRVIkB0VfvuOR2BLK5cW1r9boWzWQ0yW7iK/xsyXJhRCyNRLwZ3LD7b7LhZzXnq/n
yFGteOeI0w3H1uiyqcRyCYk7zGnAmvbaRZ0XVuQhgOLiZ96YK2Do8qXMvAW62Bw8WE5y87EMAXIM
OEnjI1VWkWSyHEDEW78+nE5/Ho8q+VGGju4e3oS7Gt+OFm9CXo+Wb8LNpou3Aeejf96P3ohdjOYP
o/kbobSYeAs2+aRDVYeT11QlEYweWIa4Yom1N+yJk2l6KlTMhG7j4rayxq+YHauxbbInPp0PoXAL
eu8SL1514D8JDHmSlknAt+l5ULGGICSwkigHYSm11qOK+ZrhyBg/ApKY/BgIhIS9Fh9OOgAWXvdC
iz/SowqULEtpx2cdgEJGp/36X/zSyCSXgG29iGkouMr2ofKo5EAt0bsHgLSnw/et0rM+dBtOfgsJ
DnWdgEgbCuZq7Se/RVTxQm7+dm4efOjOeR6ZHcz8Ln4KgERpnYvdJPxNIKFBzvCljaO7qiwxJiXd
UeBYwlE7DghkAqErj8mcve/MCAyV8CYu5MhsCudVCKfys8uwknyAf3OIhHkpsv4XQw4nCWhCi6+w
oDCAFZJjBuILBa2++KlCJ4e0+xJjDwljQTtd/N6gotC1lO/563biTgrG3kHdQ7/w4bLszgqkbu3f
VaF7xuRxTFnPU+fjzDDaOtxIJMC3INneTQE/bF9RfrV9OTL7HFxxZ91sM6N1ttItplvtRut8tVq1
++zMZJ32mXVurXRzZVlnjTaYPZhn/nypWW8osDb4kSc06s0GNgU/OabwS6pldwv5VZBvAcrQgH8o
TfoS2+fTUyX3LTVE0EfMQL3gJQzxSTNQSfimlF3/ofuwYBjypWUZ5e2WHBUmuLJwDiXf2C5HZYop
/YSEjDz2LQf5e4MTWimGisIDxGWKMnKf7cAj81BRHsSNeMyDV35we3sPFsViNp+i/ZN8FZF/BQ6v
7SqD2exysBwIyj2sBcJHbkQ/DnwfIY9zD9aC7hq/RzaZ3tGe5WCSmlNZfnyf51HY1PSCaWb3y9H8
bjAZZfZ5bTZEymI2GuY/6PjIt4narUdja4JhwZSrmXY31W7A1NKGN6MhfZTibqrcTCej0m88brwt
Ew0g0OV8/CCQ9D4bLG9I7MhNVW6nw8HtG7qCGAXQ19O7zFB7fMxadXc/uRjNtekV7u0OwUCbzqmX
Wsp0IX3BVbtbKklNSlr/JYuTgo+LpHO+rdi2nMAjZvitwMWGOc7jM0zVxy97g3RtR9jF+4SJbQRe
6FlRuoSfcXdqHS3Epec5T5CUKo8H0vhFBhjJL/XR99GX+sVg+aU+nFx+qT9cLPABcf+7wH8Q+La4
wsfNl/pkMVTS7tEG8+HNeDkaLu/no+S7sRkV1nZ3y/HVmHc10NQr4EZnp/ZwRsDcanbVRcR88ibC
TwdeMzcGXsDtCUfK53b0MKIrUHLm89HDODGhG1bDVI4xNwImM2r2T7OfrpXZgs/G/U+TZpxcMSZi
PkNX3l/cjoc5rpvFK8c2FGmelsxcYf4nM2sIatdzmLL4ZbEcTWS25zHz6XRZ+HoqxM6OcvsjboYB
dE5fXQB1EmyV5ZvTofS5nE4G47v87Mf4vEygqLycyk3Rb+O7y/G80ALxhQ8yk3AdkN6/bu+RwLaz
sg/DXjwsL2wX6hhG4aNwC8CLN7B6fTRCW4DxI0Tiu4HJx0bKpKzGZcG/PhTE7Yf/Kxm2DMzFTQo6
KHvTVPtCuFhKmRiWk6fymCfMxkQGoWhOM64UzmmKopTmSUFOpwiUvVlNK0V2Dk9MnCTKk1D+cEqe
S1KQLNEPdzGX6VLCVLiLAh5LuqhMznN4KwNNRZQk9FNa1oD/SPmfawcoAt6UP6YKsrxKdQLPGrVC
CTBTDynsXQqiJEvSFDy30iITpcEhpDZk1JF5mcOCKuEoUiYZRdIq1ZPwmF7JsiMFU5gEQsVkoExE
HRZbktoRQKF4MkSmgfYnb6aMii3LMKiX3jBnuYaRUs0ngglISWWEP5JbprgqxWSiw2RAnlrUA+Wi
imu26u4oVXIc3q5GCRWWZvsOjZcxBbks3F7xTDKpXZvM6ui9kY3qcD6eLbWsN45jsWPehEcJoy3n
g7vF7WA5ujyKv5wO7ycgFbSMyTKi2IrVluPJSLu6nQ4Eotnu9ztn7X7vvN7vNTrlCYrQDIXfvONU
Op1UPtInr//VqKgrEZtETD/Lr8MyXfmk5PI0UpUyunt4o3nBke+yLSjJHzQskrTVVkWCeKNJQfBq
e4LIbzUmUnBBGKXxlWYEId5tQ4hUhwwIghy0HghRZjoQ4T/dbkgb8WeNBp7RMYuhgPrT5kIhv7yt
UCCWGQoJ5KiVkAALJgKP/vfYBzyvQ8YBRxyzDAhVbRZwcplNIFHKDQICvM8aEEkKpgCPfXc+B4yA
lL5vAaSkw+qfYFW6n4iHFX8p5E9ofVrn3toGc0OW/2sREMRrxipO7xc9YF/UnRer+MdTAmba6CO4
wutQdoQe7qdegF4ttrVTIAKPDgP6CxM4EGHy5yakovASi4/8hp99QKf5hH4deLGvoM+8ONnGAFHT
MnEfVsRhMz6rKvDyCISvsteArJ5pNhvPh2pt9Ahr/oJX1VYM3b+t2DlRAKl+Gy9v8KPvg7tf1G+D
OZggy1++qOJvBqnsmfF86No7ZAtdE+hutINGKpMRyCPADy7Gt+PlLyp0ytV4eYeuoFfTuTpQZ4P5
cjy8vx3M1dn9fDZdjOqKMraoZ03bpC/1iNtaqq7iBw7kvnN43+HVBPwYGUDcnUJfyqXTF32FFcyA
wBknqu8w/Eaj4bmRbkRJFv+DfwzHZVFd+X8=


```
