```
# PocketMine-MP Error Dump Tue Nov 26 16:44:03 KRAT 2013
Error: array (
  'type' => 1,
  'message' => 'Call to a member function setBlockRaw() on a non-object',
  'file' => 'C:\\PocketMineCNR\\src\\API\\PluginAPI.php(87) : eval()\'d code',
  'line' => 118,
)

Code: 
[109] 
[110] 
[111] 
[112] 
[113] 
[114] 
[115] 
[116] 
[117] 
[118] 
[119] 
[120] 
[121] 
[122] 
[123] 
[124] 
[125] 
[126] 
[127] 
[128] 


PM Version: Alpha_1.3.10 #618 [Protocol 12]
Commit: 0000000000000000000000000000000000000000
uname -a: Windows NT 15INCH-PC 6.1 build 7601 (Windows 7 Business Edition Service Pack 1) i586
PHP Version: 5.5.6
Zend version: 2.5.0
OS : WINNT, win
Debug Info: array (
  'tps' => 19.978899999999999,
  'memory_usage' => '14.02MB',
  'memory_peak_usage' => '14.39MB',
  'entities' => 5,
  'players' => 1,
  'events' => 13,
  'handlers' => 12,
  'actions' => 26,
  'garbage' => 0,
)


Parameters: array (
  'input' => 
  array (
  ),
  'commands' => 
  array (
    'enable-ansi' => true,
  ),
  'flags' => 
  array (
  ),
)


server.properties: array (
  'server-name' => 'Minecraft: PE Server',
  'description' => 'Server made using PocketMine-MP',
  'motd' => 'Welcome @player to this server!',
  'server-ip' => '',
  'server-port' => 19132,
  'server-type' => 'normal',
  'memory-limit' => '128M',
  'last-update' => 1385306923,
  'white-list' => false,
  'spawn-protection' => '16',
  'view-distance' => '10',
  'max-players' => 20,
  'allow-flight' => false,
  'spawn-animals' => false,
  'spawn-mobs' => false,
  'gamemode' => 2,
  'hardcore' => false,
  'pvp' => true,
  'difficulty' => 1,
  'generator-settings' => '',
  'level-name' => 'lobby2',
  'level-seed' => '',
  'level-type' => 'DEFAULT',
  'enable-query' => true,
  'enable-rcon' => false,
  'rcon.password' => '******',
  'send-usage' => true,
  'auto-save' => true,
)


Loaded plugins:
CNR Plugin alpha 0.0.0 by PEMapModder
PMFdecoder 1.0 by wies
Redstone Plus 1.0 by TEmeraldPE
SimpleWorlds 0.2 by shoghicp
WorldEditor 0.8 by shoghicp


Loaded Modules: array (
  0 => 'Core',
  1 => 'bcmath',
  2 => 'calendar',
  3 => 'ctype',
  4 => 'date',
  5 => 'ereg',
  6 => 'filter',
  7 => 'ftp',
  8 => 'hash',
  9 => 'iconv',
  10 => 'json',
  11 => 'mcrypt',
  12 => 'SPL',
  13 => 'odbc',
  14 => 'pcre',
  15 => 'Reflection',
  16 => 'session',
  17 => 'standard',
  18 => 'mysqlnd',
  19 => 'tokenizer',
  20 => 'zip',
  21 => 'zlib',
  22 => 'libxml',
  23 => 'dom',
  24 => 'PDO',
  25 => 'Phar',
  26 => 'SimpleXML',
  27 => 'wddx',
  28 => 'xml',
  29 => 'xmlreader',
  30 => 'xmlwriter',
  31 => 'curl',
  32 => 'sqlite3',
  33 => 'sockets',
  34 => 'shmop',
  35 => 'pthreads',
  36 => 'com_dotnet',
  37 => 'mhash',
  38 => 'xdebug',
)
Memory Usage Tracking: 
MzTUM7LwddIx1DG1NjTWszSBsAE=


phpinfo(): 
zV17c9s4kv+fn4KVm71Kdi1Zb8vJZutkWbZ1Y1laSXYys75iUSQocUyRHD5sK5/+uhsgCVKkZM9s
1d1MhQLRPzRAoNHdeNrf+LZreR8/KbObmfrAgtD2XPXrP9RuvVvvKcpiF0ZsixHfbNf0XkL1bqk2
u+O74U1tNlR79aa6im3HVM96jab6MQGdqRdxaLssDNWRaUfIc8GCZ9tg6kw3ntTmJ9Xu9nvKBaW9
1COGWdx5z2qzpbYazbbabH5unX/utpSht/VthwUImCwehk3I5sEOY91Rh3/7G4Jbn5RBYGzsiBlR
HBCnV+A99FzLXmMEsNjqrokEIzQC24/UU9dzvLWnGgmo/luoqh9qNebqK4fVQlf3w40X1ejrPiDF
tEMiwY9vf5CwJlvF65oP30WxL3a08eKotg3D351cjG96ZbF2+4Wt0ihCeYb9dfj50d/4tdB8evQC
3XDYo+2Gke5GhmMzN2o2HoF0Em70gJlZakjZ/xNJa83m+mjyZjG5qAhv9Rs0QQ0/yrSDr/X6KcSc
ygjD29ZML3JZ9LWY+9YIdj5ER3pkG7kK51E13dWd3Q8mVdTa+6CgWIFwDGZjbN6kpW9B9tSxG7HA
0g2mPNhBhAJzaQdQQC/YqYvY970gwjS8aGYqLzqJ6xXInPoRqqFuu/YnkNpoQxl8fhQyrtx6uslM
tSQZx80844lFEyjJ8G7+uLJdrNRHwVFZGLqrRhs7VKGqVMsLVN3kPQXKiQjVAlYh8vroei4DGS+l
+3oQMlOCYT8WtYF9o9lstilu9BoxN+ndRIH/lV8Z1FaeVEXjfRUQwD0FnSwXJ9gnC1nksEXoJfaX
DOJ6ynITMN1UF7rFop3cJlSEhb3Gj76BhnVsd410IRoCMGFbbNMJSMiaK4pc+knsRPZqBzpGavWU
w3j23CsTh8sliH55EmXO1jboRZBfFb97EUHxt9RW0Lwn1DIn6trxVieqqUf6ibqJIozHxw8bHtAP
/AC0Y/2HYwPIh74gM+UM1QVJkAoFcUMsBOUQGZA+Nv0SPAgfvBMK9Bp0i6huY6D+1xOVdy8KmSwN
h1EANVoPvKjZTt8iD76ZBdK7471I7/jja5G+Dk/SfP5KwTDeMhO+mRmb2H2Cb4Wvq/9VgfYFOfcD
bx1AKbf6E8htHDLVs6AHMJU3MullbN5b3V3H0JDqyF1D5/ks5JBe1OcW2KXGCfQ6fxfY602kfjQ+
qc3z836NzAZhl5A/6XebhYoK/6G6UL+TnkYOrXq7yKHVaLSIw4m62qmXLLDBSs1ZtIGqVxRF1f49
/wGrnL5QlJWxBdWiKBfDCaqYcF8QFa617GdSLLeeAX3hQXdiep3oKAL8XfCqh4AgYoMeioLvrgki
pgxFqDQfEEqNK2cATidlmMtCfNol6ncgqH+q8JB7XXdA0jQTglLxiRCD1hbyrhl6yEJUNAnbJj32
gdHOZyCBh3iB8K68kBUghmcyzUcZJP2kPiclTsKEEuw1S+j8UiC0dwDPcu/qzZXDKyYOHM3yfEYs
puIp0WzXcGKTUk8tS/wA/UXfhZrv+bEDjpYW6C/wEkYaqqYiNlhrIQObokMdgZXxY2rN/6RHgQpm
vkAOuVYo8oT61nTQKK55uKoIiFpTd0LtNzvKfyUSQWceZ7MKwDobul8JMJmlg0nQjA3aTsomjqxa
HwP3y6taP0Vs7S3DVia9y16j0020dXIviugBmuHoYcjtdXmmAmfFroE9/yDSd/SdxoLA48p8sbyc
3i9FaDSfpxDwjMCx8SVoWl+mZ2iB50XV2XhGwCwNPuQY5CAb3tE108nlLmJTMdPQvgvbnYGw1Ilk
cNtSnQ1hQaUfQSQS8iZ2gAV1JXDt1ln3nDtA3ea5wl7tSPNcLQIR8LiYSzLNXuHT4Ps2fv6LEgdI
Q6cO1SCvXfhRUGa12HfAayz2kA2YIQdNESie7RY8bCT83fIgEEY7h339YIA1Cz6r/3F11W80Gh/+
IQJ/P0XQP94Jl/ITgl7JABI1Li6AAQ8cy68cLuWX9J/K1FRaHnhLZvtwKbMntnvxAvMAg7MzwQAD
x/Mrg0v5ZTJXmv7yUpSXB45lVw5XsAbl/p5JEXjJYGpQqBmoebNMKRQhoRcHBivnAw4adM6VsOcy
fes7tgG9w3LicJPnzw0QmE4+Wqp/qT+C7H8pjoZOJaICnbr8gzKCttVfNYfbvWaj1Ul+la1uO3UY
OGmv2gY0DHf+0+IQFYZWBkM1F+gami7Q6MJHLtUMlOaQnsGisFdmxKjFST1IzgMSix291eBPIpJJ
1VwWotqBT3pm1B96Hf6UMAnnWpM/JdKzzj+gCXKR/CpbGgRpjr3llrPZ6k8o425voqDToK3AbxJ6
qfTLuEHXVrFlsUSSxXcJ0gaHYKyaA+l7LGdo/yAKL0J/ooBeNuzE+2nyBuwoYBUclBVw6YwNS1M1
ez+LnyIiihz+bQ3xo6SeHDgnBj6ecyLAVbwGleMw/Skso/1Ae8HHBnn5C9jvMTSUBjqEf/P1jD8V
8D5NFBTNCrirWlobKSrpDhWowNYd+HItX0dn/KmEGywkNSA4V4UiLiZLKpODvuMGaj/3ooTbyNcS
l7zV5U8l/N2phzDU1rbenrMYgqcYsa2vHRIU6ErGU3mfjd3se6AUzgqR6PNUMuM9RUt6TiIDLS68
k4QeHSkTqaujANu16zlJavMeBD8ZAIvh6rz31TGWplvkFwV6oI0eTpgJx+h6NlykAeWFzxLVofle
NANa8EUP3MQDyurrdesEvsHrUnPj7YozE91OphZrGsUW7DdOemqxaxtJWybSTXThh62NfdI2nRUp
4ctnSTXmAttDfpRioHssftScb5sNK2FoAs/7+W3ZAJHixy5o6S2fQQPaWb3dqDeUAR9/tZUrsFZx
AGP5Qbhzjc3lHdXzLxAxBBceBtTPfPZYzCzx8PViUbtjay+yxewy4seXd2kQ531E+ClYdUSyW1Ah
LBlfIA1GeD+S8N3ydiKHv12IVIvZ3eh6mpAWi9ssyKfiMLy8XdQW85lIMgu8yANjH/JxtBEl80aW
mCoKT9S1529w4oVPH+ETIu2t7vMnvDgmvsDYrs2fEBVEIUSFOE0UEi/UAvwJ1Ig5MMCHXyApN0Jj
2O1+r+YbNRDadouKL41Vp6B6IOq0WW/Um0z59RZG1BK5WW/Vz7CWFosbOR5iwnDTgmSdektRYBTA
+POULFuJKHyYOqHnflCXQP/huQzXBXQ0WjJbnKOp95V9DH4GTvi6ugNywN3aKEHhTGRo66c/B3ro
ejuwn0/vGH1jqRNXWYMxtB2JUXa7WT/r9c6kYAHruesM3K232u22FOTgMHYDGwYT0PFsbifOG/Vu
vy2w6UuKhjHrG8Hy998vh+IHmsHbwudPJ6ffJ7e56R0RhfPHuTpvtJvN1jm2MqikHKl+Xm8qN0tI
VDKH+p2mzUsJHjVWGW0B6nmrl1HmzNFf767LSDCiY2uamGWvKkhooAc0kXwRo8diojRSVIq3aK5U
UcY0xwHtbJtc/+DyAZ9IFYovy/05tc4/jc3P4H7obGVY7V7P6jeaBmM66zX7OrPMTrvftpjV6rCz
RnOl/vQOWePlkgdm0OBorAP9Jf9WgII7LuZeyjU19nflCtyFslm6jR5u+LOMfAPxWBl8Dpby2Jot
+NeBf1013OhNfLTAMcefbg9/2n166zZbKtgStjXBIU1CvYYIIZaH2uDSvWzswPE9z4GOu2YBJDhp
i2CvkQbPW2kQAJ0M0MkAkLXLrCAWP5jNGnWdju5ru6UagZE8V6rlPjfhDX/AD//N0/VI3ehQbbwA
PEgF4EEqAAXhi9Ngt5cCqFhpsk6WrJMl62TJOlmybpasmyXrZsm6WbKuqig0vS9+ylqOE3DExnBe
IbWwH6A/EO2DgCT941lW7OChv11w+UoDH6DIfsN4Ma31+91zPo7J3tIEXGe/J40YjbwphfJbiNPs
+CyrIIp/zlszSMQVHf2iPpQS6lQZCUEsTpv7KlEAxCJhTpmeN1JymK0cpX2Rr9Qkv2WF5hSN9/8y
QK40XTCXA98Gn0PoclyNO1OEEoXCGTZ6GXzZCFq0hh2Vektg/+aaOnMoJnrxLBv0A0GwQznek31+
JoHOWyrqpsB34lB90Z+YunK8F0yE674wCFJNUB4pnvQEoHG+6zVieoqGz7DXYAECo6XiUhN8EaTT
A8Py4kCVCo7jF17slaEa1ko1okBlxkp18cX14IH/eCWr75BlsVimO2svADO7DQ+OLASaSnMQqGy5
np3cDMBXktptJNqNEwrWd7SleXszMXvAZgdDONdMAxVNn1C76Lg1ayZ7Vmu08tvoNtoQJCPWaZy3
2712A+rY6nabpqUb+hnY+r4OJkw3+2ajbfZaoOl/op0YuGgp2IdJOyiGFzBVOL1ZLE2GovALiutF
EjVZqeezDWoy7IPi9MDS6nuEduus1+cUaUq23ey2ezj7MfQcB9sWtAFtFwgj2wjTUUJG5LMkBQx4
47jYmwx0TvVkbR8kGSxeKFXmCU0UaDgCZid6HG00jtGIrrk6ihcM+MMQpx5LEIbD9CAFKNjW6bI5
ZaRmzZovpargaC3UQjFB3BDvINMMMjV5HG5DYZGMSmIKODH80DzQfjh3BkPfKoqo7GKGmvekceal
VOZZh8i49CIm7Y7CLJs5prZlkX4UGsBw+wAG1wd0mgINfahwdghrbHR3LSZCZZhcxZqR7S3ar2qo
oQoCVE4FRaqXQ4isSg6hoDYqyMWKqIBJdcARgEdnE5n/HoOPzBVwQ3E9V6umgXCZ7BXZiJpakcDl
40Jcx8wl5DoAJ6pZJKJityTSD7Xy2FI0zVtDjItzDk4JwQ/zXERdQQoGXULM/qYdSaJ7Lk01y2Rc
jNQsFhnIGKcLgTXuWBK5HwH5oQRIP4UQfC/WPptSVI5PLqMcmzTx29BZ7R7BS+1zHPkerkYchF4g
4XRIaURp45ZRcnURPtm+XwZPCAna8Pwdrge+gEPAtFBPFWme4LMAp7IyImkH8fVa5HlaCPk4CdV1
cfoujA0Dt0rmIi3ddsRuxjTSpk6W9RjoppwgRLGUIfdYtYxFPt5HhwF8H9JlBQh7FUs9hpNsksiW
f6Q40w6TrGUk2DzbhBGXBpYgqQmJnnK3AsaE8ijksUdJ04TRtrxYRQJYfI1hnXsGFCJOrKIcrW8L
8UY53KiA4yJFGT6J30tAn2WURRah5QWvKHd5sStKXVHoqjKXFbm0xAzcbdeM/SK4IhrgFehCLLkl
Gm68SJWBGyc9qYS4sqsTgiu4sw8wpjWXSiqk5EuQVdQDZVofIpvMsFMtVEK3HE8/kNqLVw6rJotp
8FLiDpzSA7W1Pcz2IACJ4Mhu/eraTtfNyyvN8VaVRObG22rGrLq21swD54lPEpYCvGjDcnWysl09
2FUKX4FcEL8CtUQAC4g9ESzQ94Rwn36wdOvDgBJRLCD2hLHIYU8ci4CCQBbIRZHcq8HtMeZHIKWC
WWyFPdEsVmRBOAvkongW2bNDNVgmogWIJKS2a6ejkdQHlRVoDoDeRZ6Muz9/j23pjRKYK5nMktLg
Kx+COHYopTEC3FmSS2UGnp+LCNDU8Z0jPCLcxJHpvbhSTG7ky+OgAtCp0fC8ipSh7ADJsCc7c7O2
2fq+AKWtim+ZoHCoo++oB4ETLn9acSiEkdAeuE3FjBMxIn58S1wuLvGP0rE0rwmxeSF09Gcmfz74
MGJUUYgVLVuIxa0GtNqUbuqUiJIzlMZBA7BojwnuM0imiCUCSZtcQWDz3fIhOHgPfMOf7FBXghLn
WvHMlaEo08uLYdnizoBP2s1STxXPdzyJtIIoxRAbJ1sD+karmm+f/cPCiK3ImXOcW0AnBHRA4+kg
It1oSqOUZCPpgo6zqNnQJReRT8m7TfluHRnnv7wNlwjvUSTIdbI7JGBRHLiqHqp2WHzPpXECR6LH
vhp5NJ+nUvsfIHEutMcracV7lzYy8YFO+pIB89VegYYBEe29Hs5H6keQHofm66Gy0TDN2Tp2wMSM
XpNJzfBTmfBR6mRFUZpd7dfbdFStVWs2a+3GO+QLS1XHjTF8H022Y4tvZJSCHApsY8q2CM1C8JGX
U3qULQdgtBnYz2KSXwUgHjih52c6wULn555LV+URpI6+L+VVkla9UW9xCk5g5heN6k1l8XAHbV1c
Lm2v2mav0+qzdquj641Gp9k77+gGOz8/b/U6Tb1hdfrM7Ks/EecabVejozE494/Fy62TLI9Dfh3P
jkHWP2w/PY0jSpvQVkBrFYnJiQf1I52JAxvjM8M5Xf1ofVLETomyAxIZHHeO426uMHQ+KbwNVF5I
yMAHp+cUGkQTDXKiegG6aiBLBk4u+REdTwFjsVMXG92yn+qcgwXe6E5FzWr/AFYAugbjglPdF0zH
A3I4RzmBGohD9cJjwZoFkBJ3P+NgHw/iAJPCOuHeCZl2DR7nuD9D/RlnYH44rP4OsYdyis1Xic9Q
vokQcbhf3HOdXU6pCgp4KQHTaLFapip+RMfIQkVeBGnUO91aYODWAMvhkxtyuGLphAR21bTOOv2O
1eq0Db250tmq1+n2GqtOe9U8b52xs9bZuWn0G7i+H3IJUZSFEJXS7QvpgS2cP1LFbkqSR36Yj9Rz
DpdspgtyaH/jaykJ3yiG+4bqi2m+vmexSxSdzsXwEwXFPYECwNuOvfo290qa/Yb4KUC4/hWGhqKk
YIb1vCcb3CRvq/Olh4rtkTk07oFK5aKkiBzl2BYr7MwtIJItmbQT+bRIDVHjsoo8QPADnPM7eAil
CHaYu+Y5FsqzNjTTBk3JXYHcjl4JAiZP/qZmp9NIfmUY+L4rfWU7Nj9FKc5FJQDsMTguDdF60ukX
3RDNRFtDu3lkspuvpNDJ7kjQVIvRYjG+zL2kMHD0QYoxK/CUjlYV9gl5h3F6/pUCediRHbUCme5E
lbiKIxvwk+LEDlM6n4hnMnGJzo3zJzuqsKJvvwkLo57fqUX+wp+VwK3taik434ZFqNQSGtX+9E67
n91OB5fabD69nkPUEXIla7B6lv1Ke47yFK0sLmMT4jwhdqOwvFaAjj34KAjH3jBgKtukLKEiPByr
hbYpH3gMN1vPFz+l+50WZOq+T26TIG5rC8tUdsGJYSu901udN86bjXYP3JV2u9Hpme1zk3VNeJy1
V0ar3+y1wCaIfWxl2Yd0GAIMFT/hG5buaFvMbulRxiE92h7yU+8wikfCiTqFsWEwhn94RO8EnFxy
HZ9ZFrVg7AmxUozvTFd8wYleFjGd41eG2ZG2AR3SypIMgkDfFV6nlOpEvdDNK6E6huDwjF7RbYEX
okxYtPHMQvwQ7AIMyDN+Q7FznO/Dy+LT8/tSFJkPidlo60cSHQ/kh3SJRS4ux/ba8VbZ29i1cOaD
yTHPuD9wEKxj9I6kzBJMhr0lRS9BbtEYSnRvbRsSmQ6n+3Jz3HlzhrvHsxho1Kl1AY1shlJKip3j
nIQcCY1owchViprpARRakolCklRGCo2axu81j0Qpb6cUUNJgKa0y0X6lpiTa31kSvwwYk6PzKOgd
YDilTwYhv8TpyR3OGjDzFtwtikRhwb3o6Usi0/T6ykyqInq9YbjxGgIT283C+msa5kkXUAJ9zShm
Fti4nWj3z5jFPCYLLSKoRgot2daXs753zb0mvXfBC6PVTHLhUoqCZztAdNugOP55i4Ey5ZGQQLPG
4MI8y87yGW4TEgh5H227fgb/N9/jVvKS1PfORJZvjcL7RUw9wBPjOzBqtpHmvqhQfzgoWogjNikI
L9JILqH5Q8fQUeUFUV03CofLRfwKM8ssjYhNTrpUH23mOBi5sEhjz3oJD+l8SJIlOuTihIdju+B6
u7jdMZTSJvM63KDIh1Xb4lyLcvCIEp4aDxgtXQf15Oy2/hXGUdYJqA0RsvDU3NcwME5oeyeFcJX7
q6U/MfRwd38wGT9zA/3DrR4OKpH3xFwcAinKMgmWGkwc+CjKt8vL72VkHp+MzrJxlczhlaaJk9+j
Oytb9bYyvhypPzPubtO1SIq0QdGXz3gkvoRyeXHtqzW6qwY4XbKL+BqvLUkOhJCvkYA/0zbc7ru2
kPPS8/EcbVQrnjnidMOxNTpsKolcQuIb5jQQTXvtos0LK3gIoDj4mXfmChg6fCkLb4EuJgcP5pOc
fCxDgB4DSdJ4S5UVJOksBxDx1q8Pp9Ofx6NKeZSho7uHN+GuxrejxZuQ16Plm3Cz6eJtwPnon/ej
N2IXo/nDaP5GKA0m3oJNrnSoqnDaNVVJBKcHhiGuGGLtNXuyyTRdFSoyodO4OK2s8SNmx0psm+yJ
d+dDKJyC3jvEi0cd+E8CQ5mkYRLIbboeVCwhKAksJOpBGEqt9aiiv2Y4csaPgCQhPwYCJWGvxcVJ
B8Bi172w4o/0qAIlw1Ka8VkHYJBx0379L35pZMIlYFsvYhoqrrJ5qDwqWVBL7O4BIM3p8HmrdK0P
tw0nv4UEh6pOQKQJBXO19pPfIqp4IDd/OjcPPnTmPI/MFmZ+Fz8FQGK0zsVsEv4mkNCgzfClH0dn
VVniTEq2oyCxhKPvOKCQCYRbeUzm7N0zIzCUw5ukkCOzLpw3IZzK1y7DSvIB+c0hEuGlyPpfDDmc
JKAOLW5hQWUAIyTHDMQNBa2++KlCJ4u0+xpjDwltQTNd/NygotCxlO/543biTArG3kHZQ79wcVl2
ZgVSt/bPqtA5Y9pxTKzn6ebjzDHaOtxJJMC3IJneTQE/bF9RfrV9OTK7Dq44s262mdE6W+kW0612
o3W+Wq3afXZmsk77zDq3Vrq5sqyzRhvcHuSZX19q1hsKjA1+5AmNerOBn4JXjin8kGrZ2UJ+FORb
gDo04BelSTexfT49VXJ3qSGCLjED84KHMMSVZmCS8E0pO/5D52HBMeRDyzLK2z05ykxIZWEdSj6x
XY7KDFN6hYSMPHaXg3zf4IRGiqGi8ABJmaKM3Gc78Mg9VJQHcSIeefDCD25v78GjWMzmU/R/klsR
+S1weGxXGcxml4PlQFDuYSwQPnIn+nHg+wh5nHswFnTXeB/ZZHpHc5aDSepOZfz4PM+j8KnpBdPM
7pej+d1gMsr889psiJTFbDTMX+j4yKeJ2q1HY2uCY8GUq5l2N9VuwNXShjejIV1KcTdVbqaTUekd
jxtvy8QHEOhyPn4QSHqfDZY3pHbkT1Vup8PB7RuqggQF0NfTu8xRe3zMvurufnIxmmvTK5zbHYKD
Np1TLbWU6UK6wVW7WypJSUq+/ksWJwUfF0nlfFuxbTmBR8zwrsDFhjnO4zN01ccve410bUdYxVQI
XFjGmxWgRb7UR99HX+oXg+WX+nBy+aX+cLHAB8T99wL/QeDb4gofN1/qk8VQST9TG8yHN+PlaLi8
n4+S+18zKozR7pbjqzGvMqCpVyBVzk7toWRDH2l21UXEfNoVhFcAXjM3hjbFaQZH4nM7ehjRUSaZ
+Xz0ME5c4YbVMJVjQoqAyYw++6fZT9fKbMF71f4Vo5lEVtSt6JePyuz+4nY8zEnPLF45tqFI/a2k
Bwo3PukhQzCfnsOUxS+L5Wgiiy+PmU+ny8ItqBA7Oyq1jzipBdA53Z4AZiHYKss3p0MtcjmdDMZ3
+V6M8fm+TVF5fZPrat/Gd5fjeeELxE0d5O6gP5+eo27vkcBHs7ILXi8elhe2C2UMo/BRLO/jARoY
hT4aoS3AeJmQuP8vuTSkTFtqvE//60NBbX74n5Jmy8BcbaSggzo0TbWvTIu5lKlTOXmqV3nCrE1k
EKrYlHGlkk1TFLUtTwr6NkWgDs1KWql6c3gS4iRRnoT6h1PyUpKCZM18uIq5bpYSpkpaZPBYUkVl
+prDWxloKqIk5Z3Ssg/4P9XjufKAQudF+mMqPeNVqts5a9TuJcBMzaewdyn6Epak8Tm30iwT5c8h
pP5l1JH+lcOCSeAoMgoZRbIO1Z3pmH3I2JGhKAizMBUZKFM1h9WPZD4EUBiQDJFZkv1OmBmV4pdl
GLQvb+h73FJIqeYTIQRkbDLCH+GWGaBKdZfYIhmQpxb1ebnK4RaqujpKjRWHt6tRwhSlbN9huTKh
oC0Et1ecSaZ9a5NZHXdTZK06nI9nSy2rjeNYrJg34VHDaMv54G5xO1iOLo/iL6fD+wloBS0Tsowo
pka15Xgy0q5upwOBaLb73U632zrv1Pu97nl5giI0Q+EddJxKq4XKR7qC+l+NirISsUnE9Jp8HYbN
yiclx9NITcPo7uGNbgJHvstHoCR/0EFI0lZ7Bwnija4Bwav9AiK/1SlIwQVllMZXugOEeLcvIFId
cgQIctALIESZC0CE/y/2Py3MnzX+nNExy19A/WmzX+CXt/kFYpnBTyBHrX0CLJh6Hv3vsfOc1yEj
zxHHLDyhqs07J5fZdolSbtgJ8D6rLpIUTDqPfTefA8Y8pe9b8pR02IwTrMqGE/GwAS+F/AnrTePO
W9tgbsjyf4UBgnh8Vw09K3rRA/ZF3Xmxin+UJGCmjXvvVnjMyI5w5/ipF+BuEdvaKRCBS3IB/eUG
bIgw+TMOUlZ4OMRHecPrFHAzekK/DrzYV3AvulgxxgBR0zxxflPE4Wd8VlWQ5REoUWXvA7Jypmw2
ng/F2ugRlvwFj4CtGG6rtmLnRAGk+m28vMHL1Ad3v6jfBnNwJZa/fFHF3+JR2TPjfOg4ObCFqgl0
N9rBRyqTEegjwA8uxrfj5S8qVMrVeHmHWyyvpnN1oM4G8+V4eH87mKuz+/lsuhjVFWVsUc2atkk3
4IhTUKqu4sUBct05vO5wyz9e8gUQd6fQDbS0qqGvsIAZECTjRPUdhncfGp4b6UaUsPgv/CMzLovq
yv8C


```
