```
# PocketMine-MP Error Dump Wed Dec 11 18:12:16 KRAT 2013
Error: array (
  'type' => 1,
  'message' => 'Call to a member function getText() on a non-object',
  'file' => 'C:\\PocketMineCNR\\src\\API\\PluginAPI.php(87) : eval()\'d code',
  'line' => 1,
)

Code: 
[1] 
[2] 
[3] 
[4] 
[5] 
[6] 
[7] 
[8] 
[9] 
[10] 
[11] 


PM Version: Alpha_1.3.10 #618 [Protocol 12]
Commit: ba3ecc66fbe26d669031b30a0aa60cd7bc331203
uname -a: Windows NT 15INCH-PC 6.1 build 7601 (Windows 7 Business Edition Service Pack 1) i586
PHP Version: 5.5.6
Zend version: 2.5.0
OS : WINNT, win
Debug Info: array (
  'tps' => 20.4801,
  'memory_usage' => '23.34MB',
  'memory_peak_usage' => '27.72MB',
  'entities' => 139,
  'players' => 2,
  'events' => 24,
  'handlers' => 21,
  'actions' => 90,
  'garbage' => 0,
)


Parameters: array (
  'input' => 
  array (
  ),
  'commands' => 
  array (
    'enable-ansi' => true,
  ),
  'flags' => 
  array (
  ),
)


server.properties: array (
  'server-name' => 'Minecraft: PE Server',
  'description' => 'Server made using PocketMine-MP',
  'motd' => 'Hello @player please read the instructions on',
  'server-ip' => '',
  'server-port' => 19135,
  'server-type' => 'normal',
  'memory-limit' => '128M',
  'last-update' => 1386753444,
  'white-list' => true,
  'spawn-protection' => '16',
  'view-distance' => '10',
  'max-players' => 20,
  'allow-flight' => false,
  'spawn-animals' => false,
  'spawn-mobs' => false,
  'gamemode' => 1,
  'hardcore' => false,
  'pvp' => false,
  'difficulty' => 1,
  'generator-settings' => '',
  'level-name' => 'Buffer world',
  'level-seed' => '',
  'level-type' => 'DEFAULT',
  'enable-query' => true,
  'enable-rcon' => false,
  'rcon.password' => '******',
  'send-usage' => true,
  'auto-save' => true,
)


Loaded plugins:
CNR_Mapping_Plugin 0.2.0 by PEMapModder
PermissionPlus 1.0.9 by Omattyao
PMFdecoder 1.0 by wies
Redstone Plus 1.0 by TEmeraldPE
SimpleAuth 0.3.4 by shoghicp
SimpleWorlds 0.3 by PocketMine Team
WorldEditor 0.8 by shoghicp


Loaded Modules: array (
  0 => 'Core',
  1 => 'bcmath',
  2 => 'calendar',
  3 => 'ctype',
  4 => 'date',
  5 => 'ereg',
  6 => 'filter',
  7 => 'ftp',
  8 => 'hash',
  9 => 'iconv',
  10 => 'json',
  11 => 'mcrypt',
  12 => 'SPL',
  13 => 'odbc',
  14 => 'pcre',
  15 => 'Reflection',
  16 => 'session',
  17 => 'standard',
  18 => 'mysqlnd',
  19 => 'tokenizer',
  20 => 'zip',
  21 => 'zlib',
  22 => 'libxml',
  23 => 'dom',
  24 => 'PDO',
  25 => 'Phar',
  26 => 'SimpleXML',
  27 => 'wddx',
  28 => 'xml',
  29 => 'xmlreader',
  30 => 'xmlwriter',
  31 => 'curl',
  32 => 'sqlite3',
  33 => 'sockets',
  34 => 'shmop',
  35 => 'pthreads',
  36 => 'com_dotnet',
  37 => 'mhash',
  38 => 'xdebug',
)
Memory Usage Tracking: 
Vc9BCgNBCATADy1i68yo5JZ7/v+dsEuI7bFAW9sguT7vCxe8XrYEeyhYhiEfk+envOVgWbLivmDP
Ho7UaoXAWWatlF2s8qEcoskSXazns1bvGUQ700wi+c+z+YKdnnQBeDIoRUXPSEnup8byGorRYTTC
aDQKafJj//wv


phpinfo(): 
1V1tc9s4kv7OX8HKzV4luxatd9vJZutkWXZ0Y1laSU4ys75iUSQocUyRHL7YVn79dTdAEqRIyZ7Z
LztToUD0g/dGdwNo0MEmcDzbf/9BmX2ZqV9ZGDm+p37+h9rTelpfURa7KGZbjPjmeJb/HKl3S7XV
G98NvzRmQ7WvtdRV4riWetZvttT3KehMvUwix2NRpI4sJ8Y8Fyx8ckymzgzzUW19UJ3eeV+5pLRX
RsywiDv/SW211Xaz1VFbrY/ti4+9tjL0t4HjshABk8XXYQuK+epEieGqw7/9DcHtD8ogNDdOzMw4
CSmnF8h76Hu2s8YIyGJreBYSzMgMnSBWTz3f9de+aqYg7bdIVd81GswzVi5rRJ4RRBs/blDr3iHF
ciIiwU/gvJOwFlsl60YA7aLYZyfe+Enc2EbR724hJrD8qlin88xWWRShfNP5PPz4EGyCRmQ9Pvih
YbrswfGi2PBi03WYF7eaD0A6iTZGyKw8NaQ8/xNJG63W+mjyVjm56Ah/9RsMQQMbZTnhZ007hZhT
GWH624blxx6LP5dL35rhLoDo2Igds9DhPKpheIa7+8Gkjlr77xRkK2COwWyMw5uO9C3wnjr2Yhba
hsmUr04YI8NcOSFU0A936iIJAj+MMQ2vmpXxi0Hseg08p76HbtAcz/kAXBtvqICPD4LHlVvfsJil
ViTjuJlvPrJ4AjUZ3s0fVo6HnfogclQWpuGp8caJVOgq1fZD1bD4TIF6IkK1IasI83rv+R4DHq+k
B0YYMUuC4TwWvYFzo9VqdShu9BIzL53dRIH/lV8Z9FaRVEfjcxUQkHsGOlkuTnBOloooYMvQK5wv
OcTzleUmZIalLgybxTt5TKgKC2eNjf4CA+s63hrpgjUEYMK2OKYT4JA1FxSF9JPEjZ3VDmSMNOpZ
DuPZU7+KHa6WwPrVSZQ5WzsgF4F/VWz3Iobqb2msYHhPaGRO1LXrr05Uy4iNE3UTxxiPjx8OPGAe
BCFIR+2H6wAogLkgZ8ozVBfEQSpUxIuwElRCbEL6xAoq8MB88E4okGswLWLNwYD21xOVTy8KWSwL
R3EIPaqFftzqZG+xD21mofTu+s/SO/4Eemyso5OsnL9SMEq2zII2M3OTeI/QVmid9lcFxhf4PAj9
dQi13BqPwLdJxFTfhhnAVD7IJJdxeG8Nb53AQKojbw2T56PgQ3pRn9qgl5onMOuCXeisN7H63vyg
ti4uzhukNgi7hPJJvjssUlT4D8WF+p3kNObQ1jrlHNrNZptyOFFXO/WKhQ5oqTmLN9D1iqKo+r/n
P8iqIC8UZWVuQbQoyuVwgiIm2mdEhUst54kEy61vwlz4argJvU4MZAH+LvLSIkAQsUkPRcF3zwIW
U4YiVFkOMKXOhTMAp5MqzFUpPpsS2h0w6p+qPJSuGS5wmm5BUKo+ERKQ2oLfddOIWISCJs22RY99
YLwLGHDgobyAeVd+xEoQ07eYHiAPknxSn9Iap2FCiex1W8j8SiCMdwjPauvq1Z3DOyYJXd32A0ZZ
TMVTojme6SYWpZ7atvgB+rOxi/TADxIXDC09NJ7hJYp1FE1lbLjWIwY6xYA+Ai0TJDSa/02PEhXU
fIkccalQzhP6WzdAonjW4a4iIEpNw43035y42Eokgsw8ns0qBO1sGkEtwGK2ASpBNzeoO6mYJLYb
5xi4X143zjPE1tkyHGWSu+wlPt3EW7fwoogZoJuuEUVcX1cXKnB24pk48w8iA9fY6SwMfS7MF8ur
6f1ShEbzeQYBywgMm0CCZv1l+aYe+n5cX4xvhszWoSHHIAez4RNdt9xC6SI2YzMd9bvQ3TkIa51y
Btct9cUQFkT6EUTKIa/KDrAgrgSu0z7rXXADqNe6UNiLE+u+p8fAAj5nc4mn2Qs0Ddq3CYotSg0g
HY06FIO8d+FHQZ7Vk8AFq7E8QzaghlxURSB4tluwsJHwd9uHQBTvXPb5nQnaLPyo/tf19Xmz2Xz3
DxH4+ymC/vFGuFSeYPTaDCBR8/ISMuCBY+VVw6Xy0vlTm5pqywOvKWwfLhX2yHbPfmgdyODsTGSA
gePlVcGl8nKeq0x/dSXqywPHiquGK9iD8nzPuQisZFA1yNQMxLxVJRTKkMhPQpNV5wMGGkzOldDn
Mn0buI4Js8N2k2hTzJ8rIFCdfLWkfdIegPc/lVdDpxJRgUld3aCcoG+NF93leq/VbHfTX2VrOK4G
Cyf9Rd+AhOHGf1YdosLSymQo5kJDR9UFEl3YyJWSgdIckjNYFfbCzASlOIkHyXhAYnmit5v8SURS
qbrHIhQ70KQnRvOh3+VPCZPm3Gjxp0R6MngDWsAX6a+ypUWQ7jpbrjlb7fMJFdzrTxQ0GvQV2E1C
LlW2jCt0fZXYNks5WbRLkDa4BGP1OZC8x3pGzg+i8CqcTxSQy6aTWj8tPoBdBbSCi7wCJp25YVmq
Vv9n8VNGxLHL29YUP0pmyYFxYuLjqcACXMTr0DkuMx6jKtoP1Bd8bVDkv5D9nsBA6SBDeJtvZvyp
gPVpIaPodshN1creyFDpdKhBhY7hQsv1Yh+d8acSbbCSNIBgXJWquJgsqU4u2o4b6P3CixJt40BP
TfJ2jz+V6HdXi2CprW/9PWMxAksxZttAP8QoMJXMx+o5m3h5e6AW7gqRaPPUZsZnip7OnJQH2px5
Jyk9PlInEldHAY7naAVO6vAZBD85AKvhGXz2aRhL2y3yiwIz0EELJ8qZY3QzGy6ygPLMd4k0GL5n
3YQRfDZCL7WA8v562bphYPK+1L1ku+KZiWknU8s9jWwL+hs3PfXEc8x0LFPuJrqww9bmPmmb7YpU
5Mt3SXXmQbaH7CjFRPNY/KgF2zZfVsLSBJ7389uqBSLFjz2Q0lu+gwa0M63T1JrKgK+/Oso1aKsk
hLX8INp55ubqjvr5F4gYggkPC+onvnssdpZ4+GaxaNyxtR87YncZ8eOruyyI+z4i/BiuuiLZLYgQ
lq4vkAYrvB9p+G55O5HD3y5FqsXsbnQzTUmLxW0e5FtxGF7eLhqL+UwkmYV+7IOyj/g62ozTfSNb
bBVFJ+raDza48cK3j/AJkc7WCPgTXlwLX2Bt1+FPiArjCKIi3CaKKC+UAvwJ1Ji5sMCHXyApX4TE
cDrn/UZgNoBpO22qvrRWnYLogajTltbUWkz59RZW1BK5pbW1M+ylxeKLHA8xUbRpQ7Ku1lYUWAUw
/jwlzVbBCu+mbuR779Ql0H/4HsNzAQOVlpwt7tFo58o+BpuBG76e4QIfcLM2TlG4Exk5xunPoRF5
/g705+MbVt9Y69RU1mEN7cRild1paWf9/pkULGF9b52De1q70+lIQQ6OEi90YDEBE8/heuKiqfXO
OwKbvWRoWLO+Eiy3/345FD8wDP4Wmj+dnH6f3Ba2d0QU7h8X+rzZabXaFzjKIJIKJO1CaylflpCo
Yg/1O22bVxJ8Gqwq2gLE89aoosyZa7zc3VSRYEXH1rQxy15U4NDQCGkj+TJBi8VCbqSoDG/TXqmi
jGmPA8bZsbj8weMDvpEqBF9e+lOmnX8aWx/B/DDYyrQ7/b593myZjBms3zo3mG11O+cdm9ntLjtr
tlbqT2/gNV4veWEGA47KOjSei28lKJjjYu+lWlLjfFeuwVyo2qXbGNGGP6vIXyAeO4PvwVIZW6sN
/7rwr6dGG6OFjzYY5vjT6+NP55zeeq22CrqEbS0wSNNQvylCiOWhDph0zxsndAPfd2HirlkICU46
IthvZsGLdhYEQDcHdHMAFO0xO0zEDxazRllnoPnaaatmaKbPlWp7Ty14wx+ww3/zDSNWNwZ0G68A
D1IFeJAqQEFocRbs9TMAVStL1s2TdfNk3TxZN0/Wy5P18mS9PFkvT9ZTFYW298VP1chxAq7YGO4r
ZBr2HcwHor0TkHR+PMmCHSz01zMuP2ngCxTZbhgvpo3z894FX8fkb1kCLrPfkkasRl6VQvktwm12
fFZ1EMU/FbUZJOKCjn5RHkoJDeqMlCAOp619kSgA4pCwIEwvmhk5yk+OsrnIT2rS36pKc4rO538V
oFCbHqjLQeCAzSFkOZ7GnSlCiELlTAetDH5sBCPawIlKsyV0fvMsg7kUEz/7tgPygSA4oVz/0bk4
k0AXbRVlUxi4SaQ+G49MXbn+MybCc19YBKkWCI8MT3IC0Ljf9RIzI0NDM5w1aIDQbKt41AQtgnRG
aNp+EqpSxXH9wqu9MlXTXqlmHKrMXKkevng+PPAf72T1DbwsDssMd+2HoGa30cGVhUBTbQ4ClS2X
s5MvA7CVpHEbiXHjhJL2HW1p395K1R5ks4MlnGdlgZqhT6k9NNxaDYs9qQ06+W32mh0IkhLrNi86
nX6nCX1s93otyzZM4wx0/bkBKsywzq1mx+q3QdL/RJ4YeGgpso/ScVBMP2SqMHrzWNoMReYXFM+P
JWp6Us93G9R02QfV6YOmNfYInfZZ/5xTpC3ZTqvX6ePux9B3XRxbkAbkLhDFjhllq4ScyHdJShiw
xvGwN13onBrp2T5wMmi8SOrME9oo0HEFzE6MJN7oHKMTXfcMZC9Y8EcRbj1WIEyXGWEGUHCss2Nz
KkjNh7VYS1XB1VqkR2KDuCnegacZFGrxOHRDYbGMSmNKOLH80H2Qfrh3BkvfOoro7HKBuv+o88wr
qcy3D5Hx6EVs2h2F2Q5zLX3LYuMoNITl9gEMng8YtAUaBdDh7BDW3BjeWmyEyjC5i3Uz9y3a72ro
oRoCdE4NReqXQ4i8Sw6hoDdqyOWOqIFJfcARgEdjEzP/PQEbmQvgpuL5nl5PA+ay2AtmI3pqRQxX
jIvwHLOQkMsA3KhmsYhKvIrIINKrYyvRtG8NMR7uObgVhCAq5iL6ClIwmBJi9zebSBLd92irWSbj
YaRus9jEjHG7ELJGjyVR+hFQEEmArCmE4L5Y+9lUogr5FAoqZJMlfh06790jeGl8jiPfkquZhJEf
SjgDUppxNrhVlEJfRI9OEFTBU0KKNv1gh+eBz2AQMD0yMkFaJAQsxK2snEjSQbRej31fj6AcN6V6
Hm7fRYlpoqtkIdI2HFd4M2aRDk2yfMbANOUEwYqVGXKLVc+zKMYHaDCA7UOyrARhL+Kox3RTJ4n8
+EeKs5woLVpGgs5zLFhx6aAJ0p6Q6FnudsiYEB6lMvYoWZoo3lZXq0wAja8z7HPfhEokqVaUo41t
Kd6shps1cDykqMKn8XsJqFlmVWQZWl3xmnpXV7um1jWVrqtzVZUra8zA3PasJCiDa6IBXoMuxZJZ
oqPjRSYMvCSdSRXElVOfEEzBnXMgYzpzqaVCSn4EWUc9UKf1IbLFTCeTQhV02/WNA6n9ZOWyerLY
Bq8k7sAoPdBb28PZHgQgEQzZbVDf29m5eXWnuf6qlsi8ZFufMavvrTXzwXjim4SVAD/esEKfrBzP
CHe1zFcil9ivRK1gwBJijwVL9D0m3KcfrN36MKCCFUuIPWYs57DHjmVAiSFL5DJL7vXg9ljmRyCV
jFkehT3WLHdkiTlL5DJ7lrNnh3qwikVLEIlJHc/JViOZDSoL0AIArYsiGb0/f08c6Y0SWCuZzNLa
4CtfgrhOJKUxQ/QsKaSyQj8oRISo6rjnCI+INkls+c+eFFNY+fI46AA0anS8ryIVKBtAMuzRyc2s
bX6+L0DZqOJbzigc6ho7mkFghMtNKy+FMBLGA91UrCRlI8qPu8QV4lL7KFtL854QzguRazwxuflg
w4hVRSlWjGwpFl0N6LQpc+qUiJIxlMXBALB4LxP0M0i3iCUCcZvcQaDzveolOFgP3OFPNqhrQalx
rfjWylSU6dXlsOpwZ8A37WaZpYr3Ox5FWkGUYigbNz8D+kanmq/f/cPKCFfk3DguHKATAiag+XgQ
kTma0ioldSRd0HUWNV+6FCKKKfm0qfbWkXHB8+twKfMeRQJfp94hIYuT0FONSHWi8nshjRu6Ej0J
1Nin/TyVxv8AiedCPl7pKN575MjEFzrZSw4sdnsNGhZE5Hs9nI/U98A9Lu3XQ2ejYpqzdeKCihm9
pJua0Ycq5qPU6YmitLt6rnXoqlq70Wo1Os038BfWSkPHGO5Hk3tscUdGKcihkG1CxZaheQgaeTWl
R9VxAEZbofMkNvlVAOKFE3p+pBssdH/uqfJUHkHq6PtSPiVpa02tzSm4gVk8NNJayuLrHYx1+bi0
s+pY/W77nHXaXcNoNrut/kXXMNnFxUW7320ZTbt7zqxz9SfKuUHuanQ1Bvf+sXqFc5Llcciv49kx
yPqHE2S3cURtU9oKaO0yMb3xoL6nO3GgYwJmuqerH+0PivCUqLogkcPRcxy9uaLI/aDwMVB5JaGA
AIyeUxgQXQzIieqHaKoBL5m4uRTEdD0FlMVOXWwM23nUeA42WKM7FSWr8wOyAtANKBfc6r5kBl6Q
wz3KCfRAEqmXPgvXLISU6P2Mi328iAOZlM4J927IdBrwuED/DPVn3IH54TLtDWwP9RTOV6nNUO1E
iDj0F/c9d1cQqoICVkrIdDqslqlKENM1skiRD0GaWrfXCE10DbBdvrkhh2uOTohhVy37rHvetdvd
jmm0VgZb9bu9fnPV7axaF+0zdtY+u7DM8yae70ecQxRlIVil0n0hu7CF+0eq8KYkfuSX+Ug8F3Cp
M11YQAebQM9I+EYx3DZUny3r5S2HXaLqdC+G3ygo+wQKAB879hI43CppnTfFTwnC5a9QNBQlBXOs
7z86YCb5W4MfPdS4RxbQ6AOV8UVFFTnKdWxW8swtIVKXTPJEPi1TI5S4rKYMYPwQ9/wOXkIpg13m
rXmJpfqsTd1yQFJyU6Dg0StBQOXJbWp1u830V4aB7bsyVo7r8FuU4l5UCsAZg+vSCLUn3X4xTDFM
5BraKyJTb76KSqfekSCpFqPFYnxVeMlgYOgDF2NRYCkd7SqcE7KHcXb/lQJF2BGPWoHMPFGlXMWV
DfjJcMLDlO4n4p1MPKLzkuLNjjqsmNuvwsKq53cakb/wZy1w63h6Bi6OYRkqjYROvT+90+9nt9PB
lT6bT2/mEHWEXJs1aD3beSGfoyJFr4rLs4lwnxCnUVTdK0DHGXwUhGtvWDBVOSlLqBgvx+qRY8kX
HqPN1g/ET6W/04JU3ffJbRpEt7aoSmSXjBi2Mrr91UXzotXs9MFc6XSa3b7VubBYz4LHWWdlts9b
/TboBOHHVlV8RJchQFHxG75RpUfbYnZLj6ocsqvtEb/1Dqt4JJyoU1gbhmP4h1f0TsDIJdPxieVR
C8YeESvFBO50xQ+c6GWR0D1+ZZhfaRvQJa08ySAMjV3pdUqpTtRLw7oWomMIBs/oBc0WeCHKhMUb
3yrFD0EvwII8z28oPMe5H14en93fl6JIfUiZjbZBLNHxQn5EH7EoxBWyvXH9Vf429mzc+WByzBP6
Bw7CdYLWkVRYismxtyToJcgtKkOJ7q8dUyLT5fRAHo47f87QezyPgUGd2pcwyFYkpaTYOe5JyJEw
iDasXKWomRFCpSWeKCXJeKQ0qFn83vBIlOpxygAVA5bRahPtd2pGIv/OivhlyJgcXUTB7ADFKTUZ
mPwKtyd3uGvArFswtygSmQV90bOXlKfp9YVZ1EX0+oWh4zUEJo6Xh42XLMyTLqAGxppRzCx00J1o
98+EJTwmDy1i6EYKLdk2kIu+96y9Ib33wAqj00wy4TKKgnc7gHU7IDj+eYuBKuGRkkCyJmDCPMnG
8hm6CQmE7Efb0c7g/9ZbzEpeE23vTmS1axR+X8QyQrwxvgOl5phZ6Ysa8YeLooW4YpOB8EMa6Udo
/tA1dBR5YawZZulyuYhfYWG5phGx6U2X+qvNHAcrFxbr7MmoyEO6H5IWiQa5uOHhOh6Y3h66O0ZS
2nRfhysU+bJqR9xrUQ5eUcJb4yGjo+tQS+9uG59hHWWfgNgQIRtvzX2OQvOE3DsphKfcn23jkaGF
u/uDyfidG5gfXv1yUIn9R+bhEkhRlmmwUmHiwkdRvl1dfa8i8/h0dZavq+QcXmibOP096lnZ1jrK
+Gqk/sy4uU2fRVIkB8VAvuOR2hLK1eVNoDboWzWQ0xW7TG7wsyXphRCyNVLwR3LD7b3JhZzXnq/n
yFGtfOeI003X0emyqcRyKYk7zOnAms7aQ50X1eQhgOLiZ9GYK2Ho8qXMvCW62Bw8WE5687EKAXIM
OEnnI1VVkXSyHEAk20AbTqc/j0e1/ChDR3dfX4W7Ht+OFq9C3oyWr8LNpovXAeejf96PXoldjOZf
R/NXQmkx8Rps+kmHug4nr6laIhg9sAzxxBJrb9hTJ9PsVKicCd3GxW1lnV8xO1Zjx2KPfDofQuEW
9N4lXrzqwH9SGPIkLZOAb7PzoHINQUhgJVEOwlJqbcQ18zXHkTF+BCQx+TEQCAlnLT6cdAAsvO6F
Fn+gRx0oXZbSjs86BIWMTvvaX4LKyDSXkG39mOkouKr2oYqo9EAt1bsHgLSnw/etsrM+dBtOf0sJ
DnWdgEgbCtZqHaS/ZVT5Qm7xdm4RfOjOeRGZH8z8Ln5KgFRpXYjdJPxNIZFJzvCVjaO7qiw1JiXd
UeJYwlE7DghkAqErj8Xcve/MCAyV8Cou5Mh8ChdVCKfys8uolnyAfwuIlHkpUvuLKYfTBDShxVdY
UBjACsm1QvGFgva5+KlDp4e0+xJjDwljQTtd/N6gotC1lO/F63biTgrG3kHdo6D04bL8zgqkbu/f
VaF7xuRxTFnPM+fj3DDautxIJMC3MN3ezQA/nEBRfnUCOTL/HFx5Z93qMLN9tjJsZtidZvtitVp1
ztmZxbqdM/vCXhnWyrbPmh0wezDP4vlSS2sqsDb4USQ0tVYTm4KfHFP4JdWqu4X8Ksi3EGVoyD+U
Jn2J7ePpqVL4lhoi6CNmoF7wEob4pBmoJHxTqq7/0H1YMAz50rKK8npLjgoTXFk6h5JvbFejcsWU
fUJCRh77loP8vcEJrRQjReEB4jJFGXlPTuiTeagoX8WNeMyDV35we3sPFsViNp+i/ZN+FZF/BQ6v
7SqD2exqsBwIyj2sBaIHbkQ/DIIAIQ9zH9aC3hq/RzaZ3tGe5WCSmVN5fnyf50HY1PSCaWb3y9H8
bjAZ5fZ5YzZEymI2GhY/6PjAt4k67Qdza4FhwZTrmX431b+AqaUPv4yG9FGKu6nyZToZVX7jceNv
mWgAga7m468CSe+zwfILiR25qcrtdDi4fUVXEKMA+mZ6lxtqDw95q+7uJ5ejuT69xr3dIRho0zn1
UluZLqQvuOp3SyWtSUXrP+VxUvBhkXbOtxXbVhN4xAy/FbjYMNd9eIKp+vBpb5BunBi7eJ8wcczQ
j3w7zpbwM+5ObaCFuPR99xGSUuXxQBq/yAAj+UkbfR990i4Hy0/acHL1Sft6ucAHxP3vAv9B4Nvi
Gh9fPmmTxVDJukcfzIdfxsvRcHk/H6Xfjc2psLa7W46vx7yrgaZeAze6O7WPMwLmVqunLmIWkDcR
fjrwhnkJ8AJuT7hSPrejryO6AiVnPh99HacmdNNuWsox5kbAZEbN/mn2040yW/DZuP9p0pyTa8ZE
zGfoyvvL2/GwwHWzZOU6piLN04qZK8z/dGYNQe36LlMWvyyWo4nM9jxmPp0uS19PhdjZUW5/wM0w
gM7pqwugTsKtsnx1OpQ+V9PJYHxXnP0YX5QJFFWUU4Up+m18dzWel1ogvvBBZhKuA7L71509Eth2
dv5h2Muvy0vHgzpGcfQg3ALw4g2sXh/MyBFg/AiR+G5g+rGRKimrc1nwr3clcfvu/yqGLQdzcZOB
DsreLNW+EC6XUiWG5eSZPOYJ8zGRQSias4xrhXOWoiyleVKQ0xkCZW9e01qRXcATE6eJiiSUP5xS
5JIMJEv0w13MZbqUMBPuooCHii6qkvMc3s5BUxElCf2MljfgP1L+F9oBioA35Y+pgjyvSp3As0at
UAHM1UMGe5OCqMiSNAXPrbLIVGlwCKkNGXVkXhawoEo4ipRJTpG0Sv0kPKZX8uxIwZQmgVAxOSgX
UYfFlqR2BFAonhyRa6D9yZsro3LLcgzqpVfMWa5hpFTziWACUlI54Y/kliuuWjGZ6jAZUKSW9UC1
qOKarb47KpUch3fqUUKFZdm+QePlTEEuC7fXPJNcajcmMw29N/JRHc7Hs6We98ZxLHbMq/AoYfTl
fHC3uB0sR1dH8VfT4f0EpIKeM1lOFFux+nI8GenXt9OBQLQ65/2zXrfd72ndTqtVnaAMzVH4zTtO
pdNJ5T198vpfzZq6ErFFxOyz/AYs05UPSiFPM1Mpo7uvrzQvOPJNtgUl+YOGRZq23qpIEa80KQhe
b08Q+bXGRAYuCaMsvtaMIMSbbQiR6pABQZCD1gMhqkwHIvyn2w1ZI/6s0cAzOmYxlFB/2lwo5Ve0
FUrEKkMhhRy1ElJgyUTg0f8e+4Dndcg44IhjlgGh6s0CTq6yCSRKtUFAgLdZAyJJyRTgsW/O54AR
kNH3LYCMdFj9E6xO9xPxsOKvhPwJrU/r3FvHZF7Ein8tAoJ4zVjF6f1shOyTuvMTFf94SsgsB30E
V3gdyonRw/3UD9GrxbF3CkTg0WFIf2ECByJK/9yEVBReYgmQ3/CzD+g0n9JvQj8JFPSZFyfbGCBq
Vibuw4o4bMZHVQVeHoHwVfYakNczy2bjB1CtjRFjzZ/xqtqKofu3nbgnCiDVb+PlF/zo++DuF/Xb
YA4myPKXT6r4m0Eqe2I8H7r2DtlC14SGF++gkcpkBPII8IPL8e14+YsKnXI9Xt6hK+j1dK4O1Nlg
vhwP728Hc3V2P59NFyNNUcY29azlWPSlHnFbSzVU/MCB3Hcu7zu8moAfIwOIt1PoS7l0+mKssII5
EDjjRA1cht9oNH0vNsw4zeJ/8I/heCzWlP8H


```
